[2015.10.02-00.18.03:743][  0]Log file open, 10/01/15 19:18:03
[2015.10.02-00.18.03:743][  0]LogInit:Display: Running engine for game: CATS
[2015.10.02-00.18.03:743][  0]LogInit:Display: RandInit(256809219) SRandInit(256809219).
[2015.10.02-00.18.03:743][  0]LogTaskGraph: Started task graph with 4 named threads and 7 total threads.
[2015.10.02-00.18.03:743][  0]LogStats: Stats thread started
[2015.10.02-00.18.03:743][  0]LogInit: Version: 4.8.3-2634408+++depot+UE4-Releases+4.8
[2015.10.02-00.18.03:743][  0]LogInit: API Version: 2579680
[2015.10.02-00.18.03:743][  0]LogInit: Compiled (64-bit): Jul 27 2015 16:24:33
[2015.10.02-00.18.03:743][  0]LogInit: Compiled with Visual C++: 18.00.21005.01
[2015.10.02-00.18.03:743][  0]LogInit: Build Configuration: Development
[2015.10.02-00.18.03:743][  0]LogInit: Branch Name: ++depot+UE4-Releases+4.8
[2015.10.02-00.18.03:743][  0]LogInit: Command line:  
[2015.10.02-00.18.03:743][  0]LogInit: Base directory: C:/Program Files/Epic Games/4.8/Engine/Binaries/Win64/
[2015.10.02-00.18.03:743][  0]LogInit: Rocket: 1
[2015.10.02-00.18.03:781][  0]LogInit: Using libcurl 7.41.0
[2015.10.02-00.18.03:781][  0]LogInit:  - built for x86_64-pc-win32
[2015.10.02-00.18.03:781][  0]LogInit:  - supports SSL with WinSSL
[2015.10.02-00.18.03:781][  0]LogInit:  - other features:
[2015.10.02-00.18.03:781][  0]LogInit:      CURL_VERSION_SSL
[2015.10.02-00.18.03:781][  0]LogInit:      CURL_VERSION_IPV6
[2015.10.02-00.18.03:781][  0]LogInit:      CURL_VERSION_ASYNCHDNS
[2015.10.02-00.18.03:781][  0]LogInit:      CURL_VERSION_LARGEFILE
[2015.10.02-00.18.03:781][  0]LogInit:      CURL_VERSION_IDN
[2015.10.02-00.18.03:781][  0]LogInit:  CurlRequestOptions (configurable via config and command line):
[2015.10.02-00.18.03:781][  0]LogInit:  - bVerifyPeer = true  - Libcurl will verify peer certificate
[2015.10.02-00.18.03:781][  0]LogInit:  - bUseHttpProxy = false  - Libcurl will NOT use HTTP proxy
[2015.10.02-00.18.03:781][  0]LogInit:  - bDontReuseConnections = false  - Libcurl will reuse connections
[2015.10.02-00.18.03:781][  0]LogInit:  - CertBundlePath = nullptr  - Libcurl will use whatever was configured at build time.
[2015.10.02-00.18.03:797][  0]LogOnline:Warning: No default platform service specified for OnlineSubsystem
[2015.10.02-00.18.03:814][  0]LogInit: Presizing for 0 objects not considered by GC, pre-allocating 0 bytes.
[2015.10.02-00.18.03:820][  0]LogInit: Object subsystem initialized
[2015.10.02-00.18.03:821][  0]LogConsoleResponse:Warning: Skipping Unknown console variable: 'TranslucentSortAxis = (X=0.000000,Y=-1.000000,Z=0.000000)'
[2015.10.02-00.18.03:821][  0]LogConsoleResponse:Warning:   Found in ini file 'C:/Users/Yamile Zahow/Documents/Unreal Projects/CATS/Saved/Config/Windows/Engine.ini', in section '[/Script/Engine.RendererSettings]'
[2015.10.02-00.18.03:821][  0]LogConsoleResponse:Warning: Skipping Unknown console variable: 'UIScaleRule = ShortestSide'
[2015.10.02-00.18.03:821][  0]LogConsoleResponse:Warning:   Found in ini file 'C:/Users/Yamile Zahow/Documents/Unreal Projects/CATS/Saved/Config/Windows/Engine.ini', in section '[/Script/Engine.RendererSettings]'
[2015.10.02-00.18.03:821][  0]LogConsoleResponse:Warning: Skipping Unknown console variable: 'UIScaleCurve = (EditorCurveData=(Keys=),ExternalCurve=None)'
[2015.10.02-00.18.03:821][  0]LogConsoleResponse:Warning:   Found in ini file 'C:/Users/Yamile Zahow/Documents/Unreal Projects/CATS/Saved/Config/Windows/Engine.ini', in section '[/Script/Engine.RendererSettings]'
[2015.10.02-00.18.03:844][  0]LogInit: Selected Device Profile: [Windows]
[2015.10.02-00.18.03:844][  0]LogInit: Applying CVar settings loaded from the selected device profile: [Windows]
[2015.10.02-00.18.03:884][  0]LogInit: Computer: ENVY-PC
[2015.10.02-00.18.03:884][  0]LogInit: User: YamileZahow
[2015.10.02-00.18.03:884][  0]LogInit: CPU Page size=4096, Cores=4
[2015.10.02-00.18.03:884][  0]LogInit: High frequency timer resolution =2.338345 MHz
[2015.10.02-00.18.03:884][  0]LogMemory: Memory total: Physical=15.8GB (16GB approx)
[2015.10.02-00.18.03:884][  0]LogMemory: Platform Memory Stats for Windows
[2015.10.02-00.18.03:884][  0]LogMemory: Process Physical Memory: 48.31 MB used, 48.31 MB peak
[2015.10.02-00.18.03:884][  0]LogMemory: Process Virtual Memory: 24.40 MB used, 24.40 MB peak
[2015.10.02-00.18.03:884][  0]LogMemory: Physical Memory: 4574.56 MB used, 16156.03 MB total
[2015.10.02-00.18.03:884][  0]LogMemory: Virtual Memory: 297.80 MB used, 134217728.00 MB total
[2015.10.02-00.18.04:044][  0]LogTextLocalizationManager: The requested culture ('es_MX') has no localization data; parent culture's ('es') localization data will be used.
[2015.10.02-00.18.04:190][  0]LogTextLocalizationManager:Warning: Loaded localization resources contain conflicting entries for (Namespace:ContentBrowser, Key:ImportAssetToolTip):
Localization Resource: (C:/Program Files/Epic Games/4.8/Engine/Content/Localization/Editor/es/Editor.locres) Source String Hash: (-630476809) Localized String: (Importar a {0}...)
Localization Resource: (C:/Program Files/Epic Games/4.8/Engine/Content/Localization/Editor/es/Editor.locres) Source String Hash: (1271782899) Localized String: (Importa un activo desde el archivo a esta carpeta.)
[2015.10.02-00.18.04:582][  0]LogD3D11RHI: Found D3D11 adapter 0: Intel(R) HD Graphics 4600 (Feature Level 11_0)
[2015.10.02-00.18.04:582][  0]LogD3D11RHI: Adapter has 128MB of dedicated video memory, 0MB of dedicated system memory, and 1792MB of shared system memory, 1 output[s]
[2015.10.02-00.18.04:594][  0]LogD3D11RHI: Found D3D11 adapter 1: NVIDIA GeForce GT 740M  (Feature Level 11_0)
[2015.10.02-00.18.04:594][  0]LogD3D11RHI: Adapter has 1972MB of dedicated video memory, 0MB of dedicated system memory, and 2048MB of shared system memory, 0 output[s]
[2015.10.02-00.18.04:595][  0]LogD3D11RHI: Found D3D11 adapter 2: Microsoft Basic Render Driver (Feature Level 11_0)
[2015.10.02-00.18.04:595][  0]LogD3D11RHI: Adapter has 0MB of dedicated video memory, 0MB of dedicated system memory, and 256MB of shared system memory, 0 output[s]
[2015.10.02-00.18.04:595][  0]LogD3D11RHI: Chosen D3D11 Adapter Id = 0
[2015.10.02-00.18.04:600][  0]LogD3D11RHI: InitD3DDevice
[2015.10.02-00.18.04:600][  0]LogD3D11RHI: !Direct3DDevice
[2015.10.02-00.18.04:600][  0]LogRHI: Texture pool is 1361 MB (70% of 1945 MB)
[2015.10.02-00.18.04:611][  0]LogD3D11RHI: Async texture creation enabled
[2015.10.02-00.18.04:621][  0]LogShaderCompilers:Display: Using Local Shader Compiler.
[2015.10.02-00.18.06:953][  0]LogTemp:Display: Loaded TP DesktopTargetPlatform
[2015.10.02-00.18.06:966][  0]LogTemp:Display: Loaded TP WindowsClientTargetPlatform
[2015.10.02-00.18.06:981][  0]LogTemp:Display: Loaded TP WindowsNoEditorTargetPlatform
[2015.10.02-00.18.06:995][  0]LogTemp:Display: Loaded TP WindowsServerTargetPlatform
[2015.10.02-00.18.07:010][  0]LogTemp:Display: Loaded TP WindowsTargetPlatform
[2015.10.02-00.18.07:025][  0]LogTemp:Display: Loaded TP AndroidTargetPlatform
[2015.10.02-00.18.07:038][  0]LogTemp:Display: Loaded TP Android_ASTCTargetPlatform
[2015.10.02-00.18.07:051][  0]LogTemp:Display: Loaded TP Android_ATCTargetPlatform
[2015.10.02-00.18.07:063][  0]LogTemp:Display: Loaded TP Android_DXTTargetPlatform
[2015.10.02-00.18.07:075][  0]LogTemp:Display: Loaded TP Android_ETC1TargetPlatform
[2015.10.02-00.18.07:088][  0]LogTemp:Display: Loaded TP Android_ETC2TargetPlatform
[2015.10.02-00.18.07:100][  0]LogTemp:Display: Loaded TP Android_PVRTCTargetPlatform
[2015.10.02-00.18.07:150][  0]LogTemp:Display: Loaded TP IOSTargetPlatform
[2015.10.02-00.18.07:161][  0]LogTemp:Display: Loaded TP LinuxNoEditorTargetPlatform
[2015.10.02-00.18.07:173][  0]LogTemp:Display: Loaded TP LinuxServerTargetPlatform
[2015.10.02-00.18.07:189][  0]LogTemp:Display: Loaded TP LinuxTargetPlatform
[2015.10.02-00.18.07:189][  0]LogTargetPlatformManager:Display: Building Assets For Windows
[2015.10.02-00.18.07:445][  0]LogDerivedDataCache:Display: Max Cache Size: 512 MB
[2015.10.02-00.18.08:056][  0]LogDerivedDataCache: Loaded boot cache 0.59s 53MB C:/Users/Yamile Zahow/AppData/Local/UnrealEngine/4.8/DerivedDataCache/Boot.ddc.
[2015.10.02-00.18.08:056][  0]LogDerivedDataCache:Display: Loaded Boot cache: C:/Users/Yamile Zahow/AppData/Local/UnrealEngine/4.8/DerivedDataCache/Boot.ddc
[2015.10.02-00.18.08:079][  0]LogDerivedDataCache: FDerivedDataBackendGraph:  Pak pak cache file ../../../../../../Users/Yamile Zahow/Documents/Unreal Projects/CATS/DerivedDataCache/DDC.ddp not found, will not use a pak cache.
[2015.10.02-00.18.08:079][  0]LogDerivedDataCache: Unable to find inner node Pak for hierarchical cache Hierarchy.
[2015.10.02-00.18.08:079][  0]LogDerivedDataCache: FDerivedDataBackendGraph:  CompressedPak pak cache file ../../../../../../Users/Yamile Zahow/Documents/Unreal Projects/CATS/DerivedDataCache/Compressed.ddp not found, will not use a pak cache.
[2015.10.02-00.18.08:079][  0]LogDerivedDataCache: Unable to find inner node CompressedPak for hierarchical cache Hierarchy.
[2015.10.02-00.18.08:357][  0]LogDerivedDataCache:Display: Pak cache opened for reading ../../../Engine/DerivedDataCache/Compressed.ddp.
[2015.10.02-00.18.08:370][  0]LogDerivedDataCache: Using Local data cache path C:/Users/Yamile Zahow/AppData/Local/UnrealEngine/Common/DerivedDataCache: Writable
[2015.10.02-00.18.20:656][  0]LogInit: Selected Device Profile: [Windows]
[2015.10.02-00.18.22:579][  0]ImportText (ComponentSweepMultiTests): Missing closing parenthesis: (RootShapeAsset="/Engine/BasicShapes/Cube.Cube",ShapeType="TriggerCapsule",HitResult=(Time=0.50,Location=(X=-100.000015,Y=0.0,Z=100.000015),ImpactPoint=(X=-50.0,Y=0.0,Z=50.0),Normal=(X=-1.0,Y=-0.0,Z=0.0),ImpactNormal=(X=0.0,Y=0.0,Z=1.0),TraceStart=(X=-200.0,Y=0.0,Z=200.0),TraceEnd=(X=0.0,Y=0.0,Z=0.0))
[2015.10.02-00.18.22:580][  0]ImportText (LineTraceSingleByChannelTests): Missing closing parenthesis: (RootShapeAsset="/Engine/BasicShapes/Cube.Cube",HitResult=(Time=0.50,Location=(X=-100.000015,Y=0.0,Z=100.000015),ImpactPoint=(X=-50.0,Y=0.0,Z=50.0),Normal=(X=-1.0,Y=-0.0,Z=0.0),ImpactNormal=(X=0.0,Y=0.0,Z=1.0),TraceStart=(X=-200.0,Y=0.0,Z=200.0),TraceEnd=(X=0.0,Y=0.0,Z=0.0))
[2015.10.02-00.18.23:101][  0]LogMeshUtilities: No automatic mesh reduction module available
[2015.10.02-00.18.23:101][  0]LogMeshUtilities: No automatic mesh merging module available
[2015.10.02-00.18.28:671][  0]LogInit: WinSock: version 1.1 (2.2), MaxSocks=32767, MaxUdp=65467
[2015.10.02-00.19.07:368][  0]LogAssetRegistry: FAssetRegistry took 0.0139 seconds to start up
[2015.10.02-00.19.07:413][  0]LogDirectoryWatcher:Warning: Failed to begin reading directory changes for ../../../Engine/Plugins/Experimental/CharacterAI/Content/. Error: 0
[2015.10.02-00.19.07:612][  0]UdpMessaging: Initializing bridge on interface 0.0.0.0:0 to multicast group 230.0.0.1:6666.
[2015.10.02-00.19.12:870][  0]SourceControl: Información El control de código fuente está desactivado
[2015.10.02-00.19.12:871][  0]SourceControl: Información El control de código fuente está desactivado
[2015.10.02-00.19.12:907][  0]SourceControl: Información El control de código fuente está desactivado
[2015.10.02-00.19.12:934][  0]SourceControl: Información El control de código fuente está desactivado
[2015.10.02-00.19.14:523][  0]LogObj: 26440 objects as part of root set at end of initial load.
[2015.10.02-00.19.14:523][  0]LogUObjectAllocator: 5438856 out of 0 bytes used by permanent object pool.
[2015.10.02-00.19.15:402][  0]LogEngine: Initializing Engine...
[2015.10.02-00.19.15:433][  0]LogHMD: Can't find Oculus library dev build: is proper Runtime installed? Version: 0.6.0.0
[2015.10.02-00.19.15:482][  0]LogHMD:Warning: SteamVR failed to initialize.  Error: 110
[2015.10.02-00.19.16:973][  0]LogAIModule: Creating AISystem for world NewWorld
[2015.10.02-00.19.17:205][  0]LogInit: XAudio2 using 'Altavoces / Auriculares (IDT High Definition Audio CODEC)' : 2 channels at 48 kHz using 16 bits per sample (channel mask 0x3)
[2015.10.02-00.19.17:248][  0]LogInit: FAudioDevice initialized.
[2015.10.02-00.19.17:335][  0]LogDerivedDataCache: Saved boot cache 0.09s 53MB C:/Users/Yamile Zahow/AppData/Local/UnrealEngine/4.8/DerivedDataCache/Boot.ddc.
[2015.10.02-00.19.17:352][  0]LogInit: Texture streaming: Disabled
[2015.10.02-00.19.17:415][  0]LogAnalytics: Creating configured Analytics provider AnalyticsET
[2015.10.02-00.19.17:416][  0]LogAnalytics: [UEEditor.Rocket.Release] APIServer = http://et2.epicgames.com/ET2/. AppVersion = 4.8.3-2634408+++depot+UE4-Releases+4.8
[2015.10.02-00.19.17:416][  0]LogAnalytics: [UEEditor.Rocket.Release] SetUserId e2611c1c498d493563b157973f97c12d|2107c7d2cf4a4dbb963812ebf68e60d0|b9ae2fe8-7857-45f6-b9e7-42309b7293b8
[2015.10.02-00.19.17:416][  0]LogAnalytics: [UEEditor.Rocket.Release] AnalyticsET::StartSession
[2015.10.02-00.19.18:320][  0]LogInit: Transaction tracking system initialized
[2015.10.02-00.19.19:093][  0]BlueprintLog: New page: Cargar el editor
[2015.10.02-00.19.23:226][  0]LogConsoleManager:Warning: Console variable 'r.VSync' wasn't set ('GameSetting' has a lower priority than 'SystemSettingsIni')
[2015.10.02-00.19.23:227][  0]LogConsoleResponse:Display: 
[2015.10.02-00.19.26:812][  0]LogCook:Display: Done creating registry. It took  0.00s.
[2015.10.02-00.19.29:118][  0]SourceControl: Información El control de código fuente está desactivado
[2015.10.02-00.19.29:209][  0]Cmd: MAP LOAD FILE="../../../../../../Users/Yamile Zahow/Documents/Unreal Projects/CATS/Content/ThirdPersonBP/Maps/ThirdPersonExampleMap.umap" TEMPLATE=0 SHOWPROGRESS=1 FEATURELEVEL=3
[2015.10.02-00.19.29:273][  0]LightingResults: New page: Diseñar la iluminación
[2015.10.02-00.19.29:634][  0]MapCheck: New page: Revisión del mapa
[2015.10.02-00.19.29:634][  0]LightingResults: New page: Diseñar la iluminación
[2015.10.02-00.19.30:107][  0]LogParticles: Destroying 0 GPU particle simulations for FXSystem 0x00000050C1F65300
[2015.10.02-00.19.34:462][  0]LogAIModule: Creating AISystem for world ThirdPersonExampleMap
[2015.10.02-00.19.35:276][  0]LogEditorServer: Finished looking for orphan Actors (0.000 secs)
[2015.10.02-00.19.36:492][  0]Cmd: MAP CHECKDEP NOCLEARLOG
[2015.10.02-00.19.36:556][  0]MapCheck: Información Map check complete: 0 Error(s), 0 Warning(s), took 63.658ms to complete.
[2015.10.02-00.19.36:556][  0]LogFileHelpers: Loading map 'ThirdPersonExampleMap' took 7.410
[2015.10.02-00.19.38:532][  0]LogCollectionManager: Loaded 0 collections in 0.007524 seconds
[2015.10.02-00.19.38:586][  0]LogContentBrowser: Native class hierarchy populated in 0.0524 seconds. Added 1807 classes and 307 folders.
[2015.10.02-00.19.39:086][  0]LogContentBrowser: Native class hierarchy updated for 'WidgetCarousel' in 0.0007 seconds. Added 0 classes and 0 folders.
[2015.10.02-00.19.39:855][  0]LogContentBrowser: Native class hierarchy updated for 'AddContentDialog' in 0.0011 seconds. Added 0 classes and 0 folders.
[2015.10.02-00.19.39:944][  0]LogContentBrowser: Native class hierarchy updated for 'SceneOutliner' in 0.0005 seconds. Added 1 classes and 2 folders.
[2015.10.02-00.19.40:688][  0]LogCrashTracker: Crashtracker disabled due to settings.
[2015.10.02-00.19.40:771][  0]LogD3D11RHI: InitD3DDevice
[2015.10.02-00.19.40:913][  0]LogUObjectGlobals:Warning: Error al encontrar el objeto 'Class Ninguno.'
[2015.10.02-00.19.41:061][  0]LogLoad: Full Startup: 99.78 seconds (BP compile: 1.62 seconds)
[2015.10.02-00.19.41:091][  0]LogWindowsTextInputMethodSystem:Display: IME system now deactivated.
[2015.10.02-00.19.41:788][  0]LogContentStreaming: Texture pool size is 0.000000MB
[2015.10.02-00.19.41:977][  0]LogContentStreaming: Texture pool size now 1000 MB
[2015.10.02-00.19.42:613][  0]LogRenderer: Reallocating scene render targets to support 768x320 (Frame:2).
[2015.10.02-00.19.44:610][  8]LogAssetRegistry: Asset discovery search completed in 37.2545 seconds
[2015.10.02-00.19.46:639][125]LogD3D11RHI: InitD3DDevice
[2015.10.02-00.19.47:390][168]LogD3D11RHI: InitD3DDevice
[2015.10.02-00.19.48:472][224]LogD3D11RHI: InitD3DDevice
[2015.10.02-00.19.51:947][408]Cmd: MAP LOAD FILE="../../../../../../Users/Yamile Zahow/Documents/Unreal Projects/CATS/Content/ca