[2015.09.18-01.13.11:368][  0]Log file open, 09/17/15 20:13:11
[2015.09.18-01.13.11:368][  0]LogInit:Display: Running engine for game: CATS
[2015.09.18-01.13.11:368][  0]LogInit:Display: RandInit(-625809123) SRandInit(-625809123).
[2015.09.18-01.13.11:368][  0]LogTaskGraph: Started task graph with 4 named threads and 7 total threads.
[2015.09.18-01.13.11:368][  0]LogStats: Stats thread started
[2015.09.18-01.13.11:368][  0]LogInit: Version: 4.8.3-2634408+++depot+UE4-Releases+4.8
[2015.09.18-01.13.11:368][  0]LogInit: API Version: 2579680
[2015.09.18-01.13.11:368][  0]LogInit: Compiled (64-bit): Jul 27 2015 16:24:33
[2015.09.18-01.13.11:368][  0]LogInit: Compiled with Visual C++: 18.00.21005.01
[2015.09.18-01.13.11:368][  0]LogInit: Build Configuration: Development
[2015.09.18-01.13.11:368][  0]LogInit: Branch Name: ++depot+UE4-Releases+4.8
[2015.09.18-01.13.11:368][  0]LogInit: Command line: 
[2015.09.18-01.13.11:368][  0]LogInit: Base directory: C:/Program Files/Epic Games/4.8/Engine/Binaries/Win64/
[2015.09.18-01.13.11:368][  0]LogInit: Rocket: 1
[2015.09.18-01.13.11:532][  0]LogInit: Using libcurl 7.41.0
[2015.09.18-01.13.11:532][  0]LogInit:  - built for x86_64-pc-win32
[2015.09.18-01.13.11:532][  0]LogInit:  - supports SSL with WinSSL
[2015.09.18-01.13.11:532][  0]LogInit:  - other features:
[2015.09.18-01.13.11:532][  0]LogInit:      CURL_VERSION_SSL
[2015.09.18-01.13.11:532][  0]LogInit:      CURL_VERSION_IPV6
[2015.09.18-01.13.11:532][  0]LogInit:      CURL_VERSION_ASYNCHDNS
[2015.09.18-01.13.11:532][  0]LogInit:      CURL_VERSION_LARGEFILE
[2015.09.18-01.13.11:532][  0]LogInit:      CURL_VERSION_IDN
[2015.09.18-01.13.11:532][  0]LogInit:  CurlRequestOptions (configurable via config and command line):
[2015.09.18-01.13.11:532][  0]LogInit:  - bVerifyPeer = true  - Libcurl will verify peer certificate
[2015.09.18-01.13.11:532][  0]LogInit:  - bUseHttpProxy = false  - Libcurl will NOT use HTTP proxy
[2015.09.18-01.13.11:532][  0]LogInit:  - bDontReuseConnections = false  - Libcurl will reuse connections
[2015.09.18-01.13.11:532][  0]LogInit:  - CertBundlePath = nullptr  - Libcurl will use whatever was configured at build time.
[2015.09.18-01.13.11:555][  0]LogOnline:Warning: No default platform service specified for OnlineSubsystem
[2015.09.18-01.13.11:573][  0]LogInit: Presizing for 0 objects not considered by GC, pre-allocating 0 bytes.
[2015.09.18-01.13.11:581][  0]LogInit: Object subsystem initialized
[2015.09.18-01.13.11:583][  0]LogConsoleResponse:Warning: Skipping Unknown console variable: 'TranslucentSortAxis = (X=0.000000,Y=-1.000000,Z=0.000000)'
[2015.09.18-01.13.11:583][  0]LogConsoleResponse:Warning:   Found in ini file 'C:/Users/Yamile Zahow/Documents/Unreal Projects/CATS/Saved/Config/Windows/Engine.ini', in section '[/Script/Engine.RendererSettings]'
[2015.09.18-01.13.11:583][  0]LogConsoleResponse:Warning: Skipping Unknown console variable: 'UIScaleRule = ShortestSide'
[2015.09.18-01.13.11:583][  0]LogConsoleResponse:Warning:   Found in ini file 'C:/Users/Yamile Zahow/Documents/Unreal Projects/CATS/Saved/Config/Windows/Engine.ini', in section '[/Script/Engine.RendererSettings]'
[2015.09.18-01.13.11:583][  0]LogConsoleResponse:Warning: Skipping Unknown console variable: 'UIScaleCurve = (EditorCurveData=(Keys=),ExternalCurve=None)'
[2015.09.18-01.13.11:583][  0]LogConsoleResponse:Warning:   Found in ini file 'C:/Users/Yamile Zahow/Documents/Unreal Projects/CATS/Saved/Config/Windows/Engine.ini', in section '[/Script/Engine.RendererSettings]'
[2015.09.18-01.13.11:583][  0]LogInit: Selected Device Profile: [Windows]
[2015.09.18-01.13.11:583][  0]LogInit: Applying CVar settings loaded from the selected device profile: [Windows]
[2015.09.18-01.13.11:656][  0]LogInit: Computer: ENVY-PC
[2015.09.18-01.13.11:656][  0]LogInit: User: YamileZahow
[2015.09.18-01.13.11:656][  0]LogInit: CPU Page size=4096, Cores=4
[2015.09.18-01.13.11:656][  0]LogInit: High frequency timer resolution =2.338347 MHz
[2015.09.18-01.13.11:657][  0]LogMemory: Memory total: Physical=15.8GB (16GB approx)
[2015.09.18-01.13.11:657][  0]LogMemory: Platform Memory Stats for Windows
[2015.09.18-01.13.11:657][  0]LogMemory: Process Physical Memory: 48.21 MB used, 48.21 MB peak
[2015.09.18-01.13.11:657][  0]LogMemory: Process Virtual Memory: 24.39 MB used, 24.39 MB peak
[2015.09.18-01.13.11:657][  0]LogMemory: Physical Memory: 2965.04 MB used, 16156.03 MB total
[2015.09.18-01.13.11:657][  0]LogMemory: Virtual Memory: 297.80 MB used, 134217728.00 MB total
[2015.09.18-01.13.11:728][  0]LogTextLocalizationManager: The requested culture ('es_MX') has no localization data; parent culture's ('es') localization data will be used.
[2015.09.18-01.13.11:887][  0]LogTextLocalizationManager:Warning: Loaded localization resources contain conflicting entries for (Namespace:ContentBrowser, Key:ImportAssetToolTip):
Localization Resource: (C:/Program Files/Epic Games/4.8/Engine/Content/Localization/Editor/es/Editor.locres) Source String Hash: (-630476809) Localized String: (Importar a {0}...)
Localization Resource: (C:/Program Files/Epic Games/4.8/Engine/Content/Localization/Editor/es/Editor.locres) Source String Hash: (1271782899) Localized String: (Importa un activo desde el archivo a esta carpeta.)
[2015.09.18-01.13.12:230][  0]LogD3D11RHI: Found D3D11 adapter 0: Intel(R) HD Graphics 4600 (Feature Level 11_0)
[2015.09.18-01.13.12:230][  0]LogD3D11RHI: Adapter has 128MB of dedicated video memory, 0MB of dedicated system memory, and 1792MB of shared system memory, 1 output[s]
[2015.09.18-01.13.12:243][  0]LogD3D11RHI: Found D3D11 adapter 1: NVIDIA GeForce GT 740M  (Feature Level 11_0)
[2015.09.18-01.13.12:243][  0]LogD3D11RHI: Adapter has 1972MB of dedicated video memory, 0MB of dedicated system memory, and 2048MB of shared system memory, 0 output[s]
[2015.09.18-01.13.12:244][  0]LogD3D11RHI: Found D3D11 adapter 2: Microsoft Basic Render Driver (Feature Level 11_0)
[2015.09.18-01.13.12:244][  0]LogD3D11RHI: Adapter has 0MB of dedicated video memory, 0MB of dedicated system memory, and 256MB of shared system memory, 0 output[s]
[2015.09.18-01.13.12:244][  0]LogD3D11RHI: Chosen D3D11 Adapter Id = 0
[2015.09.18-01.13.12:249][  0]LogD3D11RHI: InitD3DDevice
[2015.09.18-01.13.12:249][  0]LogD3D11RHI: !Direct3DDevice
[2015.09.18-01.13.12:249][  0]LogRHI: Texture pool is 1361 MB (70% of 1945 MB)
[2015.09.18-01.13.12:260][  0]LogD3D11RHI: Async texture creation enabled
[2015.09.18-01.13.12:271][  0]LogShaderCompilers:Display: Using Local Shader Compiler.
[2015.09.18-01.13.13:053][  0]LogTemp:Display: Loaded TP DesktopTargetPlatform
[2015.09.18-01.13.13:079][  0]LogTemp:Display: Loaded TP WindowsClientTargetPlatform
[2015.09.18-01.13.13:095][  0]LogTemp:Display: Loaded TP WindowsNoEditorTargetPlatform
[2015.09.18-01.13.13:109][  0]LogTemp:Display: Loaded TP WindowsServerTargetPlatform
[2015.09.18-01.13.13:125][  0]LogTemp:Display: Loaded TP WindowsTargetPlatform
[2015.09.18-01.13.13:137][  0]LogTemp:Display: Loaded TP AndroidTargetPlatform
[2015.09.18-01.13.13:149][  0]LogTemp:Display: Loaded TP Android_ASTCTargetPlatform
[2015.09.18-01.13.13:160][  0]LogTemp:Display: Loaded TP Android_ATCTargetPlatform
[2015.09.18-01.13.13:171][  0]LogTemp:Display: Loaded TP Android_DXTTargetPlatform
[2015.09.18-01.13.13:183][  0]LogTemp:Display: Loaded TP Android_ETC1TargetPlatform
[2015.09.18-01.13.13:194][  0]LogTemp:Display: Loaded TP Android_ETC2TargetPlatform
[2015.09.18-01.13.13:206][  0]LogTemp:Display: Loaded TP Android_PVRTCTargetPlatform
[2015.09.18-01.13.13:250][  0]LogTemp:Display: Loaded TP IOSTargetPlatform
[2015.09.18-01.13.13:261][  0]LogTemp:Display: Loaded TP LinuxNoEditorTargetPlatform
[2015.09.18-01.13.13:273][  0]LogTemp:Display: Loaded TP LinuxServerTargetPlatform
[2015.09.18-01.13.13:286][  0]LogTemp:Display: Loaded TP LinuxTargetPlatform
[2015.09.18-01.13.13:286][  0]LogTargetPlatformManager:Display: Building Assets For Windows
[2015.09.18-01.13.13:474][  0]LogDerivedDataCache:Display: Max Cache Size: 512 MB
[2015.09.18-01.13.13:521][  0]LogDerivedDataCache: Loaded boot cache 0.05s 53MB C:/Users/Yamile Zahow/AppData/Local/UnrealEngine/4.8/DerivedDataCache/Boot.ddc.
[2015.09.18-01.13.13:521][  0]LogDerivedDataCache:Display: Loaded Boot cache: C:/Users/Yamile Zahow/AppData/Local/UnrealEngine/4.8/DerivedDataCache/Boot.ddc
[2015.09.18-01.13.13:521][  0]LogDerivedDataCache: FDerivedDataBackendGraph:  Pak pak cache file ../../../../../../Users/Yamile Zahow/Documents/Unreal Projects/CATS/DerivedDataCache/DDC.ddp not found, will not use a pak cache.
[2015.09.18-01.13.13:521][  0]LogDerivedDataCache: Unable to find inner node Pak for hierarchical cache Hierarchy.
[2015.09.18-01.13.13:521][  0]LogDerivedDataCache: FDerivedDataBackendGraph:  CompressedPak pak cache file ../../../../../../Users/Yamile Zahow/Documents/Unreal Projects/CATS/DerivedDataCache/Compressed.ddp not found, will not use a pak cache.
[2015.09.18-01.13.13:521][  0]LogDerivedDataCache: Unable to find inner node CompressedPak for hierarchical cache Hierarchy.
[2015.09.18-01.13.13:662][  0]LogDerivedDataCache:Display: Pak cache opened for reading ../../../Engine/DerivedDataCache/Compressed.ddp.
[2015.09.18-01.13.13:673][  0]LogDerivedDataCache: Using Local data cache path C:/Users/Yamile Zahow/AppData/Local/UnrealEngine/Common/DerivedDataCache: Writable
[2015.09.18-01.13.13:856][  0]LogInit: Selected Device Profile: [Windows]
[2015.09.18-01.13.13:936][  0]ImportText (ComponentSweepMultiTests): Missing closing parenthesis: (RootShapeAsset="/Engine/BasicShapes/Cube.Cube",ShapeType="TriggerCapsule",HitResult=(Time=0.50,Location=(X=-100.000015,Y=0.0,Z=100.000015),ImpactPoint=(X=-50.0,Y=0.0,Z=50.0),Normal=(X=-1.0,Y=-0.0,Z=0.0),ImpactNormal=(X=0.0,Y=0.0,Z=1.0),TraceStart=(X=-200.0,Y=0.0,Z=200.0),TraceEnd=(X=0.0,Y=0.0,Z=0.0))
[2015.09.18-01.13.13:936][  0]ImportText (LineTraceSingleByChannelTests): Missing closing parenthesis: (RootShapeAsset="/Engine/BasicShapes/Cube.Cube",HitResult=(Time=0.50,Location=(X=-100.000015,Y=0.0,Z=100.000015),ImpactPoint=(X=-50.0,Y=0.0,Z=50.0),Normal=(X=-1.0,Y=-0.0,Z=0.0),ImpactNormal=(X=0.0,Y=0.0,Z=1.0),TraceStart=(X=-200.0,Y=0.0,Z=200.0),TraceEnd=(X=0.0,Y=0.0,Z=0.0))
[2015.09.18-01.13.13:962][  0]LogMeshUtilities: No automatic mesh reduction module available
[2015.09.18-01.13.13:962][  0]LogMeshUtilities: No automatic mesh merging module available
[2015.09.18-01.13.14:343][  0]LogInit: WinSock: version 1.1 (2.2), MaxSocks=32767, MaxUdp=65467
[2015.09.18-01.13.15:274][  0]UdpMessaging: Initializing bridge on interface 0.0.0.0:0 to multicast group 230.0.0.1:6666.
[2015.09.18-01.13.15:659][  0]SourceControl: Información El control de código fuente está desactivado
[2015.09.18-01.13.15:660][  0]SourceControl: Información El control de código fuente está desactivado
[2015.09.18-01.13.15:669][  0]SourceControl: Información El control de código fuente está desactivado
[2015.09.18-01.13.15:677][  0]SourceControl: Información El control de código fuente está desactivado
[2015.09.18-01.13.15:870][  0]LogObj: 26273 objects as part of root set at end of initial load.
[2015.09.18-01.13.15:870][  0]LogUObjectAllocator: 5409248 out of 0 bytes used by permanent object pool.
[2015.09.18-01.13.15:936][  0]LogEngine: Initializing Engine...
[2015.09.18-01.13.15:938][  0]LogHMD: Can't find Oculus library dev build: is proper Runtime installed? Version: 0.6.0.0
[2015.09.18-01.13.15:939][  0]LogHMD:Warning: SteamVR failed to initialize.  Error: 110
[2015.09.18-01.13.16:069][  0]LogAIModule: Creating AISystem for world NewWorld
[2015.09.18-01.13.16:073][  0]LogInit: XAudio2 using 'Altavoces / Auriculares (IDT High Definition Audio CODEC)' : 2 channels at 48 kHz using 16 bits per sample (channel mask 0x3)
[2015.09.18-01.13.16:095][  0]LogInit: FAudioDevice initialized.
[2015.09.18-01.13.16:332][  0]LogDerivedDataCache: Saved boot cache 0.24s 53MB C:/Users/Yamile Zahow/AppData/Local/UnrealEngine/4.8/DerivedDataCache/Boot.ddc.
[2015.09.18-01.13.16:344][  0]LogInit: Texture streaming: Disabled
[2015.09.18-01.13.16:409][  0]LogAnalytics: Creating configured Analytics provider AnalyticsET
[2015.09.18-01.13.16:409][  0]LogAnalytics: [UEEditor.Rocket.Release] APIServer = http://et2.epicgames.com/ET2/. AppVersion = 4.8.3-2634408+++depot+UE4-Releases+4.8
[2015.09.18-01.13.16:409][  0]LogAnalytics: [UEEditor.Rocket.Release] SetUserId e2611c1c498d493563b157973f97c12d|2107c7d2cf4a4dbb963812ebf68e60d0|b9ae2fe8-7857-45f6-b9e7-42309b7293b8
[2015.09.18-01.13.16:409][  0]LogAnalytics: [UEEditor.Rocket.Release] AnalyticsET::StartSession
[2015.09.18-01.13.17:391][  0]LogInit: Transaction tracking system initialized
[2015.09.18-01.13.17:516][  0]BlueprintLog: New page: Cargar el editor
[2015.09.18-01.13.17:549][  0]LogAssetRegistry: FAssetRegistry took 0.0113 seconds to start up
[2015.09.18-01.13.17:549][  0]LogDirectoryWatcher:Warning: Failed to begin reading directory changes for ../../../Engine/Plugins/Experimental/CharacterAI/Content/. Error: 0
[2015.09.18-01.13.18:170][  0]LogConsoleManager:Warning: Console variable 'r.VSync' wasn't set ('GameSetting' has a lower priority than 'SystemSettingsIni')
[2015.09.18-01.13.18:170][  0]LogConsoleResponse:Display: 
[2015.09.18-01.13.18:358][  0]LogCook:Display: Done creating registry. It took  0.00s.
[2015.09.18-01.13.18:533][  0]SourceControl: Información El control de código fuente está desactivado
[2015.09.18-01.13.18:533][  0]Cmd: MAP LOAD FILE="../../../../../../Users/Yamile Zahow/Documents/Unreal Projects/CATS/Content/ThirdPersonBP/Maps/ThirdPersonExampleMap.umap" TEMPLATE=0 SHOWPROGRESS=1 FEATURELEVEL=3
[2015.09.18-01.13.18:586][  0]LightingResults: New page: Diseñar la iluminación
[2015.09.18-01.13.18:597][  0]MapCheck: New page: Revisión del mapa
[2015.09.18-01.13.18:597][  0]LightingResults: New page: Diseñar la iluminación
[2015.09.18-01.13.18:607][  0]LogParticles: Destroying 0 GPU particle simulations for FXSystem 0x0000009644FB2160
[2015.09.18-01.13.22:296][  0]LogAIModule: Creating AISystem for world ThirdPersonExampleMap
[2015.09.18-01.13.22:461][  0]LogEditorServer: Finished looking for orphan Actors (0.000 secs)
[2015.09.18-01.13.23:258][  0]Cmd: MAP CHECKDEP NOCLEARLOG
[2015.09.18-01.13.23:294][  0]MapCheck: Información Map check complete: 0 Error(s), 0 Warning(s), took 35.825ms to complete.
[2015.09.18-01.13.23:294][  0]LogFileHelpers: Loading map 'ThirdPersonExampleMap' took 4.762
[2015.09.18-01.13.24:036][  0]LogCollectionManager: Loaded 0 collections in 0.001732 seconds
[2015.09.18-01.13.24:045][  0]LogContentBrowser: Native class hierarchy populated in 0.0075 seconds. Added 1792 classes and 301 folders.
[2015.09.18-01.13.24:485][  0]LogContentBrowser: Native class hierarchy updated for 'WidgetCarousel' in 0.0012 seconds. Added 0 classes and 0 folders.
[2015.09.18-01.13.25:208][  0]LogContentBrowser: Native class hierarchy updated for 'AddContentDialog' in 0.0010 seconds. Added 0 classes and 0 folders.
[2015.09.18-01.13.25:273][  0]LogContentBrowser: Native class hierarchy updated for 'SceneOutliner' in 0.0007 seconds. Added 1 classes and 2 folders.
[2015.09.18-01.13.25:612][  0]LogCrashTracker: Crashtracker disabled due to settings.
[2015.09.18-01.13.25:641][  0]LogD3D11RHI: InitD3DDevice
[2015.09.18-01.13.25:680][  0]LogUObjectGlobals:Warning: Error al encontrar el objeto 'Class Ninguno.'
[2015.09.18-01.13.25:711][  0]LogLoad: Full Startup: 16.67 seconds (BP compile: 0.29 seconds)
[2015.09.18-01.13.25:720][  0]LogWindowsTextInputMethodSystem:Display: IME system now deactivated.
[2015.09.18-01.13.26:173][  0]LogContentStreaming: Texture pool size is 0.000000MB
[2015.09.18-01.13.26:284][  0]LogContentStreaming: Texture pool size now 1000 MB
[2015.09.18-01.13.26:708][  0]LogRenderer: Reallocating scene render targets to support 576x312 (Frame:2).
[2015.09.18-01.13.28:696][  6]LogAssetRegistry: Asset discovery search completed in 11.1590 seconds
[2015.09.18-01.13.30:110][118]LogD3D11RHI: InitD3DDevice
[2015.09.18-01.13.30:771][190]LogD3D11RHI: InitD3DDevice
[2015.09.18-01.13.31:467][271]LogD3D11RHI: InitD3DDevice
[2015.09.18-01.13.32:989][451]LogD3D11RHI: InitD3DDevice
[2015.09.18-01.13.36:672][857]Cmd: MAP LOAD FILE="../../../../../../Users/Yamile Zahow/Documents/Unreal Projects/CATS/Content/catsmejorado.umap" TEMPLATE=0 SHOWPROGRESS=1 FEATURELEVEL=3
[2015.09.18-01.13.36:674][857]LogD3D11RHI: InitD3DDevice
[2015.09.18-01.13.36:702][857]LightingResults: New page: Diseñar la iluminación
[2015.09.18-01.13.36:741][857]LoadErrors: New page: Cargando mapa: catsmejorado.umap
[2015.09.18-01.13.36:742][857]MapCheck: New page: Revisión del mapa
[2015.09.18-01.13.36:742][857]LightingResults: New page: Diseñar la iluminación
[2015.09.18-01.13.36:753][857]LogParticles: Destroying 0 GPU particle simulations for FXSystem 0x0000009635F5C7C0
[2015.09.18-01.13.42:406][857]LogAIModule: Creating AISystem for world catsmejorado
[2015.09.18-01.13.42:441][857]LogPhysics:Warning: AddSphylsToRigidActor: [/Game/catsmejorado.catsmejorado:PersistentLevel.playground_gatito.CollisionCylinder] SphylElems[0] invalid
[2015.09.18-01.13.42:449][857]LogEditorServer: Finished looking for orphan Actors (0.000 secs)
[2015.09.18-01.13.42:509][857]Cmd: MAP CHECKDEP NOCLEARLOG
[2015.09.18-01.13.42:567][857]MapCheck: Información Map check complete: 0 Error(s), 0 Warning(s), took 57.371ms to complete.
[2015.09.18-01.13.42:567][857]LogFileHelpers: Loading map 'catsmejorado' took 5.896
[2015.09.18-01.15.43:488][696]LogRenderer: Reallocating scene render targets to support 768x320 (Frame:3406).
[2015.09.18-01.16.40:182][470]LogEditorViewport: Clicking on Actor (LMB): StaticMeshActor (preuba_sillon)
[2015.09.18-01.17.08:654][748]LogEditorViewport: Clicking on Actor (LMB): StaticMeshActor (preuba_sillon)
[2015.09.18-01.17.08:908][774]LogEditorViewport: Clicking on Component (LMB): StaticMeshComponent (StaticMeshComponent0)
[2015.09.18-01.17.09:695][860]LogEditorViewport: Clicking on Component (context menu): StaticMeshComponent (StaticMeshComponent0)
[2015.09.18-01.17.09:728][860]LogD3D11RHI: InitD3DDevice
[2015.09.18-01.17.15:060][483]LogD3D11RHI: InitD3DDevice
[2015.09.18-01.17.20:670][150]LogD3D11RHI: InitD3DDevice
[2015.09.18-01.17.24:402][588]LogD3D11RHI: InitD3DDevice
[2015.09.18-01.17.24:661][588]LogD3D11RHI: InitD3DDevice
[2015.09.18-01.17.24:886][588]LogRenderer: Reallocating scene render targets to support 1016x616 (Frame:3445).
[2015.09.18-01.17.48:326][262]LogD3D11RHI: InitD3DDevice
[2015.09.18-01.17.57:868][152]LogD3D11RHI: InitD3DDevice
[2015.09.18-01.17.58:008][152]Cmd: OBJ SAVEPACKAGE PACKAGE="/Game/preuba_sillon" FILE="../../../../../../Users/Yamile Zahow/Documents/Unreal Projects/CATS/Content/preuba_sillon.uasset" SILENT=true
[2015.09.18-01.17.58:264][152]LogSavePackage: Save=24.753811ms
[2015.09.18-01.17.58:264][152]LogSavePackage: Moving '../../../../../../Users/Yamile Zahow/Documents/Unreal Projects/CATS/Saved/preuba_sillon4351E71A4D0467D4B3A6A28A0D16CFEC.tmp' to '../../../../../../Users/Yamile Zahow/Documents/Unreal Projects/CATS/Content/preuba_sillon.uasset'
[2015.09.18-01.18.01:122][453]LogPlayLevel: PIE:  No blueprints needed recompiling
[2015.09.18-01.18.01:274][453]PIE: New page: Sesión PIE (reproducción en el editor): catsmejorado (17/09/2015 15:18:01)
[2015.09.18-01.18.01:274][453]LogPlayLevel: Creating play world package: /Game/UEDPIE_0_catsmejorado
[2015.09.18-01.18.01:294][453]LogPlayLevel: PIE: StaticDuplicateObject took: (0.019763s)
[2015.09.18-01.18.01:309][453]LogAIModule: Creating AISystem for world catsmejorado
[2015.09.18-01.18.01:309][453]LogPlayLevel: PIE: World Init took: (0.001097s)
[2015.09.18-01.18.01:309][453]LogPlayLevel: PIE: Created PIE world by copying editor world from /Game/catsmejorado.catsmejorado to /Game/UEDPIE_0_catsmejorado.catsmejorado (0.034985s)
[2015.09.18-01.18.01:318][453]LogParticles: Destroying 0 GPU particle simulations for FXSystem 0x000000964B005B20
[2015.09.18-01.18.01:328][453]LogInit: XAudio2 using 'Altavoces / Auriculares (IDT High Definition Audio CODEC)' : 2 channels at 48 kHz using 16 bits per sample (channel mask 0x3)
[2015.09.18-01.18.01:339][453]LogInit: FAudioDevice initialized.
[2015.09.18-01.18.01:491][453]LogWorld: Game class is 'ThirdPersonGameMode_C'
[2015.09.18-01.18.01:506][453]LogWorld: Bringing World /Game/UEDPIE_0_catsmejorado.catsmejorado up for play (max tick rate 0) at 2015.09.17-20.18.01
[2015.09.18-01.18.01:506][453]LogActor:Warning: GameSession /Game/UEDPIE_0_catsmejorado.catsmejorado:PersistentLevel.GameSession_0 has natively added scene component(s), but none of them were set as the actor's RootComponent - picking one arbitrarily
[2015.09.18-01.18.01:507][453]LogActor:Warning: GameNetworkManager /Game/UEDPIE_0_catsmejorado.catsmejorado:PersistentLevel.GameNetworkManager_0 has natively added scene component(s), but none of them were set as the actor's RootComponent - picking one arbitrarily
[2015.09.18-01.18.01:533][453]LogWorld: Bringing up level for play took: 0.032546
[2015.09.18-01.18.01:580][453]PIE: Información Tiempo de inicio de la reproducción en el editor para  /Game/UEDPIE_0_catsmejorado -0.39
[2015.09.18-01.18.48:755][148]LogParticles: Destroying 0 GPU particle simulations for FXSystem 0x00000096383E59E0
[2015.09.18-01.19.03:091][343]LogEditorViewport: Clicking on Actor (LMB): InteractiveFoliageActor (playground_gatito)
[2015.09.18-01.19.05:309][593]LogD3D11RHI: InitD3DDevice
[2015.09.18-01.19.08:610][986]LogD3D11RHI: InitD3DDevice
[2015.09.18-01.19.08:649][986]LogD3D11RHI: InitD3DDevice
[2015.09.18-01.19.34:405][130]LogD3D11RHI: InitD3DDevice
[2015.09.18-01.19.35:777][257]LogD3D11RHI: InitD3DDevice
[2015.09.18-01.19.43:834][969]LogD3D11RHI: InitD3DDevice
[2015.09.18-01.20.09:580][886]LogD3D11RHI: InitD3DDevice
[2015.09.18-01.20.11:819][107]LogD3D11RHI: InitD3DDevice
[2015.09.18-01.20.27:981][966]LogD3D11RHI: InitD3DDevice
[2015.09.18-01.20.28:059][966]LogSavePackage: Save=8.524825ms
[2015.09.18-01.20.28:059][966]LogSavePackage: Moving '../../../../../../Users/Yamile Zahow/Documents/Unreal Projects/CATS/Saved/playground_gatitoFF51E9754A567558632E019C5BBCADD7.tmp' to '../../../../../../Users/Yamile Zahow/Documents/Unreal Projects/CATS/Content/StarterContent/Architecture/playground_gatito.uasset'
[2015.09.18-01.20.31:304][330]LogD3D11RHI: InitD3DDevice
[2015.09.18-01.20.32:679][493]LogD3D11RHI: InitD3DDevice
[2015.09.18-01.20.33:505][586]LogD3D11RHI: InitD3DDevice
[2015.09.18-01.20.33:843][622]LogD3D11RHI: InitD3DDevice
[2015.09.18-01.20.39:155][256]LogD3D11RHI: InitD3DDevice
[2015.09.18-01.20.40:069][363]LogD3D11RHI: InitD3DDevice
[2015.09.18-01.20.40:095][363]LogPhysics:Warning: PHYSX: ..\..\PhysXExtensions\src\ExtRigidBodyExt.cpp (217) 4 : computeMassAndInertia: Dynamic actor with illegal collision shapes
[2015.09.18-01.20.40:095][363]LogPhysics:Warning: PHYSX: ..\..\PhysXExtensions\src\ExtRigidBodyExt.cpp (266) 4 : PxRigidBodyExt::updateMassAndInertia: Mass and inertia computation failed, setting mass to 1 and inertia to (1,1,1)
[2015.09.18-01.20.40:102][363]LogPhysics:Warning: PHYSX: ..\..\PhysXExtensions\src\ExtRigidBodyExt.cpp (217) 4 : computeMassAndInertia: Dynamic actor with illegal collision shapes
[2015.09.18-01.20.40:102][363]LogPhysics:Warning: PHYSX: ..\..\PhysXExtensions\src\ExtRigidBodyExt.cpp (266) 4 : PxRigidBodyExt::updateMassAndInertia: Mass and inertia computation failed, setting mass to 1 and inertia to (1,1,1)
[2015.09.18-01.20.40:103][363]LogPhysics:Warning: PHYSX: ..\..\PhysXExtensions\src\ExtRigidBodyExt.cpp (217) 4 : computeMassAndInertia: Dynamic actor with illegal collision shapes
[2015.09.18-01.20.40:103][363]LogPhysics:Warning: PHYSX: ..\..\PhysXExtensions\src\ExtRigidBodyExt.cpp (266) 4 : PxRigidBodyExt::updateMassAndInertia: Mass and inertia computation failed, setting mass to 1 and inertia to (1,1,1)
[2015.09.18-01.20.40:107][363]LogD3D11RHI: InitD3DDevice
[2015.09.18-01.20.53:536][243]LogD3D11RHI: InitD3DDevice
[2015.09.18-01.21.01:842][988]LogPhysics:Warning: PHYSX: ..\..\PhysXExtensions\src\ExtRigidBodyExt.cpp (217) 4 : computeMassAndInertia: Dynamic actor with illegal collision shapes
[2015.09.18-01.21.01:842][988]LogPhysics:Warning: PHYSX: ..\..\PhysXExtensions\src\ExtRigidBodyExt.cpp (266) 4 : PxRigidBodyExt::updateMassAndInertia: Mass and inertia computation failed, setting mass to 1 and inertia to (1,1,1)
[2015.09.18-01.21.13:231][286]LogEditorTransaction: Undo Crear una colisión de caja
[2015.09.18-01.21.13:276][286]LogD3D11RHI: InitD3DDevice
[2015.09.18-01.21.20:517][821]LogD3D11RHI: InitD3DDevice
[2015.09.18-01.21.41:309][105]LogD3D11RHI: InitD3DDevice
[2015.09.18-01.21.56:359][378]LogD3D11RHI: InitD3DDevice
[2015.09.18-01.21.58:090][544]LogD3D11RHI: InitD3DDevice
[2015.09.18-01.21.58:107][544]LogSavePackage: Save=2.366201ms
[2015.09.18-01.21.58:107][544]LogSavePackage: Moving '../../../../../../Users/Yamile Zahow/Documents/Unreal Projects/CATS/Saved/playground_gatito93F8CC0440DCE38A57133EAB5D222B80.tmp' to '../../../../../../Users/Yamile Zahow/Documents/Unreal Projects/CATS/Content/StarterContent/Architecture/playground_gatito.uasset'
[2015.09.18-01.22.33:884][971]LogEditorViewport: Clicking on Actor (LMB): ThirdPersonCharacter_C (ThirdPersonCharacter)
[2015.09.18-01.22.43:690][  2]LogPlayLevel: PIE:  No blueprints needed recompiling
[2015.09.18-01.22.43:691][  2]PIE: New page: Sesión PIE (reproducción en el editor): catsmejorado (17/09/2015 15:22:43)
[2015.09.18-01.22.43:691][  2]LogPlayLevel: Creating play world package: /Game/UEDPIE_0_catsmejorado
[2015.09.18-01.22.43:711][  2]LogPlayLevel: PIE: StaticDuplicateObject took: (0.020230s)
[2015.09.18-01.22.43:712][  2]LogAIModule: Creating AISystem for world catsmejorado
[2015.09.18-01.22.43:713][  2]LogPlayLevel: PIE: World Init took: (0.001791s)
[2015.09.18-01.22.43:713][  2]LogPlayLevel: PIE: Created PIE world by copying editor world from /Game/catsmejorado.catsmejorado to /Game/UEDPIE_0_catsmejorado.catsmejorado (0.022228s)
[2015.09.18-01.22.43:733][  2]LogParticles: Destroying 0 GPU particle simulations for FXSystem 0x0000009638539260
[2015.09.18-01.22.43:764][  2]LogInit: XAudio2 using 'Altavoces / Auriculares (IDT High Definition Audio CODEC)' : 2 channels at 48 kHz using 16 bits per sample (channel mask 0x3)
[2015.09.18-01.22.43:775][  2]LogInit: FAudioDevice initialized.
[2015.09.18-01.22.43:806][  2]LogWorld: Game class is 'ThirdPersonGameMode_C'
[2015.09.18-01.22.43:815][  2]LogWorld: Bringing World /Game/UEDPIE_0_catsmejorado.catsmejorado up for play (max tick rate 0) at 2015.09.17-20.22.43
[2015.09.18-01.22.43:815][  2]LogActor:Warning: GameSession /Game/UEDPIE_0_catsmejorado.catsmejorado:PersistentLevel.GameSession_1 has natively added scene component(s), but none of them were set as the actor's RootComponent - picking one arbitrarily
[2015.09.18-01.22.43:816][  2]LogActor:Warning: GameNetworkManager /Game/UEDPIE_0_catsmejorado.catsmejorado:PersistentLevel.GameNetworkManager_1 has natively added scene component(s), but none of them were set as the actor's RootComponent - picking one arbitrarily
[2015.09.18-01.22.43:816][  2]LogWorld: Bringing up level for play took: 0.008356
[2015.09.18-01.22.43:818][  2]PIE: Información Tiempo de inicio de la reproducción en el editor para  /Game/UEDPIE_0_catsmejorado -0.152
[2015.09.18-01.22.59:699][890]LogParticles: Destroying 0 GPU particle simulations for FXSystem 0x0000009638625580
[2015.09.18-01.23.06:921][591]LogD3D11RHI: InitD3DDevice
[2015.09.18-01.23.08:429][763]LogD3D11RHI: InitD3DDevice
[2015.09.18-01.23.08:493][763]Cmd: OBJ SAVEPACKAGE PACKAGE="/Game/catsmejorado" FILE="../../../../../../Users/Yamile Zahow/Documents/Unreal Projects/CATS/Content/catsmejorado.umap" SILENT=true AUTOSAVING=false KEEPDIRTY=false
[2015.09.18-01.23.08:681][763]LogSavePackage: Save=166.060898ms
[2015.09.18-01.23.08:681][763]LogSavePackage: Moving '../../../../../../Users/Yamile Zahow/Documents/Unreal Projects/CATS/Saved/catsmejorado012AE88F404551AF4EE512A6FAC6D9E3.tmp' to '../../../../../../Users/Yamile Zahow/Documents/Unreal Projects/CATS/Content/catsmejorado.umap'
[2015.09.18-01.23.08:720][763]LogFileHelpers: Saving map 'catsmejorado' took 0.270
[2015.09.18-01.23.09:246][821]LogD3D11RHI: InitD3DDevice
[2015.09.18-01.23.12:136][156]LogD3D11RHI: InitD3DDevice
[2015.09.18-01.23.18:087][156]LogD3D11RHI: InitD3DDevice
[2015.09.18-01.23.19:153][156]LogD3D11RHI: InitD3DDevice
[2015.09.18-01.23.19:172][156]Cmd: OBJ SAVEPACKAGE PACKAGE="/Game/catsmejorado" FILE="../../../../../../Users/Yamile Zahow/Documents/Unreal Projects/CATS/Content/catsmejorado.umap" SILENT=true AUTOSAVING=false KEEPDIRTY=false
[2015.09.18-01.23.19:292][156]LogSavePackage: Save=98.268135ms
[2015.09.18-01.23.19:292][156]LogSavePackage: Moving '../../../../../../Users/Yamile Zahow/Documents/Unreal Projects/CATS/Saved/catsmejorado6EED7F96469D780744AA3EB47BFD781E.tmp' to '../../../../../../Users/Yamile Zahow/Documents/Unreal Projects/CATS/Content/catsmejorado.umap'
[2015.09.18-01.23.19:315][156]LogFileHelpers: Saving map 'catsmejorado' took 0.206
[2015.09.18-01.23.22:094][479]LogEditorViewport: Clicking on Actor (LMB): StaticMeshActor (mesa)
[2015.09.18-01.23.23:529][632]LogD3D11RHI: InitD3DDevice
[2015.09.18-01.23.43:311][957]LogD3D11RHI: InitD3DDevice
[2015.09.18-01.23.51:119][726]LogD3D11RHI: InitD3DDevice
[2015.09.18-01.23.53:440][  3]LogD3D11RHI: InitD3DDevice
[2015.09.18-01.23.53:480][  3]LogD3D11RHI: InitD3DDevice
[2015.09.18-01.24.01:703][658]LogD3D11RHI: InitD3DDevice
[2015.09.18-01.24.06:265][118]LogD3D11RHI: InitD3DDevice
[2015.09.18-01.24.06:321][118]Cmd: OBJ SAVEPACKAGE PACKAGE="/Game/StarterContent/Props/mesa" FILE="../../../../../../Users/Yamile Zahow/Documents/Unreal Projects/CATS/Content/StarterContent/Props/mesa.uasset" SILENT=true
[2015.09.18-01.24.06:333][118]LogSavePackage: Save=8.534234ms
[2015.09.18-01.24.06:333][118]LogSavePackage: Moving '../../../../../../Users/Yamile Zahow/Documents/Unreal Projects/CATS/Saved/mesa51EA73E341C7660872A8A78CA70C9B42.tmp' to '../../../../../../Users/Yamile Zahow/Documents/Unreal Projects/CATS/Content/StarterContent/Props/mesa.uasset'
[2015.09.18-01.24.12:409][773]LogPlayLevel: PIE:  No blueprints needed recompiling
[2015.09.18-01.24.12:409][773]PIE: New page: Sesión PIE (reproducción en el editor): catsmejorado (17/09/2015 15:24:12)
[2015.09.18-01.24.12:409][773]LogPlayLevel: Creating play world package: /Game/UEDPIE_0_catsmejorado
[2015.09.18-01.24.12:429][773]LogPlayLevel: PIE: StaticDuplicateObject took: (0.019324s)
[2015.09.18-01.24.12:430][773]LogAIModule: Creating AISystem for world catsmejorado
[2015.09.18-01.24.12:430][773]LogPlayLevel: PIE: World Init took: (0.001320s)
[2015.09.18-01.24.12:430][773]LogPlayLevel: PIE: Created PIE world by copying editor world from /Game/catsmejorado.catsmejorado to /Game/UEDPIE_0_catsmejorado.catsmejorado (0.020857s)
[2015.09.18-01.24.12:441][773]LogParticles: Destroying 0 GPU particle simulations for FXSystem 0x00000096385380E0
[2015.09.18-01.24.12:451][773]LogInit: XAudio2 using 'Altavoces / Auriculares (IDT High Definition Audio CODEC)' : 2 channels at 48 kHz using 16 bits per sample (channel mask 0x3)
[2015.09.18-01.24.12:464][773]LogInit: FAudioDevice initialized.
[2015.09.18-01.24.12:497][773]LogWorld: Game class is 'ThirdPersonGameMode_C'
[2015.09.18-01.24.12:504][773]LogWorld: Bringing World /Game/UEDPIE_0_catsmejorado.catsmejorado up for play (max tick rate 0) at 2015.09.17-20.24.12
[2015.09.18-01.24.12:505][773]LogActor:Warning: GameSession /Game/UEDPIE_0_catsmejorado.catsmejorado:PersistentLevel.GameSession_2 has natively added scene component(s), but none of them were set as the actor's RootComponent - picking one arbitrarily
[2015.09.18-01.24.12:505][773]LogActor:Warning: GameNetworkManager /Game/UEDPIE_0_catsmejorado.catsmejorado:PersistentLevel.GameNetworkManager_2 has natively added scene component(s), but none of them were set as the actor's RootComponent - picking one arbitrarily
[2015.09.18-01.24.12:506][773]LogWorld: Bringing up level for play took: 0.006861
[2015.09.18-01.24.12:507][773]PIE: Información Tiempo de inicio de la reproducción en el editor para  /Game/UEDPIE_0_catsmejorado 0.538
[2015.09.18-01.24.44:318][264]LogParticles: Destroying 0 GPU particle simulations for FXSystem 0x0000009639DFD580
[2015.09.18-01.24.57:952][557]LogD3D11RHI: InitD3DDevice
[2015.09.18-01.25.01:485][969]LogD3D11RHI: InitD3DDevice
[2015.09.18-01.25.01:510][969]Cmd: OBJ SAVEPACKAGE PACKAGE="/Game/catsmejorado" FILE="../../../../../../Users/Yamile Zahow/Documents/Unreal Projects/CATS/Content/catsmejorado.umap" SILENT=true AUTOSAVING=false KEEPDIRTY=false
[2015.09.18-01.25.01:640][969]LogSavePackage: Save=112.785225ms
[2015.09.18-01.25.01:640][969]LogSavePackage: Moving '../../../../../../Users/Yamile Zahow/Documents/Unreal Projects/CATS/Saved/catsmejoradoA01C5688441FE894CCF04D813A0546B1.tmp' to '../../../../../../Users/Yamile Zahow/Documents/Unreal Projects/CATS/Content/catsmejorado.umap'
[2015.09.18-01.25.04:145][252]LogEditorViewport: Clicking on Actor (LMB): StaticMeshActor (tele)
[2015.09.18-01.25.21:573][171]LogD3D11RHI: InitD3DDevice
[2015.09.18-01.25.23:076][350]LogD3D11RHI: InitD3DDevice
[2015.09.18-01.25.23:116][350]LogD3D11RHI: InitD3DDevice
[2015.09.18-01.26.23:479][ 69]LogD3D11RHI: InitD3DDevice
[2015.09.18-01.26.26:924][396]LogD3D11RHI: InitD3DDevice
[2015.09.18-01.26.26:973][396]Cmd: OBJ SAVEPACKAGE PACKAGE="/Game/StarterContent/Architecture/tele" FILE="../../../../../../Users/Yamile Zahow/Documents/Unreal Projects/CATS/Content/StarterContent/Architecture/tele.uasset" SILENT=true
[2015.09.18-01.26.26:986][396]LogSavePackage: Save=10.383831ms
[2015.09.18-01.26.26:986][396]LogSavePackage: Moving '../../../../../../Users/Yamile Zahow/Documents/Unreal Projects/CATS/Saved/teleC44F475A4AA39B5CD2F753BE761CBD1F.tmp' to '../../../../../../Users/Yamile Zahow/Documents/Unreal Projects/CATS/Content/StarterContent/Architecture/tele.uasset'
[2015.09.18-01.27.44:713][128]LogD3D11RHI: InitD3DDevice
[2015.09.18-01.27.44:731][128]Cmd: OBJ SAVEPACKAGE PACKAGE="/Game/StarterContent/Architecture/tele" FILE="../../../../../../Users/Yamile Zahow/Documents/Unreal Projects/CATS/Content/StarterContent/Architecture/tele.uasset" SILENT=true
[2015.09.18-01.27.44:735][128]LogSavePackage: Save=1.913317ms
[2015.09.18-01.27.44:735][128]LogSavePackage: Moving '../../../../../../Users/Yamile Zahow/Documents/Unreal Projects/CATS/Saved/teleD2AE4BB849D95C2E74E62AB401C8EF3F.tmp' to '../../../../../../Users/Yamile Zahow/Documents/Unreal Projects/CATS/Content/StarterContent/Architecture/tele.uasset'
[2015.09.18-01.27.55:339][302]LogD3D11RHI: InitD3DDevice
[2015.09.18-01.27.55:349][302]Cmd: OBJ SAVEPACKAGE PACKAGE="/Game/catsmejorado" FILE="../../../../../../Users/Yamile Zahow/Documents/Unreal Projects/CATS/Content/catsmejorado.umap" SILENT=true AUTOSAVING=false KEEPDIRTY=false
[2015.09.18-01.27.55:358][302]LogParticles: Destroying 0 GPU particle simulations for FXSystem 0x000000963B4C0AE0
[2015.09.18-01.27.55:358][302]LogParticles: Destroying 0 GPU particle simulations for FXSystem 0x000000964CC54860
[2015.09.18-01.27.55:458][302]LogSavePackage: Save=90.521210ms
[2015.09.18-01.27.55:458][302]LogSavePackage: Moving '../../../../../../Users/Yamile Zahow/Documents/Unreal Projects/CATS/Saved/catsmejorado8E9D177147FB3CED1207AB95C61C7170.tmp' to '../../../../../../Users/Yamile Zahow/Documents/Unreal Projects/CATS/Content/catsmejorado.umap'
[2015.09.18-01.27.56:444][411]LogPlayLevel: PIE:  No blueprints needed recompiling
[2015.09.18-01.27.56:444][411]PIE: New page: Sesión PIE (reproducción en el editor): catsmejorado (17/09/2015 15:27:56)
[2015.09.18-01.27.56:445][411]LogPlayLevel: Creating play world package: /Game/UEDPIE_0_catsmejorado
[2015.09.18-01.27.56:464][411]LogPlayLevel: PIE: StaticDuplicateObject took: (0.019748s)
[2015.09.18-01.27.56:465][411]LogAIModule: Creating AISystem for world catsmejorado
[2015.09.18-01.27.56:466][411]LogPlayLevel: PIE: World Init took: (0.001428s)
[2015.09.18-01.27.56:466][411]LogPlayLevel: PIE: Created PIE world by copying editor world from /Game/catsmejorado.catsmejorado to /Game/UEDPIE_0_catsmejorado.catsmejorado (0.021388s)
[2015.09.18-01.27.56:489][411]LogInit: XAudio2 using 'Altavoces / Auriculares (IDT High Definition Audio CODEC)' : 2 channels at 48 kHz using 16 bits per sample (channel mask 0x3)
[2015.09.18-01.27.56:501][411]LogInit: FAudioDevice initialized.
[2015.09.18-01.27.56:532][411]LogWorld: Game class is 'ThirdPersonGameMode_C'
[2015.09.18-01.27.56:539][411]LogWorld: Bringing World /Game/UEDPIE_0_catsmejorado.catsmejorado up for play (max tick rate 0) at 2015.09.17-20.27.56
[2015.09.18-01.27.56:539][411]LogActor:Warning: GameSession /Game/UEDPIE_0_catsmejorado.catsmejorado:PersistentLevel.GameSession_3 has natively added scene component(s), but none of them were set as the actor's RootComponent - picking one arbitrarily
[2015.09.18-01.27.56:540][411]LogActor:Warning: GameNetworkManager /Game/UEDPIE_0_catsmejorado.catsmejorado:PersistentLevel.GameNetworkManager_3 has natively added scene component(s), but none of them were set as the actor's RootComponent - picking one arbitrarily
[2015.09.18-01.27.56:541][411]LogWorld: Bringing up level for play took: 0.006977
[2015.09.18-01.27.56:542][411]PIE: Información Tiempo de inicio de la reproducción en el editor para  /Game/UEDPIE_0_catsmejorado 0.573
[2015.09.18-01.28.25:767][ 39]LogParticles: Destroying 0 GPU particle simulations for FXSystem 0x0000009638380540
[2015.09.18-01.28.33:536][803]LogEditorViewport: Clicking on Actor (LMB): StaticMeshActor (mesa)
[2015.09.18-01.28.35:526][ 27]LogD3D11RHI: InitD3DDevice
[2015.09.18-01.28.36:346][123]LogD3D11RHI: InitD3DDevice
[2015.09.18-01.28.36:368][123]LogPhysics:Warning: PHYSX: ..\..\PhysXExtensions\src\ExtRigidBodyExt.cpp (217) 4 : computeMassAndInertia: Dynamic actor with illegal collision shapes
[2015.09.18-01.28.36:368][123]LogPhysics:Warning: PHYSX: ..\..\PhysXExtensions\src\ExtRigidBodyExt.cpp (266) 4 : PxRigidBodyExt::updateMassAndInertia: Mass and inertia computation failed, setting mass to 1 and inertia to (1,1,1)
[2015.09.18-01.28.36:373][123]LogPhysics:Warning: PHYSX: ..\..\PhysXExtensions\src\ExtRigidBodyExt.cpp (217) 4 : computeMassAndInertia: Dynamic actor with illegal collision shapes
[2015.09.18-01.28.36:373][123]LogPhysics:Warning: PHYSX: ..\..\PhysXExtensions\src\ExtRigidBodyExt.cpp (266) 4 : PxRigidBodyExt::updateMassAndInertia: Mass and inertia computation failed, setting mass to 1 and inertia to (1,1,1)
[2015.09.18-01.28.36:374][123]LogPhysics:Warning: PHYSX: ..\..\PhysXExtensions\src\ExtRigidBodyExt.cpp (217) 4 : computeMassAndInertia: Dynamic actor with illegal collision shapes
[2015.09.18-01.28.36:374][123]LogPhysics:Warning: PHYSX: ..\..\PhysXExtensions\src\ExtRigidBodyExt.cpp (266) 4 : PxRigidBodyExt::updateMassAndInertia: Mass and inertia computation failed, setting mass to 1 and inertia to (1,1,1)
[2015.09.18-01.28.36:377][123]LogD3D11RHI: InitD3DDevice
[2015.09.18-01.28.46:561][  5]LogD3D11RHI: InitD3DDevice
[2015.09.18-01.29.33:090][878]LogD3D11RHI: InitD3DDevice
[2015.09.18-01.29.34:257][ 16]LogD3D11RHI: InitD3DDevice
[2015.09.18-01.29.34:273][ 16]Cmd: OBJ SAVEPACKAGE PACKAGE="/Game/catsmejorado" FILE="../../../../../../Users/Yamile Zahow/Documents/Unreal Projects/CATS/Content/catsmejorado.umap" SILENT=true AUTOSAVING=false KEEPDIRTY=false
[2015.09.18-01.29.34:296][ 16]LogParticles: Destroying 0 GPU particle simulations for FXSystem 0x00000096397EE5C0
[2015.09.18-01.29.34:365][ 16]LogSavePackage: Save=69.387909ms
[2015.09.18-01.29.34:365][ 16]LogSavePackage: Moving '../../../../../../Users/Yamile Zahow/Documents/Unreal Projects/CATS/Saved/catsmejorado3129DEB9412D51A633E408B26D2D25EB.tmp' to '../../../../../../Users/Yamile Zahow/Documents/Unreal Projects/CATS/Content/catsmejorado.umap'
[2015.09.18-01.29.35:009][ 83]LogD3D11RHI: InitD3DDevice
[2015.09.18-01.29.42:608][991]LogD3D11RHI: InitD3DDevice
[2015.09.18-01.29.47:938][991]LogD3D11RHI: InitD3DDevice
[2015.09.18-01.29.48:884][991]LogD3D11RHI: InitD3DDevice
[2015.09.18-01.29.48:910][991]Cmd: OBJ SAVEPACKAGE PACKAGE="/Game/catsmejorado" FILE="../../../../../../Users/Yamile Zahow/Documents/Unreal Projects/CATS/Content/catsmejorado.umap" SILENT=true AUTOSAVING=false KEEPDIRTY=false
[2015.09.18-01.29.49:037][991]LogSavePackage: Save=107.154755ms
[2015.09.18-01.29.49:037][991]LogSavePackage: Moving '../../../../../../Users/Yamile Zahow/Documents/Unreal Projects/CATS/Saved/catsmejorado1C59D7214505905A22C2259B80D7FB7B.tmp' to '../../../../../../Users/Yamile Zahow/Documents/Unreal Projects/CATS/Content/catsmejorado.umap'
[2015.09.18-01.29.49:068][991]LogFileHelpers: Saving map 'catsmejorado' took 0.227
[2015.09.18-01.30.11:599][437]LogEditorViewport: Clicking on Actor (LMB): StaticMeshActor (tele)
[2015.09.18-01.30.12:949][587]LogPlayLevel: PIE:  No blueprints needed recompiling
[2015.09.18-01.30.12:950][587]PIE: New page: Sesión PIE (reproducción en el editor): catsmejorado (17/09/2015 15:30:12)
[2015.09.18-01.30.12:950][587]LogPlayLevel: Creating play world package: /Game/UEDPIE_0_catsmejorado
[2015.09.18-01.30.12:970][587]LogPlayLevel: PIE: StaticDuplicateObject took: (0.020241s)
[2015.09.18-01.30.12:971][587]LogAIModule: Creating AISystem for world catsmejorado
[2015.09.18-01.30.12:972][587]LogPlayLevel: PIE: World Init took: (0.001668s)
[2015.09.18-01.30.12:972][587]LogPlayLevel: PIE: Created PIE world by copying editor world from /Game/catsmejorado.catsmejorado to /Game/UEDPIE_0_catsmejorado.catsmejorado (0.022121s)
[2015.09.18-01.30.12:992][587]LogInit: XAudio2 using 'Altavoces / Auriculares (IDT High Definition Audio CODEC)' : 2 channels at 48 kHz using 16 bits per sample (channel mask 0x3)
[2015.09.18-01.30.13:004][587]LogInit: FAudioDevice initialized.
[2015.09.18-01.30.13:039][587]LogWorld: Game class is 'ThirdPersonGameMode_C'
[2015.09.18-01.30.13:047][587]LogWorld: Bringing World /Game/UEDPIE_0_catsmejorado.catsmejorado up for play (max tick rate 0) at 2015.09.17-20.30.13
[2015.09.18-01.30.13:047][587]LogActor:Warning: GameSession /Game/UEDPIE_0_catsmejorado.catsmejorado:PersistentLevel.GameSession_4 has natively added scene component(s), but none of them were set as the actor's RootComponent - picking one arbitrarily
[2015.09.18-01.30.13:047][587]LogActor:Warning: GameNetworkManager /Game/UEDPIE_0_catsmejorado.catsmejorado:PersistentLevel.GameNetworkManager_4 has natively added scene component(s), but none of them were set as the actor's RootComponent - picking one arbitrarily
[2015.09.18-01.30.13:048][587]LogWorld: Bringing up level for play took: 0.006993
[2015.09.18-01.30.13:049][587]PIE: Información Tiempo de inicio de la reproducción en el editor para  /Game/UEDPIE_0_catsmejorado 1.08
[2015.09.18-01.42.40:097][906]LogParticles: Destroying 0 GPU particle simulations for FXSystem 0x00000096621840E0
[2015.09.18-01.43.02:247][126]LogPlayLevel: PIE:  No blueprints needed recompiling
[2015.09.18-01.43.02:247][126]PIE: New page: Sesión PIE (reproducción en el editor): catsmejorado (17/09/2015 15:43:02)
[2015.09.18-01.43.02:248][126]LogPlayLevel: Creating play world package: /Game/UEDPIE_0_catsmejorado
[2015.09.18-01.43.02:270][126]LogPlayLevel: PIE: StaticDuplicateObject took: (0.022785s)
[2015.09.18-01.43.02:271][126]LogAIModule: Creating AISystem for world catsmejorado
[2015.09.18-01.43.02:272][126]LogPlayLevel: PIE: World Init took: (0.001457s)
[2015.09.18-01.43.02:272][126]LogPlayLevel: PIE: Created PIE world by copying editor world from /Game/catsmejorado.catsmejorado to /Game/UEDPIE_0_catsmejorado.catsmejorado (0.024481s)
[2015.09.18-01.43.02:292][126]LogInit: XAudio2 using 'Altavoces / Auriculares (IDT High Definition Audio CODEC)' : 2 channels at 48 kHz using 16 bits per sample (channel mask 0x3)
[2015.09.18-01.43.02:304][126]LogInit: FAudioDevice initialized.
[2015.09.18-01.43.02:333][126]LogWorld: Game class is 'ThirdPersonGameMode_C'
[2015.09.18-01.43.02:341][126]LogWorld: Bringing World /Game/UEDPIE_0_catsmejorado.catsmejorado up for play (max tick rate 60) at 2015.09.17-20.43.02
[2015.09.18-01.43.02:341][126]LogActor:Warning: GameSession /Game/UEDPIE_0_catsmejorado.catsmejorado:PersistentLevel.GameSession_5 has natively added scene component(s), but none of them were set as the actor's RootComponent - picking one arbitrarily
[2015.09.18-01.43.02:341][126]LogActor:Warning: GameNetworkManager /Game/UEDPIE_0_catsmejorado.catsmejorado:PersistentLevel.GameNetworkManager_5 has natively added scene component(s), but none of them were set as the actor's RootComponent - picking one arbitrarily
[2015.09.18-01.43.02:342][126]LogWorld: Bringing up level for play took: 0.006911
[2015.09.18-01.43.02:343][126]PIE: Información Tiempo de inicio de la reproducción en el editor para  /Game/UEDPIE_0_catsmejorado 0.373
[2015.09.18-01.43.12:276][585]LogParticles: Destroying 0 GPU particle simulations for FXSystem 0x000000964CCA9DA0
[2015.09.18-01.43.25:206][357]LogD3D11RHI: InitD3DDevice
[2015.09.18-01.43.25:471][371]LogActorFactory: Actor Factory created Cone
[2015.09.18-01.43.26:940][437]LogActorFactory: Actor Factory created Cone
[2015.09.18-01.43.53:356][892]LogEditorViewport: Clicking on Actor (LMB): StaticMeshActor (tele2)
[2015.09.18-01.43.54:266][943]LogEditorViewport: Clicking on Actor (context menu): StaticMeshActor (tele2)
[2015.09.18-01.43.54:308][943]LogD3D11RHI: InitD3DDevice
[2015.09.18-01.43.57:099][102]LogEditorViewport: Clicking on Actor (LMB): StaticMeshActor (tele2)
[2015.09.18-01.43.58:585][190]LogEditorViewport: Clicking on Actor (context menu): StaticMeshActor (tele2)
[2015.09.18-01.43.58:590][190]LogD3D11RHI: InitD3DDevice
[2015.09.18-01.44.04:947][567]LogD3D11RHI: InitD3DDevice
[2015.09.18-01.44.04:990][569]LogD3D11RHI: InitD3DDevice
[2015.09.18-01.44.06:271][646]LogD3D11RHI: InitD3DDevice
[2015.09.18-01.44.06:890][683]LogD3D11RHI: InitD3DDevice
[2015.09.18-01.44.07:139][697]LogD3D11RHI: InitD3DDevice
[2015.09.18-01.44.07:254][704]LogD3D11RHI: InitD3DDevice
[2015.09.18-01.44.07:289][706]LogD3D11RHI: InitD3DDevice
[2015.09.18-01.44.07:322][708]LogD3D11RHI: InitD3DDevice
[2015.09.18-01.44.07:340][709]LogD3D11RHI: InitD3DDevice
[2015.09.18-01.44.08:728][793]LogEditorViewport: Clicking on Actor (LMB): BP_Sky_Sphere_C (SkySphereBlueprint)
[2015.09.18-01.44.09:254][823]LogEditorViewport: Clicking on Actor (LMB): StaticMeshActor (tele2)
[2015.09.18-01.44.11:569][959]Cmd: DELETE
[2015.09.18-01.44.11:569][959]Cmd: ACTOR DELETE
[2015.09.18-01.44.11:618][959]LogEditorActor: Deleted Actor: StaticMeshActor
[2015.09.18-01.44.11:635][959]LogEditorActor: Deleted 1 Actors (0.018 secs)
[2015.09.18-01.44.16:662][255]LogEditorViewport: Clicking on Actor (LMB): StaticMeshActor (Cone)
[2015.09.18-01.44.34:702][246]LogD3D11RHI: InitD3DDevice
[2015.09.18-01.44.38:594][479]LogD3D11RHI: InitD3DDevice
[2015.09.18-01.46.34:927][412]LogD3D11RHI: InitD3DDevice
[2015.09.18-01.46.46:924][120]LogD3D11RHI: InitD3DDevice
[2015.09.18-01.46.46:979][120]LogD3D11RHI: InitD3DDevice
[2015.09.18-01.46.48:668][221]LogD3D11RHI: InitD3DDevice
[2015.09.18-01.46.50:354][321]LogD3D11RHI: InitD3DDevice
[2015.09.18-01.46.50:383][321]LogEditorActor: Deleted Actor: StaticMeshActor
[2015.09.18-01.46.50:397][321]LogEditorActor: Deleted 1 Actors (0.015 secs)
[2015.09.18-01.46.50:398][321]LogActor:Warning: Natively added component (InteractiveFoliageActor_0.CollisionCylinder) was left unattached from the actor's root.
[2015.09.18-01.46.50:398][321]LogEditor: Converted: Cone to Cone
[2015.09.18-01.46.50:399][321]EditorErrors: New page: Volver a acoplar el actor
[2015.09.18-01.46.58:466][803]LogD3D11RHI: InitD3DDevice
[2015.09.18-01.47.12:033][615]LogD3D11RHI: InitD3DDevice
[2015.09.18-01.47.31:589][756]LogD3D11RHI: InitD3DDevice
[2015.09.18-01.47.38:428][166]LogD3D11RHI: InitD3DDevice
[2015.09.18-01.52.10:799][487]LogD3D11RHI: InitD3DDevice
[2015.09.18-01.52.19:804][ 25]LogD3D11RHI: InitD3DDevice
[2015.09.18-01.52.20:065][ 25]LogSavePackage: Save=68.728035ms
[2015.09.18-01.52.20:065][ 25]LogSavePackage: Moving '../../../../../../Users/Yamile Zahow/Documents/Unreal Projects/CATS/Saved/catsmejorado_Auto1CE8664EC4CEA8DDF79A242BF4DF5303C.tmp' to '../../../../../../Users/Yamile Zahow/Documents/Unreal Projects/CATS/Saved/Autosaves/Game/catsmejorado_Auto1.umap'
[2015.09.18-01.52.20:068][ 25]LogFileHelpers: Editor autosave (incl. sublevels) for '/Game/catsmejorado' took 0.150
[2015.09.18-01.52.20:068][ 25]LogFileHelpers: Editor autosave (incl. sublevels) for all levels took 0.150
[2015.09.18-01.52.51:949][835]Cmd: DUPLICATE
[2015.09.18-01.52.51:949][835]Cmd: ACTOR DUPLICATE
[2015.09.18-01.52.51:955][835]LogActor:Warning: Natively added component (Cone_1.CollisionCylinder) was left unattached from the actor's root.
[2015.09.18-02.02.11:598][457]LogD3D11RHI: InitD3DDevice
[2015.09.18-02.02.20:600][484]LogD3D11RHI: InitD3DDevice
[2015.09.18-02.02.20:832][484]LogSavePackage: Save=77.700615ms
[2015.09.18-02.02.20:832][484]LogSavePackage: Moving '../../../../../../Users/Yamile Zahow/Documents/Unreal Projects/CATS/Saved/catsmejorado_Auto272D4D97E4433EE11B3501C89FDF5146C.tmp' to '../../../../../../Users/Yamile Zahow/Documents/Unreal Projects/CATS/Saved/Autosaves/Game/catsmejorado_Auto2.umap'
[2015.09.18-02.02.20:834][484]LogFileHelpers: Editor autosave (incl. sublevels) for '/Game/catsmejorado' took 0.129
[2015.09.18-02.02.20:834][484]LogFileHelpers: Editor autosave (incl. sublevels) for all levels took 0.129
[2015.09.18-02.16.08:677][263]LogPlayLevel: PIE:  No blueprints needed recompiling
[2015.09.18-02.16.08:677][263]PIE: New page: Sesión PIE (reproducción en el editor): catsmejorado (17/09/2015 16:16:08)
[2015.09.18-02.16.08:678][263]LogPlayLevel: Creating play world package: /Game/UEDPIE_0_catsmejorado
[2015.09.18-02.16.08:689][263]LogProperty:Warning: Serialized Class /Script/Foliage.InteractiveFoliageActor for a property of Class /Script/Engine.StaticMesh. Reference will be NULLed.
    Property = ObjectProperty /Script/Engine.StaticMeshComponent:StaticMesh
    Item = InteractiveFoliageActor /Game/UEDPIE_0_catsmejorado.catsmejorado:PersistentLevel.Cone2
[2015.09.18-02.16.08:732][263]LogPlayLevel: PIE: StaticDuplicateObject took: (0.053915s)
[2015.09.18-02.16.08:733][263]LogAIModule: Creating AISystem for world catsmejorado
[2015.09.18-02.16.08:734][263]LogPlayLevel: PIE: World Init took: (0.001662s)
[2015.09.18-02.16.08:734][263]LogPlayLevel: PIE: Created PIE world by copying editor world from /Game/catsmejorado.catsmejorado to /Game/UEDPIE_0_catsmejorado.catsmejorado (0.055807s)
[2015.09.18-02.16.08:760][263]LogInit: XAudio2 using 'Altavoces / Auriculares (IDT High Definition Audio CODEC)' : 2 channels at 48 kHz using 16 bits per sample (channel mask 0x3)
[2015.09.18-02.16.08:773][263]LogInit: FAudioDevice initialized.
[2015.09.18-02.16.08:805][263]LogWorld: Game class is 'ThirdPersonGameMode_C'
[2015.09.18-02.16.08:813][263]LogWorld: Bringing World /Game/UEDPIE_0_catsmejorado.catsmejorado up for play (max tick rate 60) at 2015.09.17-21.16.08
[2015.09.18-02.16.08:813][263]LogActor:Warning: GameSession /Game/UEDPIE_0_catsmejorado.catsmejorado:PersistentLevel.GameSession_6 has natively added scene component(s), but none of them were set as the actor's RootComponent - picking one arbitrarily
[2015.09.18-02.16.08:813][263]LogActor:Warning: GameNetworkManager /Game/UEDPIE_0_catsmejorado.catsmejorado:PersistentLevel.GameNetworkManager_6 has natively added scene component(s), but none of them were set as the actor's RootComponent - picking one arbitrarily
[2015.09.18-02.16.08:814][263]LogWorld: Bringing up level for play took: 0.007648
[2015.09.18-02.16.08:816][263]PIE: Información Tiempo de inicio de la reproducción en el editor para  /Game/UEDPIE_0_catsmejorado 0.847
[2015.09.18-02.16.34:169][763]LogParticles: Destroying 0 GPU particle simulations for FXSystem 0x000000964C9694E0
[2015.09.18-02.16.35:161][820]LogPlayLevel: PIE:  No blueprints needed recompiling
[2015.09.18-02.16.35:161][820]PIE: New page: Sesión PIE (reproducción en el editor): catsmejorado (17/09/2015 16:16:35)
[2015.09.18-02.16.35:162][820]LogPlayLevel: Creating play world package: /Game/UEDPIE_0_catsmejorado
[2015.09.18-02.16.35:168][820]LogProperty:Warning: Serialized Class /Script/Foliage.InteractiveFoliageActor for a property of Class /Script/Engine.StaticMesh. Reference will be NULLed.
    Property = ObjectProperty /Script/Engine.StaticMeshComponent:StaticMesh
    Item = InteractiveFoliageActor /Game/UEDPIE_0_catsmejorado.catsmejorado:PersistentLevel.Cone2
[2015.09.18-02.16.35:182][820]LogPlayLevel: PIE: StaticDuplicateObject took: (0.019875s)
[2015.09.18-02.16.35:185][820]LogAIModule: Creating AISystem for world catsmejorado
[2015.09.18-02.16.35:186][820]LogPlayLevel: PIE: World Init took: (0.004190s)
[2015.09.18-02.16.35:186][820]LogPlayLevel: PIE: Created PIE world by copying editor world from /Game/catsmejorado.catsmejorado to /Game/UEDPIE_0_catsmejorado.catsmejorado (0.024279s)
[2015.09.18-02.16.35:205][820]LogInit: XAudio2 using 'Altavoces / Auriculares (IDT High Definition Audio CODEC)' : 2 channels at 48 kHz using 16 bits per sample (channel mask 0x3)
[2015.09.18-02.16.35:214][820]LogInit: FAudioDevice initialized.
[2015.09.18-02.16.35:249][820]LogWorld: Game class is 'ThirdPersonGameMode_C'
[2015.09.18-02.16.35:257][820]LogWorld: Bringing World /Game/UEDPIE_0_catsmejorado.catsmejorado up for play (max tick rate 60) at 2015.09.17-21.16.35
[2015.09.18-02.16.35:257][820]LogActor:Warning: GameSession /Game/UEDPIE_0_catsmejorado.catsmejorado:PersistentLevel.GameSession_7 has natively added scene component(s), but none of them were set as the actor's RootComponent - picking one arbitrarily
[2015.09.18-02.16.35:258][820]LogActor:Warning: GameNetworkManager /Game/UEDPIE_0_catsmejorado.catsmejorado:PersistentLevel.GameNetworkManager_7 has natively added scene component(s), but none of them were set as the actor's RootComponent - picking one arbitrarily
[2015.09.18-02.16.35:258][820]LogWorld: Bringing up level for play took: 0.007386
[2015.09.18-02.16.35:260][820]PIE: Información Tiempo de inicio de la reproducción en el editor para  /Game/UEDPIE_0_catsmejorado -0.71
[2015.09.18-02.17.26:553][265]LogParticles: Destroying 0 GPU particle simulations for FXSystem 0x00000096397EE8E0
[2015.09.18-02.17.28:239][363]LogEditorViewport: Clicking on Actor (LMB): InteractiveFoliageActor (Cone)
[2015.09.18-02.17.29:930][462]Cmd: DELETE
[2015.09.18-02.17.29:930][462]Cmd: ACTOR DELETE
[2015.09.18-02.17.29:930][462]LogEditorActor: Deleted Actor: InteractiveFoliageActor
[2015.09.18-02.17.29:944][462]LogEditorActor: Deleted 1 Actors (0.015 secs)
[2015.09.18-02.18.02:548][327]Cmd: TRANSACTION UNDO
[2015.09.18-02.18.02:548][327]LogEditorTransaction: Undo Rotate Actors
[2015.09.18-02.18.02:580][327]LogActorComponent: ~FComponentReregisterContext: (/Game/catsmejorado.catsmejorado:PersistentLevel.CajaPincel4.BrushComponent0) Component already registered.
[2015.09.18-02.18.02:580][327]LogActorComponent: ~FComponentReregisterContext: (/Game/catsmejorado.catsmejorado:PersistentLevel.CajaPincel_14.BrushComponent0) Component already registered.
[2015.09.18-02.18.05:978][327]LogActorComponent: ~FComponentReregisterContext: (/Game/catsmejorado.catsmejorado:PersistentLevel.CajaPincel14.BrushComponent0) Component already registered.
[2015.09.18-02.18.05:980][327]LogActorComponent: ~FComponentReregisterContext: (/Game/catsmejorado.catsmejorado:PersistentLevel.CajaPincel10.BrushComponent0) Component already registered.
[2015.09.18-02.18.05:992][327]LogD3D11RHI: InitD3DDevice
[2015.09.18-02.18.05:994][327]Cmd: TRANSACTION UNDO
[2015.09.18-02.18.05:994][327]LogEditorTransaction: Undo Select Brush Surface
[2015.09.18-02.18.06:007][327]LogEditorViewport: Clicking on Actor (CTRL LMB): BP_Sky_Sphere_C (SkySphereBlueprint)
[2015.09.18-02.18.25:637][476]LogD3D11RHI: InitD3DDevice
[2015.09.18-02.18.34:628][ 12]LogD3D11RHI: InitD3DDevice
[2015.09.18-02.18.34:838][ 12]LogSavePackage: Save=73.873978ms
[2015.09.18-02.18.34:838][ 12]LogSavePackage: Moving '../../../../../../Users/Yamile Zahow/Documents/Unreal Projects/CATS/Saved/catsmejorado_Auto33144AAB4480AFB09D9B8D6A7F1DBD629.tmp' to '../../../../../../Users/Yamile Zahow/Documents/Unreal Projects/CATS/Saved/Autosaves/Game/catsmejorado_Auto3.umap'
[2015.09.18-02.18.34:840][ 12]LogFileHelpers: Editor autosave (incl. sublevels) for '/Game/catsmejorado' took 0.109
[2015.09.18-02.18.34:840][ 12]LogFileHelpers: Editor autosave (incl. sublevels) for all levels took 0.109
[2015.09.18-02.18.41:267][367]LogEditorViewport: Clicking on Actor (LMB): BP_Sky_Sphere_C (SkySphereBlueprint)
[2015.09.18-02.18.46:712][673]LogEditorViewport: Clicking on Actor (LMB): BP_Sky_Sphere_C (SkySphereBlueprint)
[2015.09.18-02.19.01:459][549]LogEditorViewport: Clicking on Actor (LMB): StaticMeshActor (preuba_sillon)
[2015.09.18-02.19.06:966][875]LogD3D11RHI: InitD3DDevice
[2015.09.18-02.19.08:620][974]LogD3D11RHI: InitD3DDevice
[2015.09.18-02.19.08:642][974]LogPhysics:Warning: PHYSX: ..\..\PhysXExtensions\src\ExtRigidBodyExt.cpp (217) 4 : computeMassAndInertia: Dynamic actor with illegal collision shapes
[2015.09.18-02.19.08:642][974]LogPhysics:Warning: PHYSX: ..\..\PhysXExtensions\src\ExtRigidBodyExt.cpp (266) 4 : PxRigidBodyExt::updateMassAndInertia: Mass and inertia computation failed, setting mass to 1 and inertia to (1,1,1)
[2015.09.18-02.19.08:649][974]LogPhysics:Warning: PHYSX: ..\..\PhysXExtensions\src\ExtRigidBodyExt.cpp (217) 4 : computeMassAndInertia: Dynamic actor with illegal collision shapes
[2015.09.18-02.19.08:649][974]LogPhysics:Warning: PHYSX: ..\..\PhysXExtensions\src\ExtRigidBodyExt.cpp (266) 4 : PxRigidBodyExt::updateMassAndInertia: Mass and inertia computation failed, setting mass to 1 and inertia to (1,1,1)
[2015.09.18-02.19.08:650][974]LogPhysics:Warning: PHYSX: ..\..\PhysXExtensions\src\ExtRigidBodyExt.cpp (217) 4 : computeMassAndInertia: Dynamic actor with illegal collision shapes
[2015.09.18-02.19.08:650][974]LogPhysics:Warning: PHYSX: ..\..\PhysXExtensions\src\ExtRigidBodyExt.cpp (266) 4 : PxRigidBodyExt::updateMassAndInertia: Mass and inertia computation failed, setting mass to 1 and inertia to (1,1,1)
[2015.09.18-02.19.08:653][974]LogD3D11RHI: InitD3DDevice
[2015.09.18-02.19.15:020][315]LogD3D11RHI: InitD3DDevice
[2015.09.18-02.19.41:758][780]Cmd: TRANSACTION UNDO
[2015.09.18-02.19.41:758][780]LogEditorTransaction: Undo Move Actors
[2015.09.18-02.19.41:790][780]LogActorComponent: ~FComponentReregisterContext: (/Game/catsmejorado.catsmejorado:PersistentLevel.CajaPincel4.BrushComponent0) Component already registered.
[2015.09.18-02.19.47:108][780]LogActorComponent: ~FComponentReregisterContext: (/Game/catsmejorado.catsmejorado:PersistentLevel.CajaPincel9.BrushComponent0) Component already registered.
[2015.09.18-02.19.47:120][780]LogD3D11RHI: InitD3DDevice
[2015.09.18-02.19.47:122][780]Cmd: TRANSACTION UNDO
[2015.09.18-02.19.47:122][780]LogEditorTransaction: Undo Select Brush Surface
[2015.09.18-02.19.47:139][780]Cmd: TRANSACTION UNDO
[2015.09.18-02.19.47:139][780]LogEditorTransaction: Undo Pinchar en los actores
[2015.09.18-02.19.47:144][780]Cmd: TRANSACTION UNDO
[2015.09.18-02.19.47:144][780]LogEditorTransaction: Undo Pinchar en los actores
[2015.09.18-02.20.00:987][594]LogEditorViewport: Clicking on Actor (LMB): BP_Sky_Sphere_C (SkySphereBlueprint)
[2015.09.18-02.20.07:743][998]LogD3D11RHI: InitD3DDevice
[2015.09.18-02.20.08:628][ 50]LogD3D11RHI: InitD3DDevice
[2015.09.18-02.20.09:921][118]LogD3D11RHI: InitD3DDevice
[2015.09.18-02.20.09:973][118]LogD3D11RHI: InitD3DDevice
[2015.09.18-02.20.10:051][118]LogLinker:Warning: Asset '../../../Engine/Content/ArtTools/RenderToTexture/Macros/RenderToTextureMacros.uasset' has been saved with empty engine version. The asset will be loaded but may be incompatible.
[2015.09.18-02.20.10:099][118]LogLinker:Warning: Asset '../../../Engine/Content/ArtTools/RenderToTexture/Enums/RenderToTexture_Enum.uasset' has been saved with empty engine version. The asset will be loaded but may be incompatible.
[2015.09.18-02.20.10:879][118]LogD3D11RHI: InitD3DDevice
[2015.09.18-02.20.17:906][523]LogD3D11RHI: InitD3DDevice
[2015.09.18-02.26.30:394][706]LogD3D11RHI: InitD3DDevice
[2015.09.18-02.26.30:439][706]LogFactory: FactoryCreateBinary: StaticMesh with FbxFactory (0 0 ../../../../../../Users/Yamile Zahow/Documents/Unreal Projects/obj fbx y cosas pa importar/tachuela.fbx)
[2015.09.18-02.26.30:448][706]LogFbx: ItemName: GlobalSettings, ItemCount : 1
[2015.09.18-02.26.30:448][706]LogFbx: ItemName: AnimationStack, ItemCount : 1
[2015.09.18-02.26.30:448][706]LogFbx: ItemName: AnimationLayer, ItemCount : 1
[2015.09.18-02.26.30:448][706]LogFbx: ItemName: Geometry, ItemCount : 1
[2015.09.18-02.26.30:448][706]LogFbx: ItemName: Material, ItemCount : 1
[2015.09.18-02.26.30:448][706]LogFbx: ItemName: Model, ItemCount : 1
[2015.09.18-02.26.30:487][706]LogD3D11RHI: InitD3DDevice
[2015.09.18-02.26.33:103][706]LogFbx: Loading FBX Scene from ../../../../../../Users/Yamile Zahow/Documents/Unreal Projects/obj fbx y cosas pa importar/tachuela.fbx
[2015.09.18-02.26.33:149][706]LogFbx: FBX Scene Loaded Succesfully
[2015.09.18-02.26.33:153][706]LogLinker:Warning: No puede encontrar el archivo '/Game/StarterContent/Props/blinn1'
[2015.09.18-02.26.33:153][706]LogLinker:Warning: No puede encontrar el archivo '/Game/StarterContent/Props/blinn1'
[2015.09.18-02.26.33:153][706]LogLinker:Warning: No puede encontrar el archivo '/Game/StarterContent/Props/blinn1'
[2015.09.18-02.26.33:153][706]LogUObjectGlobals:Warning: Error al encontrar el objeto 'MaterialInterface /Game/StarterContent/Props/blinn1.blinn1'
[2015.09.18-02.26.33:178][706]LogMaterial: Missing cached shader map for material blinn1, compiling. 
[2015.09.18-02.26.33:209][706]LogPhysics:Warning: AddSphylsToRigidActor: [/Game/catsmejorado.catsmejorado:PersistentLevel.playground_gatito.CollisionCylinder] SphylElems[0] invalid
[2015.09.18-02.26.33:209][706]LogFbx:Warning: Triangulating static mesh polySurface1
[2015.09.18-02.26.33:265][706]LogStaticMesh: Generando la malla estática tachuela...
[2015.09.18-02.26.33:301][706]LogStaticMesh: Built static mesh [0.036261.2s] /Game/StarterContent/Props/tachuela.tachuela
[2015.09.18-02.26.33:310][706]FBXImport:Warning: Aviso Atención: No se ha encontrado información del grupo de suavizado en esta escena FBX. Por favor, asegúrese de activar la opción de "Exportar grupos de suavizado" en la conexión del exportador FBX antes de exportar el archivo. Incluso para las herramientas que no sean compatibles con los grupos de suavizado, el exportador FBX generará datos de suavizado apropiados en el tiempo de exportación, por lo que esas normales del vértice correctas pueden ser sugeridas mientras se exporte. 
[2015.09.18-02.26.33:310][706]FBXImport:Warning: Aviso Warning: The imported mesh is very small. This is most likely an issue with the units used when exporting to FBX. 
[2015.09.18-02.26.33:313][706]LogD3D11RHI: InitD3DDevice
[2015.09.18-02.27.00:159][831]LogD3D11RHI: InitD3DDevice
[2015.09.18-02.27.00:528][852]LogActorFactory: Actor Factory created tachuela
[2015.09.18-02.27.02:457][957]LogActorFactory: Actor Factory created tachuela
[2015.09.18-02.28.00:812][720]Cmd: TRANSACTION UNDO
[2015.09.18-02.28.00:812][720]LogEditorTransaction: Undo Move Actors
[2015.09.18-02.28.00:815][720]LogD3D11RHI: InitD3DDevice
[2015.09.18-02.28.19:372][768]Cmd: TRANSACTION UNDO
[2015.09.18-02.28.19:372][768]LogEditorTransaction: Undo Move Actors
[2015.09.18-02.28.19:374][768]LogD3D11RHI: InitD3DDevice
[2015.09.18-02.28.40:652][749]LogEditorViewport: Clicking on Actor (context menu): StaticMeshActor (tachuela2)
[2015.09.18-02.28.40:658][749]LogD3D11RHI: InitD3DDevice
[2015.09.18-02.28.41:925][824]LogD3D11RHI: InitD3DDevice
[2015.09.18-02.28.41:966][824]LogD3D11RHI: InitD3DDevice
[2015.09.18-02.28.54:510][532]LogD3D11RHI: InitD3DDevice
[2015.09.18-02.28.57:695][717]LogD3D11RHI: InitD3DDevice
[2015.09.18-02.28.57:746][717]Cmd: OBJ SAVEPACKAGE PACKAGE="/Game/StarterContent/Props/tachuela" FILE="../../../../../../Users/Yamile Zahow/Documents/Unreal Projects/CATS/Content/StarterContent/Props/tachuela.uasset" SILENT=true
[2015.09.18-02.28.57:755][717]LogSavePackage: Save=8.244286ms
[2015.09.18-02.28.57:755][717]LogSavePackage: Moving '../../../../../../Users/Yamile Zahow/Documents/Unreal Projects/CATS/Saved/tachuelaD434FC914A88F3A9FF48E2986C135731.tmp' to '../../../../../../Users/Yamile Zahow/Documents/Unreal Projects/CATS/Content/StarterContent/Props/tachuela.uasset'
[2015.09.18-02.29.04:706][134]LogD3D11RHI: InitD3DDevice
[2015.09.18-02.29.04:719][134]Cmd: OBJ SAVEPACKAGE PACKAGE="/Game/StarterContent/Props/tachuela" FILE="../../../../../../Users/Yamile Zahow/Documents/Unreal Projects/CATS/Content/StarterContent/Props/tachuela.uasset" SILENT=true
[2015.09.18-02.29.04:725][134]LogSavePackage: Save=1.784166ms
[2015.09.18-02.29.04:725][134]LogSavePackage: Moving '../../../../../../Users/Yamile Zahow/Documents/Unreal Projects/CATS/Saved/tachuela66C80723492CB0E8CB8412B1FB8F023F.tmp' to '../../../../../../Users/Yamile Zahow/Documents/Unreal Projects/CATS/Content/StarterContent/Props/tachuela.uasset'
[2015.09.18-02.29.15:727][754]LogD3D11RHI: InitD3DDevice
[2015.09.18-02.29.27:317][449]LogD3D11RHI: InitD3DDevice
[2015.09.18-02.29.30:466][635]LogD3D11RHI: InitD3DDevice
[2015.09.18-02.29.31:500][697]LogD3D11RHI: InitD3DDevice
[2015.09.18-02.29.34:732][891]LogD3D11RHI: InitD3DDevice
[2015.09.18-02.29.38:015][ 88]LogD3D11RHI: InitD3DDevice
[2015.09.18-02.29.39:384][170]LogD3D11RHI: InitD3DDevice
[2015.09.18-02.29.49:101][753]LogD3D11RHI: InitD3DDevice
[2015.09.18-02.29.49:109][753]LogSlate:Warning: Prevented a slow task dialog from being summoned while a context menu was open
[2015.09.18-02.30.00:941][460]LogPlayLevel: PIE:  No blueprints needed recompiling
[2015.09.18-02.30.00:941][460]PIE: New page: Sesión PIE (reproducción en el editor): catsmejorado (17/09/2015 16:30:00)
[2015.09.18-02.30.00:942][460]LogPlayLevel: Creating play world package: /Game/UEDPIE_0_catsmejorado
[2015.09.18-02.30.00:954][460]LogProperty:Warning: Serialized Class /Script/Foliage.InteractiveFoliageActor for a property of Class /Script/Engine.StaticMesh. Reference will be NULLed.
    Property = ObjectProperty /Script/Engine.StaticMeshComponent:StaticMesh
    Item = InteractiveFoliageActor /Game/UEDPIE_0_catsmejorado.catsmejorado:PersistentLevel.Cone2
[2015.09.18-02.30.00:973][460]LogPlayLevel: PIE: StaticDuplicateObject took: (0.031088s)
[2015.09.18-02.30.00:977][460]LogAIModule: Creating AISystem for world catsmejorado
[2015.09.18-02.30.00:977][460]LogPlayLevel: PIE: World Init took: (0.004332s)
[2015.09.18-02.30.00:977][460]LogPlayLevel: PIE: Created PIE world by copying editor world from /Game/catsmejorado.catsmejorado to /Game/UEDPIE_0_catsmejorado.catsmejorado (0.035639s)
[2015.09.18-02.30.00:978][460]LogActorComponent: UnregisterComponent: (/Engine/Transient.CharMoveComp) Not registered. Aborting.
[2015.09.18-02.30.01:002][460]LogParticles: Destroying 0 GPU particle simulations for FXSystem 0x000000963D8ED1C0
[2015.09.18-02.30.01:002][460]LogParticles: Destroying 0 GPU particle simulations for FXSystem 0x000000963B4C3560
[2015.09.18-02.30.01:003][460]LogParticles: Destroying 0 GPU particle simulations for FXSystem 0x0000009651CEEDE0
[2015.09.18-02.30.01:019][460]LogInit: XAudio2 using 'Altavoces / Auriculares (IDT High Definition Audio CODEC)' : 2 channels at 48 kHz using 16 bits per sample (channel mask 0x3)
[2015.09.18-02.30.01:030][460]LogInit: FAudioDevice initialized.
[2015.09.18-02.30.01:064][460]LogWorld: Game class is 'ThirdPersonGameMode_C'
[2015.09.18-02.30.01:071][460]LogWorld: Bringing World /Game/UEDPIE_0_catsmejorado.catsmejorado up for play (max tick rate 60) at 2015.09.17-21.30.01
[2015.09.18-02.30.01:071][460]LogActor:Warning: GameSession /Game/UEDPIE_0_catsmejorado.catsmejorado:PersistentLevel.GameSession_8 has natively added scene component(s), but none of them were set as the actor's RootComponent - picking one arbitrarily
[2015.09.18-02.30.01:072][460]LogActor:Warning: GameNetworkManager /Game/UEDPIE_0_catsmejorado.catsmejorado:PersistentLevel.GameNetworkManager_8 has natively added scene component(s), but none of them were set as the actor's RootComponent - picking one arbitrarily
[2015.09.18-02.30.01:073][460]LogWorld: Bringing up level for play took: 0.007271
[2015.09.18-02.30.01:074][460]PIE: Información Tiempo de inicio de la reproducción en el editor para  /Game/UEDPIE_0_catsmejorado 1.105
[2015.09.18-02.30.24:260][830]LogParticles: Destroying 0 GPU particle simulations for FXSystem 0x00000096382FEA20
[2015.09.18-02.30.38:497][627]LogD3D11RHI: InitD3DDevice
[2015.09.18-02.30.39:783][704]LogD3D11RHI: InitD3DDevice
[2015.09.18-02.30.39:808][704]Cmd: OBJ SAVEPACKAGE PACKAGE="/Game/catsmejorado" FILE="../../../../../../Users/Yamile Zahow/Documents/Unreal Projects/CATS/Content/catsmejorado.umap" SILENT=true AUTOSAVING=false KEEPDIRTY=false
[2015.09.18-02.30.39:928][704]LogSavePackage: Save=85.462936ms
[2015.09.18-02.30.39:928][704]LogSavePackage: Moving '../../../../../../Users/Yamile Zahow/Documents/Unreal Projects/CATS/Saved/catsmejorado5A22A36042284ABB6AED7888B5CED42A.tmp' to '../../../../../../Users/Yamile Zahow/Documents/Unreal Projects/CATS/Content/catsmejorado.umap'
[2015.09.18-02.30.40:219][720]LogD3D11RHI: InitD3DDevice
[2015.09.18-02.30.42:365][848]LogD3D11RHI: InitD3DDevice
[2015.09.18-02.30.49:674][848]LogD3D11RHI: InitD3DDevice
[2015.09.18-02.30.51:566][848]Cmd: OBJ SAVEPACKAGE PACKAGE="/Game/catsnivel1" FILE="../../../../../../Users/Yamile Zahow/Documents/Unreal Projects/CATS/Content/catsnivel1.umap" SILENT=true AUTOSAVING=false KEEPDIRTY=false
[2015.09.18-02.30.51:695][848]LogSavePackage: Save=105.520264ms
[2015.09.18-02.30.51:695][848]LogSavePackage: Moving '../../../../../../Users/Yamile Zahow/Documents/Unreal Projects/CATS/Saved/catsnivel1CC24A29E4E33A79E1F0A5A987269B34C.tmp' to '../../../../../../Users/Yamile Zahow/Documents/Unreal Projects/CATS/Content/catsnivel1.umap'
[2015.09.18-02.30.51:719][848]LogFileHelpers: Saving map 'catsnivel1' took 2.333
[2015.09.18-02.40.34:931][993]LogD3D11RHI: InitD3DDevice
[2015.09.18-02.40.43:932][ 20]LogD3D11RHI: InitD3DDevice
[2015.09.18-02.40.44:080][ 20]LogFileHelpers: Editor autosave (incl. sublevels) for '/Game/catsnivel1' took 0.040
[2015.09.18-02.40.44:085][ 20]OBJ SavePackage: Generating thumbnails for [1] asset(s) in package [/Game/StarterContent/Props/blinn1] ([1] browsable assets)...
[2015.09.18-02.40.44:162][ 20]OBJ SavePackage:     Rendered thumbnail for [Material /Game/StarterContent/Props/blinn1.blinn1]
[2015.09.18-02.40.44:162][ 20]OBJ SavePackage: Finished generating thumbnails for package [/Game/StarterContent/Props/blinn1]
[2015.09.18-02.40.44:173][ 20]LogSavePackage: Save=10.683616ms
[2015.09.18-02.40.44:173][ 20]LogSavePackage: Moving '../../../../../../Users/Yamile Zahow/Documents/Unreal Projects/CATS/Saved/blinn1_Auto4E8857AA3484977012C204DBC0EC7FFE8.tmp' to '../../../../../../Users/Yamile Zahow/Documents/Unreal Projects/CATS/Saved/Autosaves/Game/StarterContent/Props/blinn1_Auto4.uasset'
[2015.09.18-02.40.44:175][ 20]LogFileHelpers: Auto-saving content packages took 0.094
[2015.09.18-02.45.08:955][210]LogPlayLevel: PIE:  No blueprints needed recompiling
[2015.09.18-02.45.08:955][210]PIE: New page: Sesión PIE (reproducción en el editor): catsnivel1 (17/09/2015 16:45:08)
[2015.09.18-02.45.08:956][210]LogPlayLevel: Creating play world package: /Game/UEDPIE_0_catsnivel1
[2015.09.18-02.45.08:966][210]LogProperty:Warning: Serialized Class /Script/Foliage.InteractiveFoliageActor for a property of Class /Script/Engine.StaticMesh. Reference will be NULLed.
    Property = ObjectProperty /Script/Engine.StaticMeshComponent:StaticMesh
    Item = InteractiveFoliageActor /Game/UEDPIE_0_catsnivel1.catsnivel1:PersistentLevel.Cone2
[2015.09.18-02.45.08:985][210]LogPlayLevel: PIE: StaticDuplicateObject took: (0.029432s)
[2015.09.18-02.45.08:988][210]LogAIModule: Creating AISystem for world catsnivel1
[2015.09.18-02.45.08:988][210]LogPlayLevel: PIE: World Init took: (0.003231s)
[2015.09.18-02.45.08:989][210]LogPlayLevel: PIE: Created PIE world by copying editor world from /Game/catsnivel1.catsnivel1 to /Game/UEDPIE_0_catsnivel1.catsnivel1 (0.032938s)
[2015.09.18-02.45.09:019][210]LogInit: XAudio2 using 'Altavoces / Auriculares (IDT High Definition Audio CODEC)' : 2 channels at 48 kHz using 16 bits per sample (channel mask 0x3)
[2015.09.18-02.45.09:030][210]LogInit: FAudioDevice initialized.
[2015.09.18-02.45.09:064][210]LogWorld: Game class is 'ThirdPersonGameMode_C'
[2015.09.18-02.45.09:073][210]LogWorld: Bringing World /Game/UEDPIE_0_catsnivel1.catsnivel1 up for play (max tick rate 0) at 2015.09.17-21.45.09
[2015.09.18-02.45.09:073][210]LogActor:Warning: GameSession /Game/UEDPIE_0_catsnivel1.catsnivel1:PersistentLevel.GameSession_9 has natively added scene component(s), but none of them were set as the actor's RootComponent - picking one arbitrarily
[2015.09.18-02.45.09:073][210]LogActor:Warning: GameNetworkManager /Game/UEDPIE_0_catsnivel1.catsnivel1:PersistentLevel.GameNetworkManager_9 has natively added scene component(s), but none of them were set as the actor's RootComponent - picking one arbitrarily
[2015.09.18-02.45.09:074][210]LogWorld: Bringing up level for play took: 0.007418
[2015.09.18-02.45.09:075][210]PIE: Información Tiempo de inicio de la reproducción en el editor para  /Game/UEDPIE_0_catsnivel1 1.106
[2015.09.18-02.46.11:514][165]LogParticles: Destroying 0 GPU particle simulations for FXSystem 0x000000964C1B89A0
[2015.09.18-02.46.29:005][702]LogD3D11RHI: InitD3DDevice
[2015.09.18-02.46.31:092][950]LogD3D11RHI: InitD3DDevice
[2015.09.18-02.46.31:108][950]Cmd: OBJ SAVEPACKAGE PACKAGE="/Game/catsnivel1" FILE="../../../../../../Users/Yamile Zahow/Documents/Unreal Projects/CATS/Content/catsnivel1.umap" SILENT=true AUTOSAVING=false KEEPDIRTY=false
[2015.09.18-02.46.31:226][950]LogSavePackage: Save=87.110252ms
[2015.09.18-02.46.31:226][950]LogSavePackage: Moving '../../../../../../Users/Yamile Zahow/Documents/Unreal Projects/CATS/Saved/catsnivel18C5F77E94A09C4B05D41E2B5D2584BB9.tmp' to '../../../../../../Users/Yamile Zahow/Documents/Unreal Projects/CATS/Content/catsnivel1.umap'
[2015.09.18-02.47.30:894][591]LogD3D11RHI: InitD3DDevice
[2015.09.18-02.47.34:441][591]LogD3D11RHI: InitD3DDevice
[2015.09.18-02.47.34:483][591]Cmd: OBJ SAVEPACKAGE PACKAGE="/Game/StarterContent/Props/blinn1" FILE="../../../../../../Users/Yamile Zahow/Documents/Unreal Projects/CATS/Content/StarterContent/Props/blinn1.uasset" SILENT=true
[2015.09.18-02.47.34:494][591]LogSavePackage: Save=9.987824ms
[2015.09.18-02.47.34:494][591]LogSavePackage: Moving '../../../../../../Users/Yamile Zahow/Documents/Unreal Projects/CATS/Saved/blinn1917A07794371956A45E47D96057D969D.tmp' to '../../../../../../Users/Yamile Zahow/Documents/Unreal Projects/CATS/Content/StarterContent/Props/blinn1.uasset'
[2015.09.18-02.47.34:569][591]LogWindowsTextInputMethodSystem:Display: IME system now deactivated.
[2015.09.18-02.47.34:816][592]Cmd: QUIT_EDITOR
[2015.09.18-02.47.35:979][592]LogExit: Preparing to exit.
[2015.09.18-02.47.36:359][592]LogExit: Editor shut down
[2015.09.18-02.47.36:359][592]LogExit: Transaction tracking system shut down
[2015.09.18-02.47.36:361][592]LogParticles: Destroying 0 GPU particle simulations for FXSystem 0x000000963D8EC400
[2015.09.18-02.47.36:361][592]LogParticles: Destroying 0 GPU particle simulations for FXSystem 0x000000964CC54A40
[2015.09.18-02.47.36:361][592]LogParticles: Destroying 0 GPU particle simulations for FXSystem 0x000000963D9277E0
[2015.09.18-02.47.36:361][592]LogParticles: Destroying 0 GPU particle simulations for FXSystem 0x000000963D926840
[2015.09.18-02.47.36:362][592]LogParticles: Destroying 0 GPU particle simulations for FXSystem 0x0000009661FBC360
[2015.09.18-02.47.36:363][592]LogParticles: Destroying 0 GPU particle simulations for FXSystem 0x000000964AEDBB00
[2015.09.18-02.47.36:521][592]LogExit: Object subsystem successfully closed.
[2015.09.18-02.47.36:538][592]LogD3D11RHI: Shutdown
[2015.09.18-02.47.36:538][592]LogD3D11RHI: CleanupD3DDevice
[2015.09.18-02.47.36:604][592]LogD3D11RHI: ~FD3D11DynamicRHI
[2015.09.18-02.47.36:619][592]LogModuleManager: Shutting down and abandoning module StaticMeshEditor (189)
[2015.09.18-02.47.36:619][592]LogModuleManager: Shutting down and abandoning module CrashTracker (188)
[2015.09.18-02.47.36:619][592]LogModuleManager: Shutting down and abandoning module SceneOutliner (187)
[2015.09.18-02.47.36:619][592]LogModuleManager: Shutting down and abandoning module SuperSearch (186)
[2015.09.18-02.47.36:619][592]LogModuleManager: Shutting down and abandoning module WidgetCarousel (185)
[2015.09.18-02.47.36:619][592]LogModuleManager: Shutting down and abandoning module AddContentDialog (184)
[2015.09.18-02.47.36:621][592]LogModuleManager: Shutting down and abandoning module EditorWidgets (183)
[2015.09.18-02.47.36:621][592]LogModuleManager: Shutting down and abandoning module CollectionManager (182)
[2015.09.18-02.47.36:621][592]LogModuleManager: Shutting down and abandoning module StatsViewer (181)
[2015.09.18-02.47.36:621][592]LogModuleManager: Shutting down and abandoning module FoliageEdit (180)
[2015.09.18-02.47.36:621][592]LogModuleManager: Shutting down and abandoning module LandscapeEditor (179)
[2015.09.18-02.47.36:622][592]LogModuleManager: Shutting down and abandoning module ActorPickerMode (178)
[2015.09.18-02.47.36:622][592]LogModuleManager: Shutting down and abandoning module GeometryMode (177)
[2015.09.18-02.47.36:622][592]LogModuleManager: Shutting down and abandoning module TextureAlignMode (176)
[2015.09.18-02.47.36:622][592]LogModuleManager: Shutting down and abandoning module BspMode (175)
[2015.09.18-02.47.36:622][592]LogModuleManager: Shutting down and abandoning module PlacementMode (174)
[2015.09.18-02.47.36:622][592]LogModuleManager: Shutting down and abandoning module AutomationWorker (173)
[2015.09.18-02.47.36:622][592]LogModuleManager: Shutting down and abandoning module CharacterAI (172)
[2015.09.18-02.47.36:622][592]LogModuleManager: Shutting down and abandoning module SmartSnapping (171)
[2015.09.18-02.47.36:622][592]LogModuleManager: Shutting down and abandoning module ViewportSnapping (170)
[2015.09.18-02.47.36:622][592]LogModuleManager: Shutting down and abandoning module LogVisualizer (169)
[2015.09.18-02.47.36:622][592]LogModuleManager: Shutting down and abandoning module GameProjectGeneration (168)
[2015.09.18-02.47.36:622][592]LogModuleManager: Shutting down and abandoning module IntroTutorials (167)
[2015.09.18-02.47.36:622][592]LogModuleManager: Shutting down and abandoning module EditorLiveStreaming (166)
[2015.09.18-02.47.36:622][592]LogModuleManager: Shutting down and abandoning module IOSPlatformEditor (165)
[2015.09.18-02.47.36:622][592]LogModuleManager: Shutting down and abandoning module HTML5PlatformEditor (164)
[2015.09.18-02.47.36:622][592]LogModuleManager: Shutting down and abandoning module AndroidDeviceDetection (163)
[2015.09.18-02.47.36:950][592]LogModuleManager: Shutting down and abandoning module AndroidPlatformEditor (162)
[2015.09.18-02.47.36:950][592]LogModuleManager: Shutting down and abandoning module IOSRuntimeSettings (161)
[2015.09.18-02.47.36:950][592]LogModuleManager: Shutting down and abandoning module AndroidRuntimeSettings (160)
[2015.09.18-02.47.36:950][592]LogModuleManager: Shutting down and abandoning module MergeActors (159)
[2015.09.18-02.47.36:950][592]LogModuleManager: Shutting down and abandoning module SizeMap (158)
[2015.09.18-02.47.36:950][592]LogModuleManager: Shutting down and abandoning module TreeMap (157)
[2015.09.18-02.47.36:950][592]LogModuleManager: Shutting down and abandoning module ReferenceViewer (156)
[2015.09.18-02.47.36:950][592]LogModuleManager: Shutting down and abandoning module LocalizationDashboard (155)
[2015.09.18-02.47.36:950][592]LogModuleManager: Shutting down and abandoning module HardwareTargeting (154)
[2015.09.18-02.47.36:950][592]LogModuleManager: Shutting down and abandoning module DeviceProfileEditor (153)
[2015.09.18-02.47.36:950][592]LogModuleManager: Shutting down and abandoning module UndoHistory (152)
[2015.09.18-02.47.36:951][592]LogModuleManager: Shutting down and abandoning module GameplayTagsEditor (151)
[2015.09.18-02.47.36:951][592]LogModuleManager: Shutting down and abandoning module UserFeedback (150)
[2015.09.18-02.47.36:951][592]LogModuleManager: Shutting down and abandoning module XmlParser (149)
[2015.09.18-02.47.36:951][592]LogModuleManager: Shutting down and abandoning module Blutility (148)
[2015.09.18-02.47.36:951][592]LogModuleManager: Shutting down and abandoning module ProjectTargetPlatformEditor (147)
[2015.09.18-02.47.36:951][592]LogModuleManager: Shutting down and abandoning module ProjectSettingsViewer (146)
[2015.09.18-02.47.36:951][592]LogModuleManager: Shutting down and abandoning module InputBindingEditor (145)
[2015.09.18-02.47.36:951][592]LogModuleManager: Shutting down and abandoning module EditorSettingsViewer (144)
[2015.09.18-02.47.36:952][592]LogModuleManager: Shutting down and abandoning module SettingsEditor (143)
[2015.09.18-02.47.36:952][592]LogModuleManager: Shutting down and abandoning module ProjectLauncher (142)
[2015.09.18-02.47.36:952][592]LogModuleManager: Shutting down and abandoning module SessionFrontend (141)
[2015.09.18-02.47.36:952][592]LogModuleManager: Shutting down and abandoning module ProfilerClient (140)
[2015.09.18-02.47.36:952][592]LogModuleManager: Shutting down and abandoning module TargetDeviceServices (139)
[2015.09.18-02.47.36:952][592]LogModuleManager: Shutting down and abandoning module DeviceManager (138)
[2015.09.18-02.47.36:952][592]LogModuleManager: Shutting down and abandoning module AutomationController (137)
[2015.09.18-02.47.36:952][592]LogModuleManager: Shutting down and abandoning module AutomationWindow (136)
[2015.09.18-02.47.36:952][592]LogModuleManager: Shutting down and abandoning module Layers (135)
[2015.09.18-02.47.36:952][592]LogModuleManager: Shutting down and abandoning module ComponentVisualizers (134)
[2015.09.18-02.47.36:953][592]LogModuleManager: Shutting down and abandoning module DetailCustomizations (133)
[2015.09.18-02.47.36:953][592]LogModuleManager: Shutting down and abandoning module PackagesDialog (132)
[2015.09.18-02.47.36:953][592]LogModuleManager: Shutting down and abandoning module AssetRegistry (131)
[2015.09.18-02.47.37:092][592]LogModuleManager: Shutting down and abandoning module Persona (130)
[2015.09.18-02.47.37:092][592]LogModuleManager: Shutting down and abandoning module Kismet (129)
[2015.09.18-02.47.37:092][592]LogModuleManager: Shutting down and abandoning module GraphEditor (128)
[2015.09.18-02.47.37:093][592]LogModuleManager: Shutting down and abandoning module ClassViewer (127)
[2015.09.18-02.47.37:094][592]LogModuleManager: Shutting down and abandoning module Toolbox (126)
[2015.09.18-02.47.37:094][592]LogModuleManager: Shutting down and abandoning module ModuleUI (125)
[2015.09.18-02.47.37:094][592]LogModuleManager: Shutting down and abandoning module MovieSceneTools (124)
[2015.09.18-02.47.37:094][592]LogModuleManager: Shutting down and abandoning module OutputLog (123)
[2015.09.18-02.47.37:094][592]LogModuleManager: Shutting down and abandoning module GammaUI (122)
[2015.09.18-02.47.37:094][592]LogModuleManager: Shutting down and abandoning module Documentation (121)
[2015.09.18-02.47.37:094][592]LogModuleManager: Shutting down and abandoning module GameLiveStreaming (120)
[2015.09.18-02.47.37:094][592]LogModuleManager: Shutting down and abandoning module StreamingPauseRendering (119)
[2015.09.18-02.47.37:094][592]LogModuleManager: Shutting down and abandoning module AnalyticsET (118)
[2015.09.18-02.47.37:094][592]LogModuleManager: Shutting down and abandoning module Analytics (117)
[2015.09.18-02.47.37:094][592]LogModuleManager: Shutting down and abandoning module AITestSuite (116)
[2015.09.18-02.47.37:094][592]LogModuleManager: Shutting down and abandoning module GameplayDebugger (115)
[2015.09.18-02.47.37:094][592]LogModuleManager: Shutting down and abandoning module AIModule (114)
[2015.09.18-02.47.37:094][592]LogModuleManager: Shutting down and abandoning module ProfilerService (113)
[2015.09.18-02.47.37:152][592]LogModuleManager: Shutting down and abandoning module TaskGraph (112)
[2015.09.18-02.47.37:152][592]LogModuleManager: Shutting down and abandoning module SlateRemote (111)
[2015.09.18-02.47.37:152][592]LogModuleManager: Shutting down and abandoning module SteamVRController (110)
[2015.09.18-02.47.37:152][592]LogModuleManager: Shutting down and abandoning module SteamVR (109)
[2015.09.18-02.47.37:152][592]LogModuleManager: Shutting down and abandoning module ProceduralMeshComponent (108)
[2015.09.18-02.47.37:152][592]LogModuleManager: Shutting down and abandoning module OculusRift (107)
[2015.09.18-02.47.37:153][592]LogModuleManager: Shutting down and abandoning module LeapMotionController (106)
[2015.09.18-02.47.37:189][592]LogModuleManager: Shutting down and abandoning module CustomMeshComponent (105)
[2015.09.18-02.47.37:189][592]LogModuleManager: Shutting down and abandoning module CableComponent (104)
[2015.09.18-02.47.37:189][592]LogModuleManager: Shutting down and abandoning module MessagingDebugger (103)
[2015.09.18-02.47.37:189][592]LogModuleManager: Shutting down and abandoning module MediaPlayerEditor (102)
[2015.09.18-02.47.37:190][592]LogModuleManager: Shutting down and abandoning module SpeedTreeImporter (101)
[2015.09.18-02.47.37:190][592]LogModuleManager: Shutting down and abandoning module PluginBrowser (100)
[2015.09.18-02.47.37:190][592]LogModuleManager: Shutting down and abandoning module EpicSurvey (99)
[2015.09.18-02.47.37:190][592]LogModuleManager: Shutting down and abandoning module DesktopPlatform (98)
[2015.09.18-02.47.37:190][592]LogModuleManager: Shutting down and abandoning module VisualStudioSourceCodeAccess (97)
[2015.09.18-02.47.37:190][592]LogModuleManager: Shutting down and abandoning module UObjectPlugin (96)
[2015.09.18-02.47.37:190][592]LogModuleManager: Shutting down and abandoning module SubversionSourceControl (95)
[2015.09.18-02.47.37:190][592]LogModuleManager: Shutting down and abandoning module PerforceSourceControl (94)
[2015.09.18-02.47.37:190][592]LogModuleManager: Shutting down and abandoning module SourceControl (93)
[2015.09.18-02.47.37:190][592]LogModuleManager: Shutting down and abandoning module GitSourceControl (92)
[2015.09.18-02.47.37:190][592]LogModuleManager: Shutting down and abandoning module BlankPlugin (91)
[2015.09.18-02.47.37:190][592]LogModuleManager: Shutting down and abandoning module PaperTiledImporter (90)
[2015.09.18-02.47.37:190][592]LogModuleManager: Shutting down and abandoning module PaperSpriteSheetImporter (89)
[2015.09.18-02.47.37:190][592]LogModuleManager: Shutting down and abandoning module MeshPaint (88)
[2015.09.18-02.47.37:190][592]LogModuleManager: Shutting down and abandoning module SlateReflector (87)
[2015.09.18-02.47.37:190][592]LogModuleManager: Shutting down and abandoning module DirectoryWatcher (86)
[2015.09.18-02.47.37:192][592]LogModuleManager: Shutting down and abandoning module HotReload (85)
[2015.09.18-02.47.37:192][592]LogModuleManager: Shutting down and abandoning module MainFrame (84)
[2015.09.18-02.47.37:192][592]LogModuleManager: Shutting down and abandoning module LevelEditor (83)
[2015.09.18-02.47.37:194][592]LogModuleManager: Shutting down and abandoning module ContentBrowser (82)
[2015.09.18-02.47.37:195][592]LogModuleManager: Shutting down and abandoning module Paper2DEditor (81)
[2015.09.18-02.47.37:195][592]LogModuleManager: Shutting down and abandoning module UdpMessaging (80)
[2015.09.18-02.47.37:295][592]LogModuleManager: Shutting down and abandoning module Paper2D (79)
[2015.09.18-02.47.37:295][592]LogModuleManager: Shutting down and abandoning module WindowsMoviePlayer (78)
[2015.09.18-02.47.37:299][592]LogModuleManager: Shutting down and abandoning module Media (77)
[2015.09.18-02.47.37:299][592]LogModuleManager: Shutting down and abandoning module WmfMedia (76)
[2015.09.18-02.47.37:299][592]LogModuleManager: Shutting down and abandoning module OnlineBlueprintSupport (75)
[2015.09.18-02.47.37:299][592]LogModuleManager: Shutting down and abandoning module PropertyEditor (74)
[2015.09.18-02.47.37:299][592]LogModuleManager: Shutting down and abandoning module BehaviorTreeEditor (73)
[2015.09.18-02.47.37:300][592]LogModuleManager: Shutting down and abandoning module FunctionalTesting (72)
[2015.09.18-02.47.37:300][592]LogModuleManager: Shutting down and abandoning module CollisionAnalyzer (71)
[2015.09.18-02.47.37:300][592]LogModuleManager: Shutting down and abandoning module WorkspaceMenuStructure (70)
[2015.09.18-02.47.37:300][592]LogModuleManager: Shutting down and abandoning module MessageLog (69)
[2015.09.18-02.47.37:300][592]LogModuleManager: Shutting down and abandoning module Sequencer (68)
[2015.09.18-02.47.37:300][592]LogModuleManager: Shutting down and abandoning module AssetTools (67)
[2015.09.18-02.47.37:300][592]LogModuleManager: Shutting down and abandoning module UMGEditor (66)
[2015.09.18-02.47.37:300][592]LogModuleManager: Shutting down and abandoning module UMG (65)
[2015.09.18-02.47.37:300][592]LogModuleManager: Shutting down and abandoning module Slate (64)
[2015.09.18-02.47.37:300][592]LogModuleManager: Shutting down and abandoning module EditorStyle (63)
[2015.09.18-02.47.37:304][592]LogModuleManager: Shutting down and abandoning module SessionServices (62)
[2015.09.18-02.47.37:304][592]LogModuleManager: Shutting down and abandoning module SourceCodeAccess (61)
[2015.09.18-02.47.37:304][592]LogModuleManager: Shutting down and abandoning module HeadMountedDisplay (60)
[2015.09.18-02.47.37:304][592]LogModuleManager: Shutting down and abandoning module XAudio2 (59)
[2015.09.18-02.47.37:304][592]LogModuleManager: Shutting down and abandoning module Networking (57)
[2015.09.18-02.47.37:304][592]LogModuleManager: Shutting down and abandoning module Core (56)
[2015.09.18-02.47.37:304][592]LogModuleManager: Shutting down and abandoning module KismetCompiler (55)
[2015.09.18-02.47.37:304][592]LogModuleManager: Shutting down and abandoning module PhysXFormats (54)
[2015.09.18-02.47.37:304][592]LogModuleManager: Shutting down and abandoning module MeshUtilities (53)
[2015.09.18-02.47.37:304][592]LogModuleManager: Shutting down and abandoning module DerivedDataCache (52)
[2015.09.18-02.47.37:341][592]LogDerivedDataCache: Shutdown
[2015.09.18-02.47.37:341][592]LogModuleManager: Shutting down and abandoning module ShaderFormatOpenGL (51)
[2015.09.18-02.47.37:341][592]LogModuleManager: Shutting down and abandoning module ShaderFormatD3D (50)
[2015.09.18-02.47.37:341][592]LogModuleManager: Shutting down and abandoning module MetalShaderFormat (49)
[2015.09.18-02.47.37:341][592]LogModuleManager: Shutting down and abandoning module TextureFormatUncompressed (48)
[2015.09.18-02.47.37:341][592]LogModuleManager: Shutting down and abandoning module TextureFormatPVR (47)
[2015.09.18-02.47.37:341][592]LogModuleManager: Shutting down and abandoning module TextureFormatIntelISPCTexComp (46)
[2015.09.18-02.47.37:341][592]LogModuleManager: Shutting down and abandoning module TextureFormatDXT (45)
[2015.09.18-02.47.37:341][592]LogModuleManager: Shutting down and abandoning module ImageWrapper (44)
[2015.09.18-02.47.37:341][592]LogModuleManager: Shutting down and abandoning module TextureFormatASTC (43)
[2015.09.18-02.47.37:341][592]LogModuleManager: Shutting down and abandoning module TextureFormatAndroid (42)
[2015.09.18-02.47.37:341][592]LogModuleManager: Shutting down and abandoning module AudioFormatOpus (41)
[2015.09.18-02.47.37:341][592]LogModuleManager: Shutting down and abandoning module AudioFormatOgg (40)
[2015.09.18-02.47.37:341][592]LogModuleManager: Shutting down and abandoning module AudioFormatADPCM (39)
[2015.09.18-02.47.37:341][592]LogModuleManager: Shutting down and abandoning module LinuxTargetPlatform (38)
[2015.09.18-02.47.37:341][592]LogModuleManager: Shutting down and abandoning module LinuxServerTargetPlatform (37)
[2015.09.18-02.47.37:341][592]LogModuleManager: Shutting down and abandoning module LinuxNoEditorTargetPlatform (36)
[2015.09.18-02.47.37:341][592]LogModuleManager: Shutting down and abandoning module Messaging (35)
[2015.09.18-02.47.37:341][592]LogModuleManager: Shutting down and abandoning module IOSTargetPlatform (34)
[2015.09.18-02.47.37:341][592]LogModuleManager: Shutting down and abandoning module HTML5TargetPlatform (33)
[2015.09.18-02.47.37:341][592]LogModuleManager: Shutting down and abandoning module Android_PVRTCTargetPlatform (32)
[2015.09.18-02.47.37:341][592]LogModuleManager: Shutting down and abandoning module Android_ETC2TargetPlatform (31)
[2015.09.18-02.47.37:341][592]LogModuleManager: Shutting down and abandoning module Android_ETC1TargetPlatform (30)
[2015.09.18-02.47.37:341][592]LogModuleManager: Shutting down and abandoning module Android_DXTTargetPlatform (29)
[2015.09.18-02.47.37:341][592]LogModuleManager: Shutting down and abandoning module Android_ATCTargetPlatform (28)
[2015.09.18-02.47.37:341][592]LogModuleManager: Shutting down and abandoning module Android_ASTCTargetPlatform (27)
[2015.09.18-02.47.37:341][592]LogModuleManager: Shutting down and abandoning module AndroidTargetPlatform (26)
[2015.09.18-02.47.37:341][592]LogModuleManager: Shutting down and abandoning module WindowsTargetPlatform (25)
[2015.09.18-02.47.37:341][592]LogModuleManager: Shutting down and abandoning module WindowsServerTargetPlatform (24)
[2015.09.18-02.47.37:341][592]LogModuleManager: Shutting down and abandoning module WindowsNoEditorTargetPlatform (23)
[2015.09.18-02.47.37:341][592]LogModuleManager: Shutting down and abandoning module WindowsClientTargetPlatform (22)
[2015.09.18-02.47.37:341][592]LogModuleManager: Shutting down and abandoning module DesktopTargetPlatform (21)
[2015.09.18-02.47.37:341][592]LogModuleManager: Shutting down and abandoning module TargetPlatform (20)
[2015.09.18-02.47.37:341][592]LogModuleManager: Shutting down and abandoning module InputCore (19)
[2015.09.18-02.47.37:341][592]LogModuleManager: Shutting down and abandoning module Settings (18)
[2015.09.18-02.47.37:341][592]LogModuleManager: Shutting down and abandoning module OnlineSubsystem (16)
[2015.09.18-02.47.37:341][592]LogModuleManager: Shutting down and abandoning module HTTP (15)
[2015.09.18-02.47.37:342][592]LogModuleManager: Shutting down and abandoning module ExampleDeviceProfileSelector (14)
[2015.09.18-02.47.37:342][592]LogModuleManager: Shutting down and abandoning module TextureCompressor (13)
[2015.09.18-02.47.37:342][592]LogModuleManager: Shutting down and abandoning module ShaderCore (12)
[2015.09.18-02.47.37:342][592]LogModuleManager: Shutting down and abandoning module Landscape (11)
[2015.09.18-02.47.37:342][592]LogModuleManager: Shutting down and abandoning module SlateRHIRenderer (10)
[2015.09.18-02.47.37:351][592]LogModuleManager: Shutting down and abandoning module OpenGLDrv (9)
[2015.09.18-02.47.37:351][592]LogModuleManager: Shutting down and abandoning module D3D11RHI (8)
[2015.09.18-02.47.37:351][592]LogModuleManager: Shutting down and abandoning module Renderer (7)
[2015.09.18-02.47.37:351][592]LogModuleManager: Shutting down and abandoning module Engine (6)
[2015.09.18-02.47.37:351][592]LogModuleManager: Shutting down and abandoning module CoreUObject (5)
[2015.09.18-02.47.37:351][592]LogModuleManager: Shutting down and abandoning module NetworkFile (4)
[2015.09.18-02.47.37:351][592]LogModuleManager: Shutting down and abandoning module StreamingFile (3)
[2015.09.18-02.47.37:351][592]LogModuleManager: Shutting down and abandoning module SandboxFile (2)
[2015.09.18-02.47.37:351][592]LogModuleManager: Shutting down and abandoning module PakFile (1)
[2015.09.18-02.47.37:352][592]LogExit: Exiting.
[2015.09.18-02.47.37:364][592]Log file closed, 09/17/15 21:47:37
