[2015.10.02-01.41.28:046][  0]Log file open, 10/01/15 20:41:28
[2015.10.02-01.41.28:046][  0]LogInit:Display: Running engine for game: CATS
[2015.10.02-01.41.28:046][  0]LogInit:Display: RandInit(-1001990260) SRandInit(-1001990257).
[2015.10.02-01.41.28:046][  0]LogTaskGraph: Started task graph with 4 named threads and 5 total threads.
[2015.10.02-01.41.28:046][  0]LogStats: Stats thread started at 0.363586
[2015.10.02-01.41.28:046][  0]LogInit: Version: 4.9.1-2689999+++depot+UE4-Releases+4.9
[2015.10.02-01.41.28:046][  0]LogInit: API Version: 2672455
[2015.10.02-01.41.28:046][  0]LogInit: Compiled (64-bit): Sep 14 2015 04:12:03
[2015.10.02-01.41.28:046][  0]LogInit: Compiled with Visual C++: 18.00.21005.01
[2015.10.02-01.41.28:046][  0]LogInit: Build Configuration: Development
[2015.10.02-01.41.28:046][  0]LogInit: Branch Name: ++depot+UE4-Releases+4.9
[2015.10.02-01.41.28:046][  0]LogInit: Command line:  
[2015.10.02-01.41.28:046][  0]LogInit: Base directory: C:/Program Files/Epic Games/4.9/Engine/Binaries/Win64/
[2015.10.02-01.41.28:046][  0]LogInit: Rocket: 1
[2015.10.02-01.41.28:080][  0]LogInit: Using libcurl 7.41.0
[2015.10.02-01.41.28:080][  0]LogInit:  - built for x86_64-pc-win32
[2015.10.02-01.41.28:080][  0]LogInit:  - supports SSL with WinSSL
[2015.10.02-01.41.28:080][  0]LogInit:  - other features:
[2015.10.02-01.41.28:080][  0]LogInit:      CURL_VERSION_SSL
[2015.10.02-01.41.28:080][  0]LogInit:      CURL_VERSION_IPV6
[2015.10.02-01.41.28:080][  0]LogInit:      CURL_VERSION_ASYNCHDNS
[2015.10.02-01.41.28:080][  0]LogInit:      CURL_VERSION_LARGEFILE
[2015.10.02-01.41.28:080][  0]LogInit:      CURL_VERSION_IDN
[2015.10.02-01.41.28:080][  0]LogInit:  CurlRequestOptions (configurable via config and command line):
[2015.10.02-01.41.28:080][  0]LogInit:  - bVerifyPeer = true  - Libcurl will verify peer certificate
[2015.10.02-01.41.28:080][  0]LogInit:  - bUseHttpProxy = false  - Libcurl will NOT use HTTP proxy
[2015.10.02-01.41.28:080][  0]LogInit:  - bDontReuseConnections = false  - Libcurl will reuse connections
[2015.10.02-01.41.28:080][  0]LogInit:  - CertBundlePath = nullptr  - Libcurl will use whatever was configured at build time.
[2015.10.02-01.41.28:122][  0]LogInit: Presizing for 0 objects not considered by GC, pre-allocating 0 bytes.
[2015.10.02-01.41.28:137][  0]LogInit: Object subsystem initialized
[2015.10.02-01.41.28:139][  0]LogInit: Selected Device Profile: [Windows]
[2015.10.02-01.41.28:139][  0]LogInit: Applying CVar settings loaded from the selected device profile: [Windows]
[2015.10.02-01.41.28:156][  0]LogInit: Computer: AGISE
[2015.10.02-01.41.28:156][  0]LogInit: User: Edosiho
[2015.10.02-01.41.28:156][  0]LogInit: CPU Page size=4096, Cores=2
[2015.10.02-01.41.28:156][  0]LogInit: High frequency timer resolution =2.208009 MHz
[2015.10.02-01.41.28:156][  0]LogMemory: Memory total: Physical=6.0GB (6GB approx)
[2015.10.02-01.41.28:156][  0]LogMemory: Platform Memory Stats for Windows
[2015.10.02-01.41.28:156][  0]LogMemory: Process Physical Memory: 55.95 MB used, 55.95 MB peak
[2015.10.02-01.41.28:156][  0]LogMemory: Process Virtual Memory: 58.90 MB used, 58.90 MB peak
[2015.10.02-01.41.28:156][  0]LogMemory: Physical Memory: 1774.43 MB used, 6131.91 MB total
[2015.10.02-01.41.28:156][  0]LogMemory: Virtual Memory: 356.94 MB used, 134217728.00 MB total
[2015.10.02-01.41.29:617][  0]LogD3D11RHI: Found D3D11 adapter 0: NVIDIA Quadro FX 770M (Feature Level 10_0)
[2015.10.02-01.41.29:617][  0]LogD3D11RHI: Adapter has 483MB of dedicated video memory, 0MB of dedicated system memory, and 3065MB of shared system memory, 1 output[s]
[2015.10.02-01.41.29:623][  0]LogD3D11RHI: Found D3D11 adapter 1: Microsoft Basic Render Driver (Feature Level 11_0)
[2015.10.02-01.41.29:623][  0]LogD3D11RHI: Adapter has 0MB of dedicated video memory, 0MB of dedicated system memory, and 256MB of shared system memory, 0 output[s]
[2015.10.02-01.41.29:623][  0]LogD3D11RHI: Chosen D3D11 Adapter Id = 0
[2015.10.02-01.41.29:631][  0]LogD3D11RHI: !Direct3DDevice
[2015.10.02-01.41.29:632][  0]LogRHI: Texture pool is 338 MB (70% of 483 MB)
[2015.10.02-01.41.29:661][  0]LogD3D11RHI: Async texture creation enabled
[2015.10.02-01.41.29:688][  0]LogShaderCompilers: Guid format shader working directory is 14 characters bigger than the processId version (../../../../../../Users/Edosiho/Documents/GitHub/C.A.T.S/CATS/Intermediate/Shaders/WorkingDirectory/10472/).
[2015.10.02-01.41.29:689][  0]LogShaderCompilers: Cleaned the shader compiler working directory '../../../../../../Users/Edosiho/Documents/GitHub/C.A.T.S/CATS/Intermediate/Shaders/tmp/8E8CAE254A0AD72C36086CA6EE644526/'.
[2015.10.02-01.41.29:689][  0]LogShaderCompilers:Display: Using Local Shader Compiler.
[2015.10.02-01.41.34:627][  0]LogTemp:Display: Loaded TP AllDesktopTargetPlatform
[2015.10.02-01.41.34:651][  0]LogTemp:Display: Loaded TP WindowsClientTargetPlatform
[2015.10.02-01.41.34:676][  0]LogTemp:Display: Loaded TP WindowsNoEditorTargetPlatform
[2015.10.02-01.41.34:702][  0]LogTemp:Display: Loaded TP WindowsServerTargetPlatform
[2015.10.02-01.41.34:724][  0]LogTemp:Display: Loaded TP WindowsTargetPlatform
[2015.10.02-01.41.34:742][  0]LogTemp:Display: Loaded TP AndroidTargetPlatform
[2015.10.02-01.41.34:760][  0]LogTemp:Display: Loaded TP Android_ASTCTargetPlatform
[2015.10.02-01.41.34:793][  0]LogTemp:Display: Loaded TP Android_ATCTargetPlatform
[2015.10.02-01.41.34:812][  0]LogTemp:Display: Loaded TP Android_DXTTargetPlatform
[2015.10.02-01.41.34:831][  0]LogTemp:Display: Loaded TP Android_ETC1TargetPlatform
[2015.10.02-01.41.34:849][  0]LogTemp:Display: Loaded TP Android_ETC2TargetPlatform
[2015.10.02-01.41.34:868][  0]LogTemp:Display: Loaded TP Android_PVRTCTargetPlatform
[2015.10.02-01.41.34:880][  0]LogTemp:Display: Loaded TP HTML5TargetPlatform
[2015.10.02-01.41.34:991][  0]LogTemp:Display: Loaded TP IOSTargetPlatform
[2015.10.02-01.41.35:008][  0]LogTemp:Display: Loaded TP LinuxNoEditorTargetPlatform
[2015.10.02-01.41.35:027][  0]LogTemp:Display: Loaded TP LinuxServerTargetPlatform
[2015.10.02-01.41.35:045][  0]LogTemp:Display: Loaded TP LinuxTargetPlatform
[2015.10.02-01.41.35:045][  0]LogTargetPlatformManager:Display: Building Assets For Windows
[2015.10.02-01.41.35:574][  0]LogDerivedDataCache:Display: Max Cache Size: 512 MB
[2015.10.02-01.41.36:389][  0]LogDerivedDataCache: Loaded boot cache 0.81s 36MB C:/Users/Edosiho/AppData/Local/UnrealEngine/4.9/DerivedDataCache/Boot.ddc.
[2015.10.02-01.41.36:389][  0]LogDerivedDataCache:Display: Loaded Boot cache: C:/Users/Edosiho/AppData/Local/UnrealEngine/4.9/DerivedDataCache/Boot.ddc
[2015.10.02-01.41.36:389][  0]LogDerivedDataCache: FDerivedDataBackendGraph:  Pak pak cache file ../../../../../../Users/Edosiho/Documents/GitHub/C.A.T.S/CATS/DerivedDataCache/DDC.ddp not found, will not use a pak cache.
[2015.10.02-01.41.36:389][  0]LogDerivedDataCache: Unable to find inner node Pak for hierarchical cache Hierarchy.
[2015.10.02-01.41.36:389][  0]LogDerivedDataCache: FDerivedDataBackendGraph:  CompressedPak pak cache file ../../../../../../Users/Edosiho/Documents/GitHub/C.A.T.S/CATS/DerivedDataCache/Compressed.ddp not found, will not use a pak cache.
[2015.10.02-01.41.36:389][  0]LogDerivedDataCache: Unable to find inner node CompressedPak for hierarchical cache Hierarchy.
[2015.10.02-01.41.36:703][  0]LogDerivedDataCache:Display: Pak cache opened for reading ../../../Engine/DerivedDataCache/Compressed.ddp.
[2015.10.02-01.41.36:717][  0]LogDerivedDataCache: Using Local data cache path C:/Users/Edosiho/AppData/Local/UnrealEngine/Common/DerivedDataCache: Writable
[2015.10.02-01.41.39:578][  0]LogInit: Selected Device Profile: [Windows]
[2015.10.02-01.41.39:602][  0]LogContentStreaming: Texture pool size is 0.000000MB
[2015.10.02-01.41.40:246][  0]LogMeshUtilities: No automatic mesh reduction module available
[2015.10.02-01.41.40:246][  0]LogMeshUtilities: No automatic mesh merging module available
[2015.10.02-01.41.42:159][  0]LogInit: WinSock: version 1.1 (2.2), MaxSocks=32767, MaxUdp=65467
[2015.10.02-01.41.45:393][  0]LogAssetRegistry: FAssetRegistry took 0.0114 seconds to start up
[2015.10.02-01.41.45:463][  0]UdpMessaging: Initializing bridge on interface 0.0.0.0:0 to multicast group 230.0.0.1:6666.
[2015.10.02-01.41.49:001][  0]SourceControl: Info Source control is disabled
[2015.10.02-01.41.49:453][  0]SourceControl: Info Source control is disabled
[2015.10.02-01.41.49:562][  0]SourceControl: Info Source control is disabled
[2015.10.02-01.41.49:691][  0]SourceControl: Info Source control is disabled
[2015.10.02-01.41.50:956][  0]LogLinker:Warning: Asset '../../../Engine/Plugins/Runtime/LeapMotionController/Content/LM_PassthroughMaterial.uasset' has been saved with empty engine version. The asset will be loaded but may be incompatible.
[2015.10.02-01.41.52:090][  0]LogObj: 28528 objects as part of root set at end of initial load.
[2015.10.02-01.41.52:090][  0]LogUObjectAllocator: 6068464 out of 0 bytes used by permanent object pool.
[2015.10.02-01.41.53:569][  0]LogEngine: Initializing Engine...
[2015.10.02-01.41.53:603][  0]LogHMD: Can't find Oculus library dev build: is proper Runtime installed? Version: 0.7.0.0
[2015.10.02-01.41.53:628][  0]LogHMD: SteamVR failed to initialize.  Err: 110
[2015.10.02-01.41.54:207][  0]LogAIModule: Creating AISystem for world NewWorld
[2015.10.02-01.41.54:693][  0]LogInit: XAudio2 using 'Speakers (High Definition Audio Device)' : 2 channels at 44.1 kHz using 16 bits per sample (channel mask 0x3)
[2015.10.02-01.41.54:931][  0]LogInit: FAudioDevice initialized.
[2015.10.02-01.41.54:980][  0]LogDerivedDataCache: Saved boot cache 0.05s 36MB C:/Users/Edosiho/AppData/Local/UnrealEngine/4.9/DerivedDataCache/Boot.ddc.
[2015.10.02-01.41.54:999][  0]LogInit: Texture streaming: Enabled
[2015.10.02-01.41.55:179][  0]LogAnalytics: Creating configured Analytics provider AnalyticsET
[2015.10.02-01.41.55:179][  0]LogAnalytics: [UEEditor.Rocket.Release] APIServer = http://et2.epicgames.com/ET2/. AppVersion = 4.9.1-2689999+++depot+UE4-Releases+4.9
[2015.10.02-01.41.55:179][  0]LogAnalytics: [UEEditor.Rocket.Release] SetUserId a3ecda3c4d50cd275ecf7497f12b4d14|e806c5a3e75b4a14b122359eb3b7e1a6|4fbddb0b-eeea-41a9-880e-03c25a996dc0
[2015.10.02-01.41.55:179][  0]LogAnalytics: [UEEditor.Rocket.Release] AnalyticsET::StartSession
[2015.10.02-01.41.55:894][  0]LogInit: Transaction tracking system initialized
[2015.10.02-01.41.56:626][  0]BlueprintLog: New page: Editor Load
[2015.10.02-01.41.59:287][  0]LocalizationService: Info Localization service is disabled
[2015.10.02-01.42.01:762][  0]LogConsoleResponse:Display: 
[2015.10.02-01.42.04:530][  0]LogFileCache: Scanning file cache for directory 'C:/Users/Edosiho/Documents/GitHub/C.A.T.S/CATS/Content/' took 0.02s
[2015.10.02-01.42.04:530][  0]LogCook:Display: Done creating registry. It took  0.00s.
[2015.10.02-01.42.05:764][  0]SourceControl: Info Source control is disabled
[2015.10.02-01.42.05:806][  0]Cmd: MAP LOAD FILE="../../../../../../Users/Edosiho/Documents/GitHub/C.A.T.S/CATS/Content/ThirdPersonBP/Maps/ThirdPersonExampleMap.umap" TEMPLATE=0 SHOWPROGRESS=1 FEATURELEVEL=2
[2015.10.02-01.42.05:825][  0]LightingResults: New page: Lighting Build
[2015.10.02-01.42.05:873][  0]MapCheck: New page: Map Check
[2015.10.02-01.42.05:873][  0]LightingResults: New page: Lighting Build
[2015.10.02-01.42.06:573][  0]LogParticles: Destroying 0 GPU particle simulations for FXSystem 0x0000005AE7FC2160
[2015.10.02-01.42.07:643][  0]LogTexture:Display: Building textures: T_ML_Aluminum01 (AutoDXT)
[2015.10.02-01.42.08:217][  0]LogTexture:Display: Building textures: T_ML_Aluminum01_N (BC5)
[2015.10.02-01.42.08:320][  0]LogTexture:Display: Building textures: T_ML_Rubber_Blue_01_N (BC5)
[2015.10.02-01.42.08:437][  0]LogTexture:Display: Building textures: UE4_Mannequin_MAT_MASKA (AutoDXT)
[2015.10.02-01.42.09:071][  0]LogTexture:Display: Building textures: UE4_Mannequin__normals (BC5)
[2015.10.02-01.42.10:723][  0]LogTexture:Display: Building textures: UE4_Mannequin_occlusion (AutoDXT)
[2015.10.02-01.42.11:142][  0]LogMaterial: Missing cached shader map for material M_UE4Man_Body, compiling. 
[2015.10.02-01.42.11:403][  0]LogTexture:Display: Building textures: UE4Man_Logo_N (BC5)
[2015.10.02-01.42.11:500][  0]LogMaterial: Missing cached shader map for material M_UE4Man_Body, compiling. 
[2015.10.02-01.42.12:206][  0]LogMaterial: Missing cached shader map for material CubeMaterial, compiling. 
[2015.10.02-01.42.12:516][  0]LogStaticMesh: Building static mesh CubeMesh...
[2015.10.02-01.42.12:547][  0]LogStaticMesh: Built static mesh [0.041398.2s] /Game/ThirdPersonBP/Meshes/CubeMesh.CubeMesh
[2015.10.02-01.42.12:629][  0]LogTexture:Display: Building textures: HQ_Lightmap0_2 (AutoDXT)
[2015.10.02-01.42.12:782][  0]LogTexture:Display: Building textures: HQ_Lightmap0_3 (AutoDXT)
[2015.10.02-01.42.12:937][  0]LogTexture:Display: Building textures: HQ_Lightmap0_4 (AutoDXT)
[2015.10.02-01.42.13:057][  0]LogTexture:Display: Building textures: HQ_Lightmap0_6 (AutoDXT)
[2015.10.02-01.42.13:995][  0]LogTexture:Display: Building textures: HQ_Lightmap1_1 (AutoDXT)
[2015.10.02-01.42.21:410][  0]LogTexture:Display: Building textures: HQ_Lightmap1_5 (AutoDXT)
[2015.10.02-01.42.21:574][  0]LogTexture:Display: Building textures: HQ_Lightmap1_7 (AutoDXT)
[2015.10.02-01.42.21:587][  0]LogTexture:Display: Building textures: LQ_Lightmap_0_2 (DXT1)
[2015.10.02-01.42.21:649][  0]LogTexture:Display: Building textures: LQ_Lightmap_0_3 (DXT1)
[2015.10.02-01.42.21:737][  0]LogTexture:Display: Building textures: LQ_Lightmap_0_4 (DXT1)
[2015.10.02-01.42.21:841][  0]LogTexture:Display: Building textures: LQ_Lightmap_0_6 (DXT1)
[2015.10.02-01.42.22:471][  0]LogTexture:Display: Building textures: LQ_Lightmap_1_1 (DXT1)
[2015.10.02-01.42.25:543][  0]LogTexture:Display: Building textures: LQ_Lightmap_1_5 (DXT1)
[2015.10.02-01.42.25:634][  0]LogTexture:Display: Building textures: LQ_Lightmap_1_7 (DXT1)
[2015.10.02-01.42.25:882][  0]LogTexture:Display: Building textures: SkyOcclusion1_1 (AutoDXT)
[2015.10.02-01.42.29:844][  0]LogTexture:Display: Building textures: SkyOcclusion1_2 (AutoDXT)
[2015.10.02-01.42.29:924][  0]LogTexture:Display: Building textures: SkyOcclusion1_3 (AutoDXT)
[2015.10.02-01.42.30:024][  0]LogTexture:Display: Building textures: SkyOcclusion1_4 (AutoDXT)
[2015.10.02-01.42.30:150][  0]LogTexture:Display: Building textures: SkyOcclusion1_5 (AutoDXT)
[2015.10.02-01.42.30:257][  0]LogTexture:Display: Building textures: SkyOcclusion1_6 (AutoDXT)
[2015.10.02-01.42.30:483][  0]LogTexture:Display: Building textures: SkyOcclusion1_7 (AutoDXT)
[2015.10.02-01.42.30:793][  0]LogTexture:Display: Building textures: ShadowMapTexture2D_0 (BGRA8)
[2015.10.02-01.42.32:647][  0]LogTexture:Display: Building textures: ShadowMapTexture2D_1 (BGRA8)
[2015.10.02-01.42.32:682][  0]LogTexture:Display: Building textures: ShadowMapTexture2D_2 (BGRA8)
[2015.10.02-01.42.32:705][  0]LogTexture:Display: Building textures: ShadowMapTexture2D_3 (BGRA8)
[2015.10.02-01.42.32:726][  0]LogTexture:Display: Building textures: ShadowMapTexture2D_4 (BGRA8)
[2015.10.02-01.42.32:746][  0]LogTexture:Display: Building textures: ShadowMapTexture2D_5 (BGRA8)
[2015.10.02-01.42.32:785][  0]LogTexture:Display: Building textures: ShadowMapTexture2D_6 (BGRA8)
[2015.10.02-01.42.33:032][  0]LogAIModule: Creating AISystem for world ThirdPersonExampleMap
[2015.10.02-01.42.33:252][  0]LogEditorServer: Finished looking for orphan Actors (0.012 secs)
[2015.10.02-01.42.33:323][  0]Cmd: MAP CHECKDEP NOCLEARLOG
[2015.10.02-01.42.33:465][  0]MapCheck: Info Map check complete: 0 Error(s), 0 Warning(s), took 141.455ms to complete.
[2015.10.02-01.42.33:465][  0]LogFileHelpers: Loading map 'ThirdPersonExampleMap' took 27.685
[2015.10.02-01.42.34:035][  0]LogCollectionManager: Loaded 0 collections in 0.006625 seconds
[2015.10.02-01.42.34:138][  0]LogFileCache: Scanning file cache for directory 'C:/Users/Edosiho/Documents/GitHub/C.A.T.S/CATS/Saved/Collections/' took 0.01s
[2015.10.02-01.42.34:138][  0]LogFileCache: Scanning file cache for directory 'C:/Users/Edosiho/Documents/GitHub/C.A.T.S/CATS/Content/Developers/Edosiho/Collections/' took 0.01s
[2015.10.02-01.42.34:138][  0]LogFileCache: Scanning file cache for directory 'C:/Users/Edosiho/Documents/GitHub/C.A.T.S/CATS/Content/Collections/' took 0.01s
[2015.10.02-01.42.34:138][  0]LogContentBrowser: Native class hierarchy populated in 0.0146 seconds. Added 1882 classes and 339 folders.
[2015.10.02-01.42.34:177][  0]LogCollectionManager: Rebuilt the GUID cache for 0 collections in 0.000005 seconds
[2015.10.02-01.42.34:267][  0]LogContentBrowser: Native class hierarchy updated for 'WidgetCarousel' in 0.0007 seconds. Added 0 classes and 0 folders.
[2015.10.02-01.42.36:609][  0]LogContentBrowser: Native class hierarchy updated for 'AddContentDialog' in 0.0007 seconds. Added 0 classes and 0 folders.
[2015.10.02-01.42.36:645][  0]LogContentBrowser: Native class hierarchy updated for 'SceneOutliner' in 0.0007 seconds. Added 1 classes and 2 folders.
[2015.10.02-01.42.37:157][  0]LogCrashTracker: Crashtracker disabled due to settings.
[2015.10.02-01.42.37:239][  0]LogUObjectGlobals:Warning: Failed to find object 'Class None.'
[2015.10.02-01.42.37:316][  0]LogLoad: Full Startup: 70.95 seconds (BP compile: 0.53 seconds)
[2015.10.02-01.42.37:527][  0]LogContentStreaming: Texture pool size now 200 MB
[2015.10.02-01.42.38:025][  0]LogRenderer: Reallocating scene render targets to support 1032x552 (Frame:2).
[2015.10.02-01.42.49:648][  9]LogAssetRegistry: Asset discovery search completed in 64.2659 seconds
[2015.10.02-01.42.49:648][  9]LogCollectionManager: Rebuilt the object cache for 0 collections in 0.000003 seconds (found 0 objects)
[2015.10.02-01.42.49:665][  9]LogCollectionManager: Fixed up redirectors for 0 collections in 0.016451 seconds (updated 0 objects)
[2015.10.02-01.44.15:119][780]LogLinker:Warning: Can't find file '/Game/UE4_Mannequin/Mesh/UE4_Mannequin'
[2015.10.02-01.44.15:120][780]LogLinker:Warning: Can't find file '/Game/UE4_Mannequin/Mesh/UE4_Mannequin'
[2015.10.02-01.44.15:120][780]LogUObjectGlobals:Warning: Failed to find object 'SkeletalMesh /Game/UE4_Mannequin/Mesh/UE4_Mannequin.UE4_Mannequin'
[2015.10.02-01.44.15:142][781]LogLinker:Warning: Can't find file '/Game/UE4_Mannequin/Mesh/UE4_Mannequin'
[2015.10.02-01.44.15:143][781]LogUObjectGlobals:Warning: Failed to find object 'SkeletalMesh /Game/UE4_Mannequin/Mesh/UE4_Mannequin.UE4_Mannequin'
[2015.10.02-01.44.15:144][781]LogLinker:Warning: Can't find file '/Game/UE4_Mannequin/Mesh/UE4_Mannequin'
[2015.10.02-01.44.15:145][781]LogUObjectGlobals:Warning: Failed to find object 'SkeletalMesh /Game/UE4_Mannequin/Mesh/UE4_Mannequin.UE4_Mannequin'
[2015.10.02-01.44.15:146][781]LogLinker:Warning: Can't find file '/Game/UE4_Mannequin/Mesh/UE4_Mannequin'
[2015.10.02-01.44.15:146][781]LogUObjectGlobals:Warning: Failed to find object 'SkeletalMesh /Game/UE4_Mannequin/Mesh/UE4_Mannequin.UE4_Mannequin'
[2015.10.02-01.44.15:166][782]LogLinker:Warning: Can't find file '/Game/UE4_Mannequin/Mesh/UE4_Mannequin'
[2015.10.02-01.44.15:166][782]LogUObjectGlobals:Warning: Failed to find object 'SkeletalMesh /Game/UE4_Mannequin/Mesh/UE4_Mannequin.UE4_Mannequin'
[2015.10.02-01.44.15:170][782]LogLinker:Warning: Can't find file '/Game/UE4_Mannequin/Mesh/UE4_Mannequin'
[2015.10.02-01.44.15:170][782]LogUObjectGlobals:Warning: Failed to find object 'SkeletalMesh /Game/UE4_Mannequin/Mesh/UE4_Mannequin.UE4_Mannequin'
[2015.10.02-01.44.15:170][782]LogLinker:Warning: Can't find file '/Game/UE4_Mannequin/Mesh/UE4_Mannequin'
[2015.10.02-01.44.15:171][782]LogUObjectGlobals:Warning: Failed to find object 'SkeletalMesh /Game/UE4_Mannequin/Mesh/UE4_Mannequin.UE4_Mannequin'
[2015.10.02-01.44.15:194][783]LogLinker:Warning: Can't find file '/Game/UE4_Mannequin/Mesh/UE4_Mannequin'
[2015.10.02-01.44.15:195][783]LogUObjectGlobals:Warning: Failed to find object 'SkeletalMesh /Game/UE4_Mannequin/Mesh/UE4_Mannequin.UE4_Mannequin'
[2015.10.02-01.46.22:027][437]LogActorComponent: UnregisterComponent: (/Engine/Transient.CharMoveComp) Not registered. Aborting.
[2015.10.02-01.46.22:148][437]Cmd: MAP LOAD FILE="../../../../../../Users/Edosiho/Documents/GitHub/C.A.T.S/CATS/Content/catsnivel1.umap" TEMPLATE=0 SHOWPROGRESS=1 FEATURELEVEL=2
[2015.10.02-01.46.22:172][437]LightingResults: New page: Lighting Build
[2015.10.02-01.46.22:220][437]LoadErrors: New page: Loading map: catsnivel1.umap
[2015.10.02-01.46.22:223][437]MapCheck: New page: Map Check
[2015.10.02-01.46.22:223][437]LightingResults: New page: Lighting Build
[2015.10.02-01.46.22:261][437]LogParticles: Destroying 0 GPU particle simulations for FXSystem 0x0000005A8AD75F80
[2015.10.02-01.46.23:857][437]LogStaticMesh: Building static mesh playground_gatito...
[2015.10.02-01.46.24:190][437]LogStaticMesh: Built static mesh [0.337716.2s] /Game/StarterContent/Architecture/playground_gatito.playground_gatito
[2015.10.02-01.46.24:251][437]LogStaticMesh: Building static mesh preuba_sillon...
[2015.10.02-01.46.25:237][437]LogStaticMesh: Built static mesh [0.986887.2s] /Game/preuba_sillon.preuba_sillon
[2015.10.02-01.46.25:409][437]LogMaterial: Missing cached shader map for material lambert2, compiling. 
[2015.10.02-01.46.25:817][437]LogStaticMesh: Building static mesh tachuela...
[2015.10.02-01.46.25:830][437]LogStaticMesh: Built static mesh [0.013699.2s] /Game/StarterContent/Props/tachuela.tachuela
[2015.10.02-01.46.25:864][437]LogMaterial: Missing cached shader map for material blinn1, compiling. 
[2015.10.02-01.46.25:878][437]LogMaterial: Missing cached shader map for material lambert1, compiling. 
[2015.10.02-01.46.25:889][437]LogStaticMesh: Building static mesh tele...
[2015.10.02-01.46.25:981][437]LogStaticMesh: Built static mesh [0.092670.2s] /Game/StarterContent/Architecture/tele.tele
[2015.10.02-01.46.26:007][437]LogStaticMesh: Building static mesh mesa...
[2015.10.02-01.46.26:017][437]LogStaticMesh: Built static mesh [0.031002.2s] /Game/StarterContent/Props/mesa.mesa
[2015.10.02-01.46.26:530][437]LogMaterial: Missing cached shader map for material lambert2, compiling. 
[2015.10.02-01.46.26:621][437]LogMaterial: Missing cached shader map for material phong1, compiling. 
[2015.10.02-01.46.26:718][437]LogAIModule: Creating AISystem for world catsnivel1
[2015.10.02-01.46.26:874][437]LogEditorServer: Finished looking for orphan Actors (0.000 secs)
[2015.10.02-01.46.26:950][437]Cmd: MAP CHECKDEP NOCLEARLOG
[2015.10.02-01.46.27:182][437]MapCheck: Info Map check complete: 0 Error(s), 0 Warning(s), took 232.401ms to complete.
[2015.10.02-01.46.27:182][437]LogFileHelpers: Loading map 'catsnivel1' took 5.037
[2015.10.02-01.46.44:434][838]LogBlueprintUserMessages: Early PlayInEditor Detection: Level '/Game/catsnivel1.catsnivel1:PersistentLevel' has LevelScriptBlueprint '/Game/catsnivel1.catsnivel1:PersistentLevel.catsnivel1' with GeneratedClass '/Game/catsnivel1.catsnivel1_C' with ClassGeneratedBy '/Game/catsnivel1.catsnivel1:PersistentLevel.catsnivel1'
[2015.10.02-01.46.44:434][838]LogPlayLevel: PlayLevel: No blueprints needed recompiling
[2015.10.02-01.46.44:511][838]PIE: New page: PIE session: catsnivel1 (Oct 1, 2015, 3:46:44 PM)
[2015.10.02-01.46.44:511][838]LogPlayLevel: Creating play world package: /Game/UEDPIE_0_catsnivel1
[2015.10.02-01.46.44:587][838]LogPlayLevel: PIE: StaticDuplicateObject took: (0.075683s)
[2015.10.02-01.46.44:589][838]LogAIModule: Creating AISystem for world catsnivel1
[2015.10.02-01.46.44:589][838]LogPlayLevel: PIE: World Init took: (0.001882s)
[2015.10.02-01.46.44:589][838]LogPlayLevel: PIE: Created PIE world by copying editor world from /Game/catsnivel1.catsnivel1 to /Game/UEDPIE_0_catsnivel1.catsnivel1 (0.077939s)
[2015.10.02-01.46.44:642][838]LogInit: XAudio2 using 'Speakers (High Definition Audio Device)' : 2 channels at 44.1 kHz using 16 bits per sample (channel mask 0x3)
[2015.10.02-01.46.44:654][838]LogInit: FAudioDevice initialized.
[2015.10.02-01.46.44:757][838]LogWorld: Game class is 'ThirdPersonGameMode_C'
[2015.10.02-01.46.44:776][838]LogWorld: Bringing World /Game/UEDPIE_0_catsnivel1.catsnivel1 up for play (max tick rate 60) at 2015.10.01-20.46.44
[2015.10.02-01.46.44:776][838]LogActor:Warning: GameSession /Game/UEDPIE_0_catsnivel1.catsnivel1:PersistentLevel.GameSession_0 has natively added scene component(s), but none of them were set as the actor's RootComponent - picking one arbitrarily
[2015.10.02-01.46.44:777][838]LogActor:Warning: GameNetworkManager /Game/UEDPIE_0_catsnivel1.catsnivel1:PersistentLevel.GameNetworkManager_0 has natively added scene component(s), but none of them were set as the actor's RootComponent - picking one arbitrarily
[2015.10.02-01.46.44:794][838]LogWorld: Bringing up level for play took: 0.035036
[2015.10.02-01.46.44:862][838]PIE: Info Play in editor start time for /Game/UEDPIE_0_catsnivel1 -0.116
[2015.10.02-01.46.44:862][838]LogBlueprintUserMessages: Late PlayInEditor Detection: Level '/Game/catsnivel1.catsnivel1:PersistentLevel' has LevelScriptBlueprint '/Game/catsnivel1.catsnivel1:PersistentLevel.catsnivel1' with GeneratedClass '/Game/catsnivel1.catsnivel1_C' with ClassGeneratedBy '/Game/catsnivel1.catsnivel1:PersistentLevel.catsnivel1'
[2015.10.02-01.46.56:794][332]LogBlueprintUserMessages: Early EndPlayMap Detection: Level '/Game/catsnivel1.catsnivel1:PersistentLevel' has LevelScriptBlueprint '/Game/catsnivel1.catsnivel1:PersistentLevel.catsnivel1' with GeneratedClass '/Game/catsnivel1.catsnivel1_C' with ClassGeneratedBy '/Game/catsnivel1.catsnivel1:PersistentLevel.catsnivel1'
[2015.10.02-01.46.56:923][332]LogBlueprintUserMessages: Late EndPlayMap Detection: Level '/Game/catsnivel1.catsnivel1:PersistentLevel' has LevelScriptBlueprint '/Game/catsnivel1.catsnivel1:PersistentLevel.catsnivel1' with GeneratedClass '/Game/catsnivel1.catsnivel1_C' with ClassGeneratedBy '/Game/catsnivel1.catsnivel1:PersistentLevel.catsnivel1'
[2015.10.02-01.46.56:968][332]LogParticles: Destroying 0 GPU particle simulations for FXSystem 0x0000005A9488C9A0
[2015.10.02-01.47.06:716][700]MapCheck: New page: Map Check
[2015.10.02-01.47.06:792][700]Cmd: MAP REBUILD ALLVISIBLE
[2015.10.02-01.47.06:798][700]LogEditorServer: Rebuildmap Clear paths rebuilt
[2015.10.02-01.47.07:258][700]LogEditorServer: Cleared 1 NULL BSP materials after rebuild.
[2015.10.02-01.47.07:299][700]LightingResults: New page: Lighting Build - Oct 1, 2015, 3:47:07 PM
[2015.10.02-01.47.42:801][700]LogStaticLightingSystem:Warning: No importance volume found, so the scene bounding box was used.  You can optimize your scene's quality and lighting build times by adding importance volumes.
[2015.10.02-01.47.42:801][700]LogStaticLightingSystem: Running Lightmass w/ ImmediateImport mode ENABLED
[2015.10.02-01.47.42:801][700]LogStaticLightingSystem: Running Lightmass w/ ImmediateProcess mode ENABLED
[2015.10.02-01.47.42:801][700]LogStaticLightingSystem: Running Lightmass w/ Sorting mode ENABLED
[2015.10.02-01.47.42:801][700]LogStaticLightingSystem: Running Lightmass w/ Mapping paddings ENABLED
[2015.10.02-01.47.42:801][700]LogStaticLightingSystem: Running Lightmass w/ Mapping debug paddings DISABLED
[2015.10.02-01.47.45:603][700]LogEditorBuildUtils: Build time 0:00:38
[2015.10.02-01.47.45:823][701]LogMaterial: Missing cached shader map for material FLightmassMaterialRenderer lambert2, compiling. 
[2015.10.02-01.47.45:848][701]LogMaterial: Missing cached shader map for material FLightmassMaterialRenderer lambert2, compiling. 
[2015.10.02-01.47.48:631][702]LogMaterial: Missing cached shader map for material FLightmassMaterialRenderer M_TableRound, compiling. 
[2015.10.02-01.47.48:643][702]LogMaterial: Missing cached shader map for material FLightmassMaterialRenderer M_TableRound, compiling. 
[2015.10.02-01.47.48:757][703]LogMaterial: Missing cached shader map for material FLightmassMaterialRenderer M_Metal_Chrome, compiling. 
[2015.10.02-01.47.48:768][703]LogMaterial: Missing cached shader map for material FLightmassMaterialRenderer M_Metal_Chrome, compiling. 
[2015.10.02-01.47.48:856][704]LogMaterial: Missing cached shader map for material FLightmassMaterialRenderer phong1, compiling. 
[2015.10.02-01.47.48:879][704]LogMaterial: Missing cached shader map for material FLightmassMaterialRenderer phong1, compiling. 
[2015.10.02-01.47.48:922][705]LogMaterial: Missing cached shader map for material FLightmassMaterialRenderer lambert2, compiling. 
[2015.10.02-01.47.48:937][705]LogMaterial: Missing cached shader map for material FLightmassMaterialRenderer lambert2, compiling. 
[2015.10.02-01.47.48:976][706]LogMaterial: Missing cached shader map for material FLightmassMaterialRenderer M_Door, compiling. 
[2015.10.02-01.47.48:993][706]LogMaterial: Missing cached shader map for material FLightmassMaterialRenderer M_Door, compiling. 
[2015.10.02-01.47.49:028][707]LogMaterial: Missing cached shader map for material FLightmassMaterialRenderer M_Glass, compiling. 
[2015.10.02-01.47.49:039][707]LogMaterial: Missing cached shader map for material FLightmassMaterialRenderer M_Glass, compiling. 
[2015.10.02-01.47.49:077][708]LogMaterial: Missing cached shader map for material FLightmassMaterialRenderer M_Frame, compiling. 
[2015.10.02-01.47.49:087][708]LogMaterial: Missing cached shader map for material FLightmassMaterialRenderer M_Frame, compiling. 
[2015.10.02-01.47.49:143][709]LogMaterial: Missing cached shader map for material FLightmassMaterialRenderer M_Tech_Checker_Dot, compiling. 
[2015.10.02-01.47.49:153][709]LogMaterial: Missing cached shader map for material FLightmassMaterialRenderer M_Tech_Checker_Dot, compiling. 
[2015.10.02-01.47.49:198][710]LogMaterial: Missing cached shader map for material FLightmassMaterialRenderer blinn1, compiling. 
[2015.10.02-01.47.49:209][710]LogMaterial: Missing cached shader map for material FLightmassMaterialRenderer blinn1, compiling. 
[2015.10.02-01.47.49:287][712]LogMaterial: Missing cached shader map for material FLightmassMaterialRenderer M_Brick_Clay_New, compiling. 
[2015.10.02-01.47.49:300][712]LogMaterial: Missing cached shader map for material FLightmassMaterialRenderer M_Brick_Clay_New, compiling. 
[2015.10.02-01.47.49:341][713]LogMaterial: Missing cached shader map for material FLightmassMaterialRenderer M_Wood_Oak, compiling. 
[2015.10.02-01.47.49:351][713]LogMaterial: Missing cached shader map for material FLightmassMaterialRenderer M_Wood_Oak, compiling. 
[2015.10.02-01.47.49:396][714]LogMaterial: Missing cached shader map for material FLightmassMaterialRenderer M_Metal_Gold, compiling. 
[2015.10.02-01.47.49:418][714]LogMaterial: Missing cached shader map for material FLightmassMaterialRenderer M_Metal_Gold, compiling. 
[2015.10.02-01.47.49:451][715]LogMaterial: Missing cached shader map for material FLightmassMaterialRenderer M_Tech_Hex_Tile_Pulse, compiling. 
[2015.10.02-01.47.49:475][715]LogMaterial: Missing cached shader map for material FLightmassMaterialRenderer M_Tech_Hex_Tile_Pulse, compiling. 
[2015.10.02-01.48.56:544][821]LightingResults:Error: Error playground_gatito Object has overlapping UVs.
[2015.10.02-01.48.56:544][821]LightingResults: Info playground_gatito Lightmap UV are overlapping by 47.0%. Please adjust content - Enable Error Coloring to visualize.
[2015.10.02-01.48.59:210][829]Job is a success!
[2015.10.02-01.48.59:838][830]LogMaterial:Warning: Material /Game/StarterContent/Props/blinn1.blinn1 needed to have new flag set bUsedWithStaticLighting !
[2015.10.02-01.48.59:855][830]LogMaterial: Missing cached shader map for material blinn1, compiling. 
[2015.10.02-01.48.59:873][830]LogMaterial: 0.000339 seconds spent updating 1 materials, 1 interfaces, 0 instances, 0 with static permutations.
[2015.10.02-01.48.59:875][830]LogMaterial:Warning: Material /Game/lambert2.lambert2 needed to have new flag set bUsedWithStaticLighting !
[2015.10.02-01.48.59:879][830]LogMaterial: Missing cached shader map for material lambert2, compiling. 
[2015.10.02-01.48.59:922][830]LogMaterial: 0.000342 seconds spent updating 1 materials, 1 interfaces, 0 instances, 0 with static permutations.
[2015.10.02-01.48.59:923][830]LogMaterial:Warning: Material /Game/StarterContent/Props/phong1.phong1 needed to have new flag set bUsedWithStaticLighting !
[2015.10.02-01.48.59:927][830]LogMaterial: Missing cached shader map for material phong1, compiling. 
[2015.10.02-01.48.59:948][830]LogMaterial: 0.000250 seconds spent updating 1 materials, 1 interfaces, 0 instances, 0 with static permutations.
[2015.10.02-01.48.59:948][830]LogMaterial:Warning: Material /Game/StarterContent/Props/lambert2.lambert2 needed to have new flag set bUsedWithStaticLighting !
[2015.10.02-01.48.59:952][830]LogMaterial: Missing cached shader map for material lambert2, compiling. 
[2015.10.02-01.48.59:972][830]LogMaterial: 0.000243 seconds spent updating 1 materials, 1 interfaces, 0 instances, 0 with static permutations.
[2015.10.02-01.49.00:734][830]LogTexture:Display: Building textures: SkyOcclusion0_1 (AutoDXT)
[2015.10.02-01.49.01:137][830]LogTexture:Display: Building textures: LQ_Lightmap_0_5 (DXT1)
[2015.10.02-01.49.01:148][830]LogTexture:Display: Building textures: HQ_Lightmap0_5 (AutoDXT)
[2015.10.02-01.49.01:151][830]LogTexture:Display: Building textures: SkyOcclusion0_5 (AutoDXT)
[2015.10.02-01.49.01:166][830]LogTexture:Display: Building textures: LQ_Lightmap_0_4 (DXT1)
[2015.10.02-01.49.01:294][830]LogTexture:Display: Building textures: HQ_Lightmap0_4 (AutoDXT)
[2015.10.02-01.49.01:447][830]LogTexture:Display: Building textures: SkyOcclusion0_4 (AutoDXT)
[2015.10.02-01.49.01:537][830]LogTexture:Display: Building textures: LQ_Lightmap_0_3 (DXT1)
[2015.10.02-01.49.01:670][830]LogTexture:Display: Building textures: HQ_Lightmap0_3 (AutoDXT)
[2015.10.02-01.49.01:839][830]LogTexture:Display: Building textures: SkyOcclusion0_3 (AutoDXT)
[2015.10.02-01.49.01:926][830]LogTexture:Display: Building textures: LQ_Lightmap_0_2 (DXT1)
[2015.10.02-01.49.02:470][830]LogTexture:Display: Building textures: HQ_Lightmap0_2 (AutoDXT)
[2015.10.02-01.49.03:067][830]LogTexture:Display: Building textures: SkyOcclusion0_2 (AutoDXT)
[2015.10.02-01.49.03:378][830]LogTexture:Display: Building textures: LQ_Lightmap_0_1 (DXT1)
[2015.10.02-01.49.03:773][830]LogTexture:Display: Building textures: HQ_Lightmap0_1 (AutoDXT)
[2015.10.02-01.49.05:033][830]LogTexture:Display: Building textures: ShadowMapTexture2D_0 (G8)
[2015.10.02-01.49.05:227][830]LogTexture:Display: Building textures: ShadowMapTexture2D_1 (G8)
[2015.10.02-01.49.05:319][830]LogTexture:Display: Building textures: ShadowMapTexture2D_2 (G8)
[2015.10.02-01.49.05:371][830]LogTexture:Display: Building textures: ShadowMapTexture2D_3 (G8)
[2015.10.02-01.49.05:376][830]LogTexture:Display: Building textures: ShadowMapTexture2D_4 (G8)
[2015.10.02-01.49.06:039][830]Lightmass on AGISE: 33.8 sec total, 423 ms importing, 94 ms setup, 3.46 sec photons, 29.5 sec processing, 0 ms extra exporting [94/94 mappings]. Threads: 59.1 sec total, 22.6 sec processing.
[2015.10.02-01.49.06:550][830]LogStaticLightingSystem: Illumination: 1:58 min (4.95 sec encoding lightmaps)
[2015.10.02-01.49.06:551][830]LogStaticLightingSystem: Lightmap texture memory:  1.8 MB (0.5 MB streaming, 1.3 MB non-streaming), 10 textures
[2015.10.02-01.49.06:551][830]LogStaticLightingSystem: Shadowmap texture memory: 0.9 MB (0.3 MB streaming, 0.7 MB non-streaming), 5 textures
[2015.10.02-01.49.06:996][831]Cmd: MAP CHECK NOTIFYRESULTS
[2015.10.02-01.49.06:996][831]MapCheck: New page: catsnivel1 - Oct 1, 2015, 3:49:06 PM
[2015.10.02-01.49.07:123][831]MapCheck:Error: Error Cone2 Component is a static type but has invalid lightmap settings!  Indirect lighting will be black.  Common causes are lightmap resolution of 0, LightmapCoordinateIndex out of bounds. 
[2015.10.02-01.49.07:123][831]MapCheck:Warning: Warning Cone2 Static mesh actor has NULL StaticMesh property 
[2015.10.02-01.49.07:123][831]MapCheck:Warning: Warning Cone2 Static mesh actor has NULL StaticMesh property 
[2015.10.02-01.49.07:343][831]MapCheck: Info Map check complete: 1 Error(s), 2 Warning(s), took 346.871ms to complete.
[2015.10.02-01.49.24:683][ 90]LogBlueprintUserMessages: Early PlayInEditor Detection: Level '/Game/catsnivel1.catsnivel1:PersistentLevel' has LevelScriptBlueprint '/Game/catsnivel1.catsnivel1:PersistentLevel.catsnivel1' with GeneratedClass '/Game/catsnivel1.catsnivel1_C' with ClassGeneratedBy '/Game/catsnivel1.catsnivel1:PersistentLevel.catsnivel1'
[2015.10.02-01.49.24:683][ 90]LogPlayLevel: PlayLevel: No blueprints needed recompiling
[2015.10.02-01.49.24:683][ 90]PIE: New page: PIE session: catsnivel1 (Oct 1, 2015, 3:49:24 PM)
[2015.10.02-01.49.24:683][ 90]LogPlayLevel: Creating play world package: /Game/UEDPIE_0_catsnivel1
[2015.10.02-01.49.24:749][ 90]LogPlayLevel: PIE: StaticDuplicateObject took: (0.065829s)
[2015.10.02-01.49.24:751][ 90]LogAIModule: Creating AISystem for world catsnivel1
[2015.10.02-01.49.24:751][ 90]LogPlayLevel: PIE: World Init took: (0.001865s)
[2015.10.02-01.49.24:751][ 90]LogPlayLevel: PIE: Created PIE world by copying editor world from /Game/catsnivel1.catsnivel1 to /Game/UEDPIE_0_catsnivel1.catsnivel1 (0.068003s)
[2015.10.02-01.49.24:834][ 90]LogInit: XAudio2 using 'Speakers (High Definition Audio Device)' : 2 channels at 44.1 kHz using 16 bits per sample (channel mask 0x3)
[2015.10.02-01.49.24:852][ 90]LogInit: FAudioDevice initialized.
[2015.10.02-01.49.24:901][ 90]LogWorld: Game class is 'ThirdPersonGameMode_C'
[2015.10.02-01.49.24:921][ 90]LogWorld: Bringing World /Game/UEDPIE_0_catsnivel1.catsnivel1 up for play (max tick rate 60) at 2015.10.01-20.49.24
[2015.10.02-01.49.24:921][ 90]LogActor:Warning: GameSession /Game/UEDPIE_0_catsnivel1.catsnivel1:PersistentLevel.GameSession_1 has natively added scene component(s), but none of them were set as the actor's RootComponent - picking one arbitrarily
[2015.10.02-01.49.24:922][ 90]LogActor:Warning: GameNetworkManager /Game/UEDPIE_0_catsnivel1.catsnivel1:PersistentLevel.GameNetworkManager_1 has natively added scene component(s), but none of them were set as the actor's RootComponent - picking one arbitrarily
[2015.10.02-01.49.24:923][ 90]LogWorld: Bringing up level for play took: 0.020835
[2015.10.02-01.49.24:926][ 90]PIE: Info Play in editor start time for /Game/UEDPIE_0_catsnivel1 -0.052
[2015.10.02-01.49.24:926][ 90]LogBlueprintUserMessages: Late PlayInEditor Detection: Level '/Game/catsnivel1.catsnivel1:PersistentLevel' has LevelScriptBlueprint '/Game/catsnivel1.catsnivel1:PersistentLevel.catsnivel1' with GeneratedClass '/Game/catsnivel1.catsnivel1_C' with ClassGeneratedBy '/Game/catsnivel1.catsnivel1:PersistentLevel.catsnivel1'
[2015.10.02-01.55.43:505][127]LogBlueprintUserMessages: Early EndPlayMap Detection: Level '/Game/catsnivel1.catsnivel1:PersistentLevel' has LevelScriptBlueprint '/Game/catsnivel1.catsnivel1:PersistentLevel.catsnivel1' with GeneratedClass '/Game/catsnivel1.catsnivel1_C' with ClassGeneratedBy '/Game/catsnivel1.catsnivel1:PersistentLevel.catsnivel1'
[2015.10.02-01.55.43:548][127]LogBlueprintUserMessages: Late EndPlayMap Detection: Level '/Game/catsnivel1.catsnivel1:PersistentLevel' has LevelScriptBlueprint '/Game/catsnivel1.catsnivel1:PersistentLevel.catsnivel1' with GeneratedClass '/Game/catsnivel1.catsnivel1_C' with ClassGeneratedBy '/Game/catsnivel1.catsnivel1:PersistentLevel.catsnivel1'
[2015.10.02-01.55.43:637][128]LogParticles: Destroying 0 GPU particle simulations for FXSystem 0x0000005A94938900
[2015.10.02-01.55.54:927][407]LogBlueprintUserMessages: Early PlayInEditor Detection: Level '/Game/catsnivel1.catsnivel1:PersistentLevel' has LevelScriptBlueprint '/Game/catsnivel1.catsnivel1:PersistentLevel.catsnivel1' with GeneratedClass '/Game/catsnivel1.catsnivel1_C' with ClassGeneratedBy '/Game/catsnivel1.catsnivel1:PersistentLevel.catsnivel1'
[2015.10.02-01.55.54:927][407]LogPlayLevel: PlayLevel: No blueprints needed recompiling
[2015.10.02-01.55.54:927][407]PIE: New page: PIE session: catsnivel1 (Oct 1, 2015, 3:55:54 PM)
[2015.10.02-01.55.54:928][407]LogPlayLevel: Creating play world package: /Game/UEDPIE_0_catsnivel1
[2015.10.02-01.55.54:997][407]LogPlayLevel: PIE: StaticDuplicateObject took: (0.069315s)
[2015.10.02-01.55.55:005][407]LogAIModule: Creating AISystem for world catsnivel1
[2015.10.02-01.55.55:006][407]LogPlayLevel: PIE: World Init took: (0.008503s)
[2015.10.02-01.55.55:006][407]LogPlayLevel: PIE: Created PIE world by copying editor world from /Game/catsnivel1.catsnivel1 to /Game/UEDPIE_0_catsnivel1.catsnivel1 (0.078124s)
[2015.10.02-01.55.55:056][407]LogInit: XAudio2 using 'Speakers (High Definition Audio Device)' : 2 channels at 44.1 kHz using 16 bits per sample (channel mask 0x3)
[2015.10.02-01.55.55:070][407]LogInit: FAudioDevice initialized.
[2015.10.02-01.55.55:120][407]LogWorld: Game class is 'ThirdPersonGameMode_C'
[2015.10.02-01.55.55:140][407]LogWorld: Bringing World /Game/UEDPIE_0_catsnivel1.catsnivel1 up for play (max tick rate 0) at 2015.10.01-20.55.55
[2015.10.02-01.55.55:140][407]LogActor:Warning: GameSession /Game/UEDPIE_0_catsnivel1.catsnivel1:PersistentLevel.GameSession_2 has natively added scene component(s), but none of them were set as the actor's RootComponent - picking one arbitrarily
[2015.10.02-01.55.55:141][407]LogActor:Warning: GameNetworkManager /Game/UEDPIE_0_catsnivel1.catsnivel1:PersistentLevel.GameNetworkManager_2 has natively added scene component(s), but none of them were set as the actor's RootComponent - picking one arbitrarily
[2015.10.02-01.55.55:142][407]LogWorld: Bringing up level for play took: 0.020164
[2015.10.02-01.55.55:144][407]PIE: Info Play in editor start time for /Game/UEDPIE_0_catsnivel1 0.167
[2015.10.02-01.55.55:145][407]LogBlueprintUserMessages: Late PlayInEditor Detection: Level '/Game/catsnivel1.catsnivel1:PersistentLevel' has LevelScriptBlueprint '/Game/catsnivel1.catsnivel1:PersistentLevel.catsnivel1' with GeneratedClass '/Game/catsnivel1.catsnivel1_C' with ClassGeneratedBy '/Game/catsnivel1.catsnivel1:PersistentLevel.catsnivel1'
[2015.10.02-01.55.56:089][409]LogBlueprintUserMessages: Early EndPlayMap Detection: Level '/Game/catsnivel1.catsnivel1:PersistentLevel' has LevelScriptBlueprint '/Game/catsnivel1.catsnivel1:PersistentLevel.catsnivel1' with GeneratedClass '/Game/catsnivel1.catsnivel1_C' with ClassGeneratedBy '/Game/catsnivel1.catsnivel1:PersistentLevel.catsnivel1'
[2015.10.02-01.55.56:169][409]LogBlueprintUserMessages: Late EndPlayMap Detection: Level '/Game/catsnivel1.catsnivel1:PersistentLevel' has LevelScriptBlueprint '/Game/catsnivel1.catsnivel1:PersistentLevel.catsnivel1' with GeneratedClass '/Game/catsnivel1.catsnivel1_C' with ClassGeneratedBy '/Game/catsnivel1.catsnivel1:PersistentLevel.catsnivel1'
[2015.10.02-01.55.56:348][410]LogParticles: Destroying 0 GPU particle simulations for FXSystem 0x0000005A94861260
[2015.10.02-01.56.03:608][556]LogEditorViewport: Clicking on Actor (LMB): InteractiveFoliageActor (playground_gatito)
[2015.10.02-01.56.08:336][558]LogPlayLevel: Launcher Device ID: WindowsNoEditor@AGISE
[2015.10.02-01.56.08:364][558]LogPlayLevel: PlayLevel: No blueprints needed recompiling
[2015.10.02-01.56.18:388][741]LogBlueprintUserMessages: Early PlayInEditor Detection: Level '/Game/catsnivel1.catsnivel1:PersistentLevel' has LevelScriptBlueprint '/Game/catsnivel1.catsnivel1:PersistentLevel.catsnivel1' with GeneratedClass '/Game/catsnivel1.catsnivel1_C' with ClassGeneratedBy '/Game/catsnivel1.catsnivel1:PersistentLevel.catsnivel1'
[2015.10.02-01.56.18:388][741]LogPlayLevel: PlayLevel: No blueprints needed recompiling
[2015.10.02-01.56.18:388][741]PIE: New page: PIE session: catsnivel1 (Oct 1, 2015, 3:56:18 PM)
[2015.10.02-01.56.18:388][741]LogPlayLevel: Creating play world package: /Game/UEDPIE_0_catsnivel1
[2015.10.02-01.56.18:464][741]LogPlayLevel: PIE: StaticDuplicateObject took: (0.076074s)
[2015.10.02-01.56.18:466][741]LogAIModule: Creating AISystem for world catsnivel1
[2015.10.02-01.56.18:466][741]LogPlayLevel: PIE: World Init took: (0.001886s)
[2015.10.02-01.56.18:466][741]LogPlayLevel: PIE: Created PIE world by copying editor world from /Game/catsnivel1.catsnivel1 to /Game/UEDPIE_0_catsnivel1.catsnivel1 (0.078271s)
[2015.10.02-01.56.18:548][741]LogInit: XAudio2 using 'Speakers (High Definition Audio Device)' : 2 channels at 44.1 kHz using 16 bits per sample (channel mask 0x3)
[2015.10.02-01.56.18:558][741]LogInit: FAudioDevice initialized.
[2015.10.02-01.56.18:603][741]LogWorld: Game class is 'ThirdPersonGameMode_C'
[2015.10.02-01.56.18:622][741]LogWorld: Bringing World /Game/UEDPIE_0_catsnivel1.catsnivel1 up for play (max tick rate 0) at 2015.10.01-20.56.18
[2015.10.02-01.56.18:622][741]LogActor:Warning: GameSession /Game/UEDPIE_0_catsnivel1.catsnivel1:PersistentLevel.GameSession_3 has natively added scene component(s), but none of them were set as the actor's RootComponent - picking one arbitrarily
[2015.10.02-01.56.18:622][741]LogActor:Warning: GameNetworkManager /Game/UEDPIE_0_catsnivel1.catsnivel1:PersistentLevel.GameNetworkManager_3 has natively added scene component(s), but none of them were set as the actor's RootComponent - picking one arbitrarily
[2015.10.02-01.56.18:624][741]LogWorld: Bringing up level for play took: 0.020005
[2015.10.02-01.56.18:626][741]PIE: Info Play in editor start time for /Game/UEDPIE_0_catsnivel1 -0.351
[2015.10.02-01.56.18:626][741]LogBlueprintUserMessages: Late PlayInEditor Detection: Level '/Game/catsnivel1.catsnivel1:PersistentLevel' has LevelScriptBlueprint '/Game/catsnivel1.catsnivel1:PersistentLevel.catsnivel1' with GeneratedClass '/Game/catsnivel1.catsnivel1_C' with ClassGeneratedBy '/Game/catsnivel1.catsnivel1:PersistentLevel.catsnivel1'
[2015.10.02-01.57.13:420][450]LogWindowsTextInputMethodSystem:Display: IME system now deactivated.
[2015.10.02-01.57.13:841][450]LogBlueprintUserMessages: Early EndPlayMap Detection: Level '/Game/catsnivel1.catsnivel1:PersistentLevel' has LevelScriptBlueprint '/Game/catsnivel1.catsnivel1:PersistentLevel.catsnivel1' with GeneratedClass '/Game/catsnivel1.catsnivel1_C' with ClassGeneratedBy '/Game/catsnivel1.catsnivel1:PersistentLevel.catsnivel1'
[2015.10.02-01.57.13:879][450]LogBlueprintUserMessages: Late EndPlayMap Detection: Level '/Game/catsnivel1.catsnivel1:PersistentLevel' has LevelScriptBlueprint '/Game/catsnivel1.catsnivel1:PersistentLevel.catsnivel1' with GeneratedClass '/Game/catsnivel1.catsnivel1_C' with ClassGeneratedBy '/Game/catsnivel1.catsnivel1:PersistentLevel.catsnivel1'
[2015.10.02-01.57.13:952][450]LogParticles: Destroying 0 GPU particle simulations for FXSystem 0x0000005A94860A40
[2015.10.02-01.57.14:112][451]Cmd: QUIT_EDITOR
[2015.10.02-01.57.46:800][451]LogExit: Preparing to exit.
[2015.10.02-01.57.47:458][451]LogExit: Editor shut down
[2015.10.02-01.57.47:462][451]LogExit: Transaction tracking system shut down
[2015.10.02-01.57.47:471][451]LogParticles: Destroying 0 GPU particle simulations for FXSystem 0x0000005A82063920
[2015.10.02-01.57.47:536][451]LogParticles: Destroying 0 GPU particle simulations for FXSystem 0x0000005AE8372840
[2015.10.02-01.57.47:542][451]LogParticles: Destroying 0 GPU particle simulations for FXSystem 0x0000005A82060F40
[2015.10.02-01.57.47:542][451]LogParticles: Destroying 0 GPU particle simulations for FXSystem 0x0000005A84510D60
[2015.10.02-01.57.47:543][451]LogParticles: Destroying 0 GPU particle simulations for FXSystem 0x0000005A904CE8E0
[2015.10.02-01.57.47:544][451]LogParticles: Destroying 0 GPU particle simulations for FXSystem 0x0000005A904CF2E0
[2015.10.02-01.57.47:544][451]LogParticles: Destroying 0 GPU particle simulations for FXSystem 0x0000005A904CE340
[2015.10.02-01.57.47:544][451]LogParticles: Destroying 0 GPU particle simulations for FXSystem 0x0000005A837A6980
[2015.10.02-01.57.48:311][451]LogExit: Object subsystem successfully closed.
[2015.10.02-01.57.48:508][451]LogD3D11RHI: Shutdown
[2015.10.02-01.57.48:508][451]LogD3D11RHI: CleanupD3DDevice
[2015.10.02-01.57.48:775][451]LogD3D11RHI: ~FD3D11DynamicRHI
[2015.10.02-01.57.49:121][451]LogModuleManager: Shutting down and abandoning module LauncherServices (200)
[2015.10.02-01.57.49:121][451]LogModuleManager: Shutting down and abandoning module CrashTracker (199)
[2015.10.02-01.57.49:121][451]LogModuleManager: Shutting down and abandoning module SceneOutliner (198)
[2015.10.02-01.57.49:121][451]LogModuleManager: Shutting down and abandoning module SuperSearch (197)
[2015.10.02-01.57.49:121][451]LogModuleManager: Shutting down and abandoning module WidgetCarousel (196)
[2015.10.02-01.57.49:121][451]LogModuleManager: Shutting down and abandoning module AddContentDialog (195)
[2015.10.02-01.57.49:136][451]LogModuleManager: Shutting down and abandoning module EditorWidgets (194)
[2015.10.02-01.57.49:137][451]LogModuleManager: Shutting down and abandoning module CollectionManager (193)
[2015.10.02-01.57.49:137][451]LogModuleManager: Shutting down and abandoning module StatsViewer (192)
[2015.10.02-01.57.49:144][451]LogModuleManager: Shutting down and abandoning module FoliageEdit (191)
[2015.10.02-01.57.49:144][451]LogModuleManager: Shutting down and abandoning module LandscapeEditor (190)
[2015.10.02-01.57.49:154][451]LogModuleManager: Shutting down and abandoning module ActorPickerMode (189)
[2015.10.02-01.57.49:154][451]LogModuleManager: Shutting down and abandoning module GeometryMode (188)
[2015.10.02-01.57.49:154][451]LogModuleManager: Shutting down and abandoning module TextureAlignMode (187)
[2015.10.02-01.57.49:155][451]LogModuleManager: Shutting down and abandoning module BspMode (186)
[2015.10.02-01.57.49:155][451]LogModuleManager: Shutting down and abandoning module PlacementMode (185)
[2015.10.02-01.57.49:155][451]LogModuleManager: Shutting down and abandoning module AutomationWorker (184)
[2015.10.02-01.57.49:155][451]LogModuleManager: Shutting down and abandoning module CharacterAI (183)
[2015.10.02-01.57.49:155][451]LogModuleManager: Shutting down and abandoning module SmartSnapping (182)
[2015.10.02-01.57.49:155][451]LogModuleManager: Shutting down and abandoning module ViewportSnapping (181)
[2015.10.02-01.57.49:155][451]LogModuleManager: Shutting down and abandoning module LogVisualizer (180)
[2015.10.02-01.57.49:155][451]LogModuleManager: Shutting down and abandoning module GameProjectGeneration (179)
[2015.10.02-01.57.49:155][451]LogModuleManager: Shutting down and abandoning module IntroTutorials (178)
[2015.10.02-01.57.49:175][451]LogModuleManager: Shutting down and abandoning module EditorLiveStreaming (177)
[2015.10.02-01.57.49:175][451]LogModuleManager: Shutting down and abandoning module IOSPlatformEditor (176)
[2015.10.02-01.57.49:182][451]LogModuleManager: Shutting down and abandoning module HTML5PlatformEditor (175)
[2015.10.02-01.57.49:182][451]LogModuleManager: Shutting down and abandoning module AndroidDeviceDetection (174)
[2015.10.02-01.57.50:021][451]LogModuleManager: Shutting down and abandoning module AndroidPlatformEditor (173)
[2015.10.02-01.57.50:021][451]LogModuleManager: Shutting down and abandoning module IOSRuntimeSettings (172)
[2015.10.02-01.57.50:021][451]LogModuleManager: Shutting down and abandoning module AndroidRuntimeSettings (171)
[2015.10.02-01.57.50:021][451]LogModuleManager: Shutting down and abandoning module MergeActors (170)
[2015.10.02-01.57.50:021][451]LogModuleManager: Shutting down and abandoning module SizeMap (169)
[2015.10.02-01.57.50:021][451]LogModuleManager: Shutting down and abandoning module TreeMap (168)
[2015.10.02-01.57.50:022][451]LogModuleManager: Shutting down and abandoning module ReferenceViewer (167)
[2015.10.02-01.57.50:022][451]LogModuleManager: Shutting down and abandoning module LocalizationService (166)
[2015.10.02-01.57.50:022][451]LogModuleManager: Shutting down and abandoning module LocalizationDashboard (165)
[2015.10.02-01.57.50:058][451]LogModuleManager: Shutting down and abandoning module HardwareTargeting (164)
[2015.10.02-01.57.50:058][451]LogModuleManager: Shutting down and abandoning module DeviceProfileEditor (163)
[2015.10.02-01.57.50:058][451]LogModuleManager: Shutting down and abandoning module UndoHistory (162)
[2015.10.02-01.57.50:070][451]LogModuleManager: Shutting down and abandoning module GameplayTagsEditor (161)
[2015.10.02-01.57.50:070][451]LogModuleManager: Shutting down and abandoning module UserFeedback (160)
[2015.10.02-01.57.50:070][451]LogModuleManager: Shutting down and abandoning module XmlParser (159)
[2015.10.02-01.57.50:070][451]LogModuleManager: Shutting down and abandoning module Blutility (158)
[2015.10.02-01.57.50:070][451]LogModuleManager: Shutting down and abandoning module ProjectTargetPlatformEditor (157)
[2015.10.02-01.57.50:070][451]LogModuleManager: Shutting down and abandoning module ProjectSettingsViewer (156)
[2015.10.02-01.57.50:070][451]LogModuleManager: Shutting down and abandoning module InputBindingEditor (155)
[2015.10.02-01.57.50:082][451]LogModuleManager: Shutting down and abandoning module EditorSettingsViewer (154)
[2015.10.02-01.57.50:082][451]LogModuleManager: Shutting down and abandoning module SettingsEditor (153)
[2015.10.02-01.57.50:083][451]LogModuleManager: Shutting down and abandoning module ProjectLauncher (152)
[2015.10.02-01.57.50:108][451]LogModuleManager: Shutting down and abandoning module SessionFrontend (151)
[2015.10.02-01.57.50:116][451]LogModuleManager: Shutting down and abandoning module ProfilerClient (150)
[2015.10.02-01.57.50:116][451]LogModuleManager: Shutting down and abandoning module TargetDeviceServices (149)
[2015.10.02-01.57.50:116][451]LogModuleManager: Shutting down and abandoning module DeviceManager (148)
[2015.10.02-01.57.50:129][451]LogModuleManager: Shutting down and abandoning module AutomationController (147)
[2015.10.02-01.57.50:129][451]LogModuleManager: Shutting down and abandoning module AutomationWindow (146)
[2015.10.02-01.57.50:143][451]LogModuleManager: Shutting down and abandoning module Layers (145)
[2015.10.02-01.57.50:156][451]LogModuleManager: Shutting down and abandoning module ComponentVisualizers (144)
[2015.10.02-01.57.50:156][451]LogModuleManager: Shutting down and abandoning module DetailCustomizations (143)
[2015.10.02-01.57.50:156][451]LogModuleManager: Shutting down and abandoning module PackagesDialog (142)
[2015.10.02-01.57.50:157][451]LogModuleManager: Shutting down and abandoning module Persona (141)
[2015.10.02-01.57.50:171][451]LogModuleManager: Shutting down and abandoning module Kismet (140)
[2015.10.02-01.57.50:171][451]LogModuleManager: Shutting down and abandoning module GraphEditor (139)
[2015.10.02-01.57.50:171][451]LogModuleManager: Shutting down and abandoning module ClassViewer (138)
[2015.10.02-01.57.50:171][451]LogModuleManager: Shutting down and abandoning module Toolbox (137)
[2015.10.02-01.57.50:171][451]LogModuleManager: Shutting down and abandoning module ModuleUI (136)
[2015.10.02-01.57.50:172][451]LogModuleManager: Shutting down and abandoning module MovieSceneTools (135)
[2015.10.02-01.57.50:179][451]LogModuleManager: Shutting down and abandoning module OutputLog (134)
[2015.10.02-01.57.50:186][451]LogModuleManager: Shutting down and abandoning module GammaUI (133)
[2015.10.02-01.57.50:187][451]LogModuleManager: Shutting down and abandoning module Documentation (132)
[2015.10.02-01.57.50:187][451]LogModuleManager: Shutting down and abandoning module GameLiveStreaming (131)
[2015.10.02-01.57.50:187][451]LogModuleManager: Shutting down and abandoning module StreamingPauseRendering (130)
[2015.10.02-01.57.50:187][451]LogModuleManager: Shutting down and abandoning module AnalyticsET (129)
[2015.10.02-01.57.50:187][451]LogModuleManager: Shutting down and abandoning module Analytics (128)
[2015.10.02-01.57.50:187][451]LogModuleManager: Shutting down and abandoning module AITestSuite (127)
[2015.10.02-01.57.50:199][451]LogModuleManager: Shutting down and abandoning module GameplayDebugger (126)
[2015.10.02-01.57.50:199][451]LogModuleManager: Shutting down and abandoning module AIModule (125)
[2015.10.02-01.57.50:199][451]LogModuleManager: Shutting down and abandoning module ProfilerService (124)
[2015.10.02-01.57.50:439][451]LogModuleManager: Shutting down and abandoning module TaskGraph (123)
[2015.10.02-01.57.50:472][451]LogModuleManager: Shutting down and abandoning module SubstanceEditor (122)
[2015.10.02-01.57.50:483][451]LogModuleManager: Shutting down and abandoning module SlateRemote (121)
[2015.10.02-01.57.50:483][451]LogModuleManager: Shutting down and abandoning module SteamVRController (120)
[2015.10.02-01.57.50:483][451]LogModuleManager: Shutting down and abandoning module SteamVR (119)
[2015.10.02-01.57.50:483][451]LogModuleManager: Shutting down and abandoning module ProceduralMeshComponent (118)
[2015.10.02-01.57.50:483][451]LogModuleManager: Shutting down and abandoning module OculusRift (117)
[2015.10.02-01.57.50:483][451]LogModuleManager: Shutting down and abandoning module OculusLibrary (116)
[2015.10.02-01.57.50:483][451]LogModuleManager: Shutting down and abandoning module LeapMotionController (115)
[2015.10.02-01.57.50:518][451]LogModuleManager: Shutting down and abandoning module CustomMeshComponent (114)
[2015.10.02-01.57.50:518][451]LogModuleManager: Shutting down and abandoning module CableComponent (113)
[2015.10.02-01.57.50:518][451]LogModuleManager: Shutting down and abandoning module ArchVisCharacter (112)
[2015.10.02-01.57.50:518][451]LogModuleManager: Shutting down and abandoning module MessagingDebugger (111)
[2015.10.02-01.57.50:536][451]LogModuleManager: Shutting down and abandoning module MediaPlayerEditor (110)
[2015.10.02-01.57.50:541][451]LogModuleManager: Shutting down and abandoning module HTML5Networking (109)
[2015.10.02-01.57.50:541][451]LogModuleManager: Shutting down and abandoning module SpeedTreeImporter (108)
[2015.10.02-01.57.50:541][451]LogModuleManager: Shutting down and abandoning module PluginBrowser (107)
[2015.10.02-01.57.50:545][451]LogModuleManager: Shutting down and abandoning module EpicSurvey (106)
[2015.10.02-01.57.50:545][451]LogModuleManager: Shutting down and abandoning module DesktopPlatform (105)
[2015.10.02-01.57.50:545][451]LogModuleManager: Shutting down and abandoning module VisualStudioSourceCodeAccess (104)
[2015.10.02-01.57.50:545][451]LogModuleManager: Shutting down and abandoning module UObjectPlugin (103)
[2015.10.02-01.57.50:545][451]LogModuleManager: Shutting down and abandoning module SubversionSourceControl (102)
[2015.10.02-01.57.50:545][451]LogModuleManager: Shutting down and abandoning module PerforceSourceControl (101)
[2015.10.02-01.57.50:545][451]LogModuleManager: Shutting down and abandoning module SourceControl (100)
[2015.10.02-01.57.50:546][451]LogModuleManager: Shutting down and abandoning module GitSourceControl (99)
[2015.10.02-01.57.50:546][451]LogModuleManager: Shutting down and abandoning module LightPropagationVolumeEditor (98)
[2015.10.02-01.57.50:546][451]LogModuleManager: Shutting down and abandoning module PaperTiledImporter (97)
[2015.10.02-01.57.50:546][451]LogModuleManager: Shutting down and abandoning module PaperSpriteSheetImporter (96)
[2015.10.02-01.57.50:546][451]LogModuleManager: Shutting down and abandoning module MeshPaint (95)
[2015.10.02-01.57.50:546][451]LogModuleManager: Shutting down and abandoning module SlateReflector (94)
[2015.10.02-01.57.50:554][451]LogModuleManager: Shutting down and abandoning module HotReload (93)
[2015.10.02-01.57.50:554][451]LogModuleManager: Shutting down and abandoning module MainFrame (92)
[2015.10.02-01.57.50:554][451]LogModuleManager: Shutting down and abandoning module LevelEditor (91)
[2015.10.02-01.57.50:566][451]LogModuleManager: Shutting down and abandoning module ContentBrowser (90)
[2015.10.02-01.57.50:569][451]LogModuleManager: Shutting down and abandoning module Paper2DEditor (89)
[2015.10.02-01.57.50:573][451]LogModuleManager: Shutting down and abandoning module UdpMessaging (88)
[2015.10.02-01.57.50:674][451]LogModuleManager: Shutting down and abandoning module DirectoryWatcher (87)
[2015.10.02-01.57.50:677][451]LogModuleManager: Shutting down and abandoning module AssetRegistry (86)
[2015.10.02-01.57.50:841][451]LogModuleManager: Shutting down and abandoning module SubstanceCore (85)
[2015.10.02-01.57.50:854][451]LogModuleManager: Shutting down and abandoning module LightPropagationVolumeRuntime (84)
[2015.10.02-01.57.50:854][451]LogModuleManager: Shutting down and abandoning module Paper2D (83)
[2015.10.02-01.57.50:861][451]LogModuleManager: Shutting down and abandoning module WindowsMoviePlayer (82)
[2015.10.02-01.57.50:867][451]LogModuleManager: Shutting down and abandoning module Media (81)
[2015.10.02-01.57.50:867][451]LogModuleManager: Shutting down and abandoning module WmfMedia (80)
[2015.10.02-01.57.50:877][451]LogModuleManager: Shutting down and abandoning module OnlineBlueprintSupport (79)
[2015.10.02-01.57.50:877][451]LogModuleManager: Shutting down and abandoning module GameplayTasksEditor (78)
[2015.10.02-01.57.50:877][451]LogModuleManager: Shutting down and abandoning module PropertyEditor (77)
[2015.10.02-01.57.50:877][451]LogModuleManager: Shutting down and abandoning module BehaviorTreeEditor (76)
[2015.10.02-01.57.50:889][451]LogModuleManager: Shutting down and abandoning module FunctionalTesting (75)
[2015.10.02-01.57.50:889][451]LogModuleManager: Shutting down and abandoning module CollisionAnalyzer (74)
[2015.10.02-01.57.50:889][451]LogModuleManager: Shutting down and abandoning module WorkspaceMenuStructure (73)
[2015.10.02-01.57.50:889][451]LogModuleManager: Shutting down and abandoning module MessageLog (72)
[2015.10.02-01.57.50:889][451]LogModuleManager: Shutting down and abandoning module Sequencer (71)
[2015.10.02-01.57.50:899][451]LogModuleManager: Shutting down and abandoning module AssetTools (70)
[2015.10.02-01.57.50:911][451]LogModuleManager: Shutting down and abandoning module UMGEditor (69)
[2015.10.02-01.57.50:911][451]LogModuleManager: Shutting down and abandoning module UMG (68)
[2015.10.02-01.57.50:911][451]LogModuleManager: Shutting down and abandoning module Slate (67)
[2015.10.02-01.57.50:911][451]LogModuleManager: Shutting down and abandoning module EditorStyle (66)
[2015.10.02-01.57.50:915][451]LogModuleManager: Shutting down and abandoning module SessionServices (65)
[2015.10.02-01.57.50:915][451]LogModuleManager: Shutting down and abandoning module SourceCodeAccess (64)
[2015.10.02-01.57.50:915][451]LogModuleManager: Shutting down and abandoning module HeadMountedDisplay (63)
[2015.10.02-01.57.50:915][451]LogModuleManager: Shutting down and abandoning module XAudio2 (62)
[2015.10.02-01.57.50:915][451]LogModuleManager: Shutting down and abandoning module Networking (60)
[2015.10.02-01.57.50:915][451]LogModuleManager: Shutting down and abandoning module Core (59)
[2015.10.02-01.57.50:915][451]LogModuleManager: Shutting down and abandoning module KismetCompiler (58)
[2015.10.02-01.57.50:915][451]LogModuleManager: Shutting down and abandoning module PhysXFormats (57)
[2015.10.02-01.57.50:915][451]LogModuleManager: Shutting down and abandoning module MeshUtilities (56)
[2015.10.02-01.57.50:915][451]LogModuleManager: Shutting down and abandoning module CookingStats (55)
[2015.10.02-01.57.50:920][451]LogModuleManager: Shutting down and abandoning module DerivedDataCache (54)
[2015.10.02-01.57.50:950][451]LogDerivedDataCache: Shutdown
[2015.10.02-01.57.50:950][451]LogModuleManager: Shutting down and abandoning module ShaderFormatOpenGL (53)
[2015.10.02-01.57.50:950][451]LogModuleManager: Shutting down and abandoning module ShaderFormatD3D (52)
[2015.10.02-01.57.50:950][451]LogModuleManager: Shutting down and abandoning module MetalShaderFormat (51)
[2015.10.02-01.57.50:956][451]LogModuleManager: Shutting down and abandoning module TextureFormatUncompressed (50)
[2015.10.02-01.57.50:956][451]LogModuleManager: Shutting down and abandoning module TextureFormatPVR (49)
[2015.10.02-01.57.50:956][451]LogModuleManager: Shutting down and abandoning module TextureFormatIntelISPCTexComp (48)
[2015.10.02-01.57.50:957][451]LogModuleManager: Shutting down and abandoning module TextureFormatDXT (47)
[2015.10.02-01.57.50:957][451]LogModuleManager: Shutting down and abandoning module ImageWrapper (46)
[2015.10.02-01.57.50:957][451]LogModuleManager: Shutting down and abandoning module TextureFormatASTC (45)
[2015.10.02-01.57.50:957][451]LogModuleManager: Shutting down and abandoning module TextureFormatAndroid (44)
[2015.10.02-01.57.50:957][451]LogModuleManager: Shutting down and abandoning module AudioFormatOpus (43)
[2015.10.02-01.57.50:957][451]LogModuleManager: Shutting down and abandoning module AudioFormatOgg (42)
[2015.10.02-01.57.50:957][451]LogModuleManager: Shutting down and abandoning module AudioFormatADPCM (41)
[2015.10.02-01.57.50:957][451]LogModuleManager: Shutting down and abandoning module LinuxTargetPlatform (40)
[2015.10.02-01.57.50:957][451]LogModuleManager: Shutting down and abandoning module LinuxServerTargetPlatform (39)
[2015.10.02-01.57.50:957][451]LogModuleManager: Shutting down and abandoning module LinuxNoEditorTargetPlatform (38)
[2015.10.02-01.57.50:957][451]LogModuleManager: Shutting down and abandoning module Messaging (37)
[2015.10.02-01.57.50:957][451]LogModuleManager: Shutting down and abandoning module IOSTargetPlatform (36)
[2015.10.02-01.57.50:957][451]LogModuleManager: Shutting down and abandoning module HTML5TargetPlatform (35)
[2015.10.02-01.57.50:957][451]LogModuleManager: Shutting down and abandoning module Android_PVRTCTargetPlatform (34)
[2015.10.02-01.57.50:957][451]LogModuleManager: Shutting down and abandoning module Android_ETC2TargetPlatform (33)
[2015.10.02-01.57.50:957][451]LogModuleManager: Shutting down and abandoning module Android_ETC1TargetPlatform (32)
[2015.10.02-01.57.50:957][451]LogModuleManager: Shutting down and abandoning module Android_DXTTargetPlatform (31)
[2015.10.02-01.57.50:957][451]LogModuleManager: Shutting down and abandoning module Android_ATCTargetPlatform (30)
[2015.10.02-01.57.50:957][451]LogModuleManager: Shutting down and abandoning module Android_ASTCTargetPlatform (29)
[2015.10.02-01.57.50:957][451]LogModuleManager: Shutting down and abandoning module AndroidTargetPlatform (28)
[2015.10.02-01.57.50:957][451]LogModuleManager: Shutting down and abandoning module WindowsTargetPlatform (27)
[2015.10.02-01.57.50:957][451]LogModuleManager: Shutting down and abandoning module WindowsServerTargetPlatform (26)
[2015.10.02-01.57.50:957][451]LogModuleManager: Shutting down and abandoning module WindowsNoEditorTargetPlatform (25)
[2015.10.02-01.57.50:957][451]LogModuleManager: Shutting down and abandoning module WindowsClientTargetPlatform (24)
[2015.10.02-01.57.50:957][451]LogModuleManager: Shutting down and abandoning module AllDesktopTargetPlatform (23)
[2015.10.02-01.57.50:957][451]LogModuleManager: Shutting down and abandoning module TargetPlatform (22)
[2015.10.02-01.57.50:957][451]LogModuleManager: Shutting down and abandoning module InputCore (21)
[2015.10.02-01.57.50:957][451]LogModuleManager: Shutting down and abandoning module Settings (20)
[2015.10.02-01.57.50:957][451]LogModuleManager: Shutting down and abandoning module OnlineSubsystem (18)
[2015.10.02-01.57.50:958][451]LogModuleManager: Shutting down and abandoning module HTTP (17)
[2015.10.02-01.57.54:463][451]LogModuleManager: Shutting down and abandoning module XMPP (16)
[2015.10.02-01.57.54:488][451]LogModuleManager: Shutting down and abandoning module ExampleDeviceProfileSelector (15)
[2015.10.02-01.57.54:488][451]LogModuleManager: Shutting down and abandoning module TextureCompressor (14)
[2015.10.02-01.57.54:488][451]LogModuleManager: Shutting down and abandoning module ShaderCore (13)
[2015.10.02-01.57.54:488][451]LogModuleManager: Shutting down and abandoning module Landscape (12)
[2015.10.02-01.57.54:488][451]LogModuleManager: Shutting down and abandoning module SlateRHIRenderer (11)
[2015.10.02-01.57.54:509][451]LogModuleManager: Shutting down and abandoning module OpenGLDrv (10)
[2015.10.02-01.57.54:513][451]LogModuleManager: Shutting down and abandoning module D3D11RHI (9)
[2015.10.02-01.57.54:513][451]LogModuleManager: Shutting down and abandoning module AnimGraphRuntime (8)
[2015.10.02-01.57.54:513][451]LogModuleManager: Shutting down and abandoning module Renderer (7)
[2015.10.02-01.57.54:513][451]LogModuleManager: Shutting down and abandoning module Engine (6)
[2015.10.02-01.57.54:513][451]LogModuleManager: Shutting down and abandoning module CoreUObject (5)
[2015.10.02-01.57.54:513][451]LogModuleManager: Shutting down and abandoning module NetworkFile (4)
[2015.10.02-01.57.54:513][451]LogModuleManager: Shutting down and abandoning module StreamingFile (3)
[2015.10.02-01.57.54:513][451]LogModuleManager: Shutting down and abandoning module SandboxFile (2)
[2015.10.02-01.57.54:513][451]LogModuleManager: Shutting down and abandoning module PakFile (1)
[2015.10.02-01.57.54:518][451]LogExit: Exiting.
[2015.10.02-01.57.54:584][451]Log file closed, 10/01/15 20:57:54
